[ 2017-09-15T15:14:31+08:00 ] ::1 /yzzh/ytsoft.php?s=/Home/Virtuality/goodscatelist
INFO: [ app_begin ] --START--
INFO: Run Behavior\ReadHtmlCacheBehavior [ RunTime:0.000496s ]
INFO: Run Behavior\CheckLangBehavior [ RunTime:0.001937s ]
INFO: [ app_begin ] --END-- [ RunTime:0.002584s ]

[ 2017-09-15T15:14:34+08:00 ] ::1 /yzzh/ytsoft.php?s=/Home/Virtuality/upload
ERR: è°ƒè¯•çš„$_FILESï¼š{"files":{"name":["man.mtl"],"type":["application\/octet-stream"],"tmp_name":["F:\\wamp64\\tmp\\php70CD.tmp"],"error":[0],"size":[965]}}
[ 2017-09-15T15:14:34+08:00 ] ::1 /yzzh/ytsoft.php?s=/Home/Virtuality/upload
ERR: $file_path£º".\/Uploads\/thumb\/2017-09-15\/1505459674_2096229978.mtl"
[ 2017-09-15T15:14:34+08:00 ] ::1 /yzzh/ytsoft.php?s=/Home/Virtuality/upload
INFO: [ app_begin ] --START--
INFO: Run Behavior\ReadHtmlCacheBehavior [ RunTime:0.000718s ]
INFO: Run Behavior\CheckLangBehavior [ RunTime:0.001190s ]
INFO: [ app_begin ] --END-- [ RunTime:0.002065s ]
NOTIC: [2] call_user_func() expects parameter 1 to be a valid callback, no array or string given F:\wamp64\www\yzzh\ThinkPHP\Library\Think\Upload.class.php ç¬¬ 175 è¡Œ.

[ 2017-09-15T15:14:34+08:00 ] ::1 /yzzh/ytsoft.php?s=/Home/Virtuality/mtlinfo
INFO: [ app_begin ] --START--
INFO: Run Behavior\ReadHtmlCacheBehavior [ RunTime:0.000487s ]
INFO: Run Behavior\CheckLangBehavior [ RunTime:0.000970s ]
INFO: [ app_begin ] --END-- [ RunTime:0.001535s ]

[ 2017-09-15T15:15:23+08:00 ] ::1 /yzzh/ytsoft.php?s=/Home/Virtuality/goodscatelist
INFO: [ app_begin ] --START--
INFO: Run Behavior\ReadHtmlCacheBehavior [ RunTime:0.000603s ]
INFO: Run Behavior\CheckLangBehavior [ RunTime:0.000986s ]
INFO: [ app_begin ] --END-- [ RunTime:0.001686s ]

[ 2017-09-15T15:15:26+08:00 ] ::1 /yzzh/ytsoft.php?s=/Home/Virtuality/upload
ERR: è°ƒè¯•çš„$_FILESï¼š{"files":{"name":["man.mtl"],"type":["application\/octet-stream"],"tmp_name":["F:\\wamp64\\tmp\\php3E31.tmp"],"error":[0],"size":[965]}}
[ 2017-09-15T15:15:26+08:00 ] ::1 /yzzh/ytsoft.php?s=/Home/Virtuality/upload
ERR: $file_path£º".\/Uploads\/thumb\/2017-09-15\/1505459726_807361387.mtl"
[ 2017-09-15T15:15:26+08:00 ] ::1 /yzzh/ytsoft.php?s=/Home/Virtuality/upload
INFO: [ app_begin ] --START--
INFO: Run Behavior\ReadHtmlCacheBehavior [ RunTime:0.000646s ]
INFO: Run Behavior\CheckLangBehavior [ RunTime:0.001134s ]
INFO: [ app_begin ] --END-- [ RunTime:0.001906s ]
NOTIC: [2] call_user_func() expects parameter 1 to be a valid callback, no array or string given F:\wamp64\www\yzzh\ThinkPHP\Library\Think\Upload.class.php ç¬¬ 175 è¡Œ.
NOTIC: [2] unlink(./Uploads/thumb/2017-09-15/1505459726_807361387.mtl): Permission denied F:\wamp64\www\yzzh\Application\Home\Controller\VirtualityController.class.php ç¬¬ 99 è¡Œ.
NOTIC: [2] unlink(./Uploads/thumb/2017-09-15/1505459726_807361387.mtl): Permission denied F:\wamp64\www\yzzh\Application\Home\Controller\VirtualityController.class.php ç¬¬ 99 è¡Œ.
NOTIC: [2] unlink(./Uploads/thumb/2017-09-15/1505459726_807361387.mtl): Permission denied F:\wamp64\www\yzzh\Application\Home\Controller\VirtualityController.class.php ç¬¬ 99 è¡Œ.

[ 2017-09-15T15:15:27+08:00 ] ::1 /yzzh/ytsoft.php?s=/Home/Virtuality/mtlinfo
INFO: [ app_begin ] --START--
INFO: Run Behavior\ReadHtmlCacheBehavior [ RunTime:0.000565s ]
INFO: Run Behavior\CheckLangBehavior [ RunTime:0.000952s ]
INFO: [ app_begin ] --END-- [ RunTime:0.001624s ]

[ 2017-09-15T15:15:51+08:00 ] ::1 /yzzh/ytsoft.php?s=/Home/Virtuality/upload
ERR: è°ƒè¯•çš„$_FILESï¼š{"files":{"name":["man.mtl"],"type":["application\/octet-stream"],"tmp_name":["F:\\wamp64\\tmp\\php9E82.tmp"],"error":[0],"size":[965]}}
[ 2017-09-15T15:15:51+08:00 ] ::1 /yzzh/ytsoft.php?s=/Home/Virtuality/upload
ERR: $file_path£º".\/Uploads\/thumb\/2017-09-15\/1505459751_539118847.mtl"
[ 2017-09-15T15:15:51+08:00 ] ::1 /yzzh/ytsoft.php?s=/Home/Virtuality/upload
INFO: [ app_begin ] --START--
INFO: Run Behavior\ReadHtmlCacheBehavior [ RunTime:0.000530s ]
INFO: Run Behavior\CheckLangBehavior [ RunTime:0.001016s ]
INFO: [ app_begin ] --END-- [ RunTime:0.001636s ]
NOTIC: [2] call_user_func() expects parameter 1 to be a valid callback, no array or string given F:\wamp64\www\yzzh\ThinkPHP\Library\Think\Upload.class.php ç¬¬ 175 è¡Œ.
NOTIC: [2] unlink(./Uploads/thumb/2017-09-15/1505459751_539118847.mtl): Permission denied F:\wamp64\www\yzzh\Application\Home\Controller\VirtualityController.class.php ç¬¬ 99 è¡Œ.
NOTIC: [2] unlink(./Uploads/thumb/2017-09-15/1505459751_539118847.mtl): Permission denied F:\wamp64\www\yzzh\Application\Home\Controller\VirtualityController.class.php ç¬¬ 99 è¡Œ.
NOTIC: [2] unlink(./Uploads/thumb/2017-09-15/1505459751_539118847.mtl): Permission denied F:\wamp64\www\yzzh\Application\Home\Controller\VirtualityController.class.php ç¬¬ 99 è¡Œ.

[ 2017-09-15T15:15:52+08:00 ] ::1 /yzzh/ytsoft.php?s=/Home/Virtuality/mtlinfo
INFO: [ app_begin ] --START--
INFO: Run Behavior\ReadHtmlCacheBehavior [ RunTime:0.001441s ]
INFO: Run Behavior\CheckLangBehavior [ RunTime:0.001156s ]
INFO: [ app_begin ] --END-- [ RunTime:0.002831s ]

[ 2017-09-15T15:16:05+08:00 ] ::1 /yzzh/ytsoft.php?s=/Home/Virtuality/upload
ERR: è°ƒè¯•çš„$_FILESï¼š{"files":{"name":["man.mtl"],"type":["application\/octet-stream"],"tmp_name":["F:\\wamp64\\tmp\\phpD458.tmp"],"error":[0],"size":[965]}}
[ 2017-09-15T15:16:05+08:00 ] ::1 /yzzh/ytsoft.php?s=/Home/Virtuality/upload
ERR: $file_path£º".\/Uploads\/thumb\/2017-09-15\/1505459765_819139343.mtl"
[ 2017-09-15T15:16:05+08:00 ] ::1 /yzzh/ytsoft.php?s=/Home/Virtuality/upload
INFO: [ app_begin ] --START--
INFO: Run Behavior\ReadHtmlCacheBehavior [ RunTime:0.000582s ]
INFO: Run Behavior\CheckLangBehavior [ RunTime:0.000976s ]
INFO: [ app_begin ] --END-- [ RunTime:0.001662s ]
NOTIC: [2] call_user_func() expects parameter 1 to be a valid callback, no array or string given F:\wamp64\www\yzzh\ThinkPHP\Library\Think\Upload.class.php ç¬¬ 175 è¡Œ.
NOTIC: [2] unlink(./Uploads/thumb/2017-09-15/1505459765_819139343.mtl): Permission denied F:\wamp64\www\yzzh\Application\Home\Controller\VirtualityController.class.php ç¬¬ 99 è¡Œ.
NOTIC: [2] unlink(./Uploads/thumb/2017-09-15/1505459765_819139343.mtl): Permission denied F:\wamp64\www\yzzh\Application\Home\Controller\VirtualityController.class.php ç¬¬ 99 è¡Œ.
NOTIC: [2] unlink(./Uploads/thumb/2017-09-15/1505459765_819139343.mtl): Permission denied F:\wamp64\www\yzzh\Application\Home\Controller\VirtualityController.class.php ç¬¬ 99 è¡Œ.

[ 2017-09-15T15:16:06+08:00 ] ::1 /yzzh/ytsoft.php?s=/Home/Virtuality/mtlinfo
INFO: [ app_begin ] --START--
INFO: Run Behavior\ReadHtmlCacheBehavior [ RunTime:0.000600s ]
INFO: Run Behavior\CheckLangBehavior [ RunTime:0.001100s ]
INFO: [ app_begin ] --END-- [ RunTime:0.001799s ]

[ 2017-09-15T15:16:17+08:00 ] ::1 /yzzh/ytsoft.php?s=/Home/Virtuality/goodscatelist
INFO: [ app_begin ] --START--
INFO: Run Behavior\ReadHtmlCacheBehavior [ RunTime:0.000510s ]
INFO: Run Behavior\CheckLangBehavior [ RunTime:0.000853s ]
INFO: [ app_begin ] --END-- [ RunTime:0.001444s ]

[ 2017-09-15T15:16:20+08:00 ] ::1 /yzzh/ytsoft.php?s=/Home/Virtuality/upload
ERR: è°ƒè¯•çš„$_FILESï¼š{"files":{"name":["man.mtl"],"type":["application\/octet-stream"],"tmp_name":["F:\\wamp64\\tmp\\php11CF.tmp"],"error":[0],"size":[965]}}
[ 2017-09-15T15:16:21+08:00 ] ::1 /yzzh/ytsoft.php?s=/Home/Virtuality/upload
ERR: $file_path£º".\/Uploads\/thumb\/2017-09-15\/1505459780_1028722333.mtl"
[ 2017-09-15T15:16:21+08:00 ] ::1 /yzzh/ytsoft.php?s=/Home/Virtuality/upload
INFO: [ app_begin ] --START--
INFO: Run Behavior\ReadHtmlCacheBehavior [ RunTime:0.000450s ]
INFO: Run Behavior\CheckLangBehavior [ RunTime:0.001040s ]
INFO: [ app_begin ] --END-- [ RunTime:0.001611s ]
NOTIC: [2] call_user_func() expects parameter 1 to be a valid callback, no array or string given F:\wamp64\www\yzzh\ThinkPHP\Library\Think\Upload.class.php ç¬¬ 175 è¡Œ.
NOTIC: [2] unlink(./Uploads/thumb/2017-09-15/1505459780_1028722333.mtl): Permission denied F:\wamp64\www\yzzh\Application\Home\Controller\VirtualityController.class.php ç¬¬ 99 è¡Œ.
NOTIC: [2] unlink(./Uploads/thumb/2017-09-15/1505459780_1028722333.mtl): Permission denied F:\wamp64\www\yzzh\Application\Home\Controller\VirtualityController.class.php ç¬¬ 99 è¡Œ.
NOTIC: [2] unlink(./Uploads/thumb/2017-09-15/1505459780_1028722333.mtl): Permission denied F:\wamp64\www\yzzh\Application\Home\Controller\VirtualityController.class.php ç¬¬ 99 è¡Œ.

[ 2017-09-15T15:16:21+08:00 ] ::1 /yzzh/ytsoft.php?s=/Home/Virtuality/mtlinfo
INFO: [ app_begin ] --START--
INFO: Run Behavior\ReadHtmlCacheBehavior [ RunTime:0.000496s ]
INFO: Run Behavior\CheckLangBehavior [ RunTime:0.000980s ]
INFO: [ app_begin ] --END-- [ RunTime:0.001567s ]

[ 2017-09-15T15:17:09+08:00 ] ::1 /yzzh/ytsoft.php?s=/Home/Virtuality/goodscatelist
INFO: [ app_begin ] --START--
INFO: Run Behavior\ReadHtmlCacheBehavior [ RunTime:0.000589s ]
INFO: Run Behavior\CheckLangBehavior [ RunTime:0.001078s ]
INFO: [ app_begin ] --END-- [ RunTime:0.001758s ]

[ 2017-09-15T15:17:12+08:00 ] ::1 /yzzh/ytsoft.php?s=/Home/Virtuality/upload
ERR: è°ƒè¯•çš„$_FILESï¼š{"files":{"name":["man.mtl"],"type":["application\/octet-stream"],"tmp_name":["F:\\wamp64\\tmp\\phpDA9F.tmp"],"error":[0],"size":[965]}}
[ 2017-09-15T15:17:12+08:00 ] ::1 /yzzh/ytsoft.php?s=/Home/Virtuality/upload
ERR: $file_path£º".\/Uploads\/thumb\/2017-09-15\/1505459832_1117556216.mtl"
[ 2017-09-15T15:17:12+08:00 ] ::1 /yzzh/ytsoft.php?s=/Home/Virtuality/upload
INFO: [ app_begin ] --START--
INFO: Run Behavior\ReadHtmlCacheBehavior [ RunTime:0.000590s ]
INFO: Run Behavior\CheckLangBehavior [ RunTime:0.001074s ]
INFO: [ app_begin ] --END-- [ RunTime:0.001752s ]
NOTIC: [2] call_user_func() expects parameter 1 to be a valid callback, no array or string given F:\wamp64\www\yzzh\ThinkPHP\Library\Think\Upload.class.php ç¬¬ 175 è¡Œ.
NOTIC: [2] unlink(./Uploads/thumb/2017-09-15/1505459832_1117556216.mtl): Permission denied F:\wamp64\www\yzzh\Application\Home\Controller\VirtualityController.class.php ç¬¬ 100 è¡Œ.
NOTIC: [2] unlink(./Uploads/thumb/2017-09-15/1505459832_1117556216.mtl): Permission denied F:\wamp64\www\yzzh\Application\Home\Controller\VirtualityController.class.php ç¬¬ 100 è¡Œ.
NOTIC: [2] unlink(./Uploads/thumb/2017-09-15/1505459832_1117556216.mtl): Permission denied F:\wamp64\www\yzzh\Application\Home\Controller\VirtualityController.class.php ç¬¬ 100 è¡Œ.

[ 2017-09-15T15:17:13+08:00 ] ::1 /yzzh/ytsoft.php?s=/Home/Virtuality/mtlinfo
INFO: [ app_begin ] --START--
INFO: Run Behavior\ReadHtmlCacheBehavior [ RunTime:0.000512s ]
INFO: Run Behavior\CheckLangBehavior [ RunTime:0.000977s ]
INFO: [ app_begin ] --END-- [ RunTime:0.001568s ]

[ 2017-09-15T15:17:23+08:00 ] ::1 /yzzh/ytsoft.php?s=/Home/Virtuality/goodscatelist
INFO: [ app_begin ] --START--
INFO: Run Behavior\ReadHtmlCacheBehavior [ RunTime:0.000549s ]
INFO: Run Behavior\CheckLangBehavior [ RunTime:0.000915s ]
INFO: [ app_begin ] --END-- [ RunTime:0.001560s ]

[ 2017-09-15T15:22:22+08:00 ] ::1 /yzzh/ytsoft.php?s=/Home/Virtuality/goodscatelist
INFO: [ app_begin ] --START--
INFO: Run Behavior\ReadHtmlCacheBehavior [ RunTime:0.000527s ]
INFO: Run Behavior\CheckLangBehavior [ RunTime:0.000906s ]
INFO: [ app_begin ] --END-- [ RunTime:0.001512s ]

[ 2017-09-15T15:22:26+08:00 ] ::1 /yzzh/ytsoft.php?s=/Home/Virtuality/upload
ERR: è°ƒè¯•çš„$_FILESï¼š{"files":{"name":["man.mtl"],"type":["application\/octet-stream"],"tmp_name":["F:\\wamp64\\tmp\\phpA493.tmp"],"error":[0],"size":[965]}}
[ 2017-09-15T15:22:26+08:00 ] ::1 /yzzh/ytsoft.php?s=/Home/Virtuality/upload
ERR: $file_path£º".\/Uploads\/thumb\/2017-09-15\/1505460146_1404353407.mtl"
[ 2017-09-15T15:22:26+08:00 ] ::1 /yzzh/ytsoft.php?s=/Home/Virtuality/upload
ERR: $file_path£º".\/Uploads\/thumb\/2017-09-15\/1505460146_1404353407.mtl"
[ 2017-09-15T15:22:26+08:00 ] ::1 /yzzh/ytsoft.php?s=/Home/Virtuality/upload
ERR: $file_path£º".\/Uploads\/thumb\/2017-09-15\/1505460146_1404353407.mtl"
[ 2017-09-15T15:22:26+08:00 ] ::1 /yzzh/ytsoft.php?s=/Home/Virtuality/upload
INFO: [ app_begin ] --START--
INFO: Run Behavior\ReadHtmlCacheBehavior [ RunTime:0.000619s ]
INFO: Run Behavior\CheckLangBehavior [ RunTime:0.001039s ]
INFO: [ app_begin ] --END-- [ RunTime:0.001753s ]
NOTIC: [2] call_user_func() expects parameter 1 to be a valid callback, no array or string given F:\wamp64\www\yzzh\ThinkPHP\Library\Think\Upload.class.php ç¬¬ 175 è¡Œ.
NOTIC: [2] unlink(./Uploads/thumb/2017-09-15/1505460146_1404353407.mtl): Permission denied F:\wamp64\www\yzzh\Application\Home\Controller\VirtualityController.class.php ç¬¬ 99 è¡Œ.
NOTIC: [2] unlink(./Uploads/thumb/2017-09-15/1505460146_1404353407.mtl): Permission denied F:\wamp64\www\yzzh\Application\Home\Controller\VirtualityController.class.php ç¬¬ 99 è¡Œ.
NOTIC: [2] unlink(./Uploads/thumb/2017-09-15/1505460146_1404353407.mtl): Permission denied F:\wamp64\www\yzzh\Application\Home\Controller\VirtualityController.class.php ç¬¬ 99 è¡Œ.

[ 2017-09-15T15:22:27+08:00 ] ::1 /yzzh/ytsoft.php?s=/Home/Virtuality/mtlinfo
INFO: [ app_begin ] --START--
INFO: Run Behavior\ReadHtmlCacheBehavior [ RunTime:0.000712s ]
INFO: Run Behavior\CheckLangBehavior [ RunTime:0.001209s ]
INFO: [ app_begin ] --END-- [ RunTime:0.002020s ]

[ 2017-09-15T15:24:06+08:00 ] ::1 /yzzh/ytsoft.php?s=/Home/Virtuality/goodscatelist
INFO: [ app_begin ] --START--
INFO: Run Behavior\ReadHtmlCacheBehavior [ RunTime:0.000546s ]
INFO: Run Behavior\CheckLangBehavior [ RunTime:0.001052s ]
INFO: [ app_begin ] --END-- [ RunTime:0.001699s ]

[ 2017-09-15T15:24:09+08:00 ] ::1 /yzzh/ytsoft.php?s=/Home/Virtuality/upload
ERR: è°ƒè¯•çš„$_FILESï¼š{"files":{"name":["man.mtl"],"type":["application\/octet-stream"],"tmp_name":["F:\\wamp64\\tmp\\php39EA.tmp"],"error":[0],"size":[965]}}
[ 2017-09-15T15:24:10+08:00 ] ::1 /yzzh/ytsoft.php?s=/Home/Virtuality/upload
ERR: $file_path£º".\/Uploads\/thumb\/2017-09-15\/1505460249_51008971.mtl"
[ 2017-09-15T15:24:10+08:00 ] ::1 /yzzh/ytsoft.php?s=/Home/Virtuality/upload
ERR: $file_path£º".\/Uploads\/thumb\/2017-09-15\/1505460249_51008971.mtl"
[ 2017-09-15T15:24:10+08:00 ] ::1 /yzzh/ytsoft.php?s=/Home/Virtuality/upload
ERR: $file_path£º".\/Uploads\/thumb\/2017-09-15\/1505460249_51008971.mtl"
[ 2017-09-15T15:24:10+08:00 ] ::1 /yzzh/ytsoft.php?s=/Home/Virtuality/upload
INFO: [ app_begin ] --START--
INFO: Run Behavior\ReadHtmlCacheBehavior [ RunTime:0.000614s ]
INFO: Run Behavior\CheckLangBehavior [ RunTime:0.001027s ]
INFO: [ app_begin ] --END-- [ RunTime:0.001769s ]
NOTIC: [2] call_user_func() expects parameter 1 to be a valid callback, no array or string given F:\wamp64\www\yzzh\ThinkPHP\Library\Think\Upload.class.php ç¬¬ 175 è¡Œ.
NOTIC: [2] unlink(./Uploads/thumb/2017-09-15/1505460146_1404353407.mtl): No such file or directory F:\wamp64\www\yzzh\Application\Home\Controller\VirtualityController.class.php ç¬¬ 99 è¡Œ.
NOTIC: [2] unlink(./Uploads/thumb/2017-09-15/1505460146_1404353407.mtl): No such file or directory F:\wamp64\www\yzzh\Application\Home\Controller\VirtualityController.class.php ç¬¬ 99 è¡Œ.

[ 2017-09-15T15:24:10+08:00 ] ::1 /yzzh/ytsoft.php?s=/Home/Virtuality/mtlinfo
INFO: [ app_begin ] --START--
INFO: Run Behavior\ReadHtmlCacheBehavior [ RunTime:0.000482s ]
INFO: Run Behavior\CheckLangBehavior [ RunTime:0.000849s ]
INFO: [ app_begin ] --END-- [ RunTime:0.001420s ]

[ 2017-09-15T15:27:26+08:00 ] ::1 /yzzh/ytsoft.php?s=/Home/Virtuality/goodscatelist
INFO: [ app_begin ] --START--
INFO: Run Behavior\ReadHtmlCacheBehavior [ RunTime:0.001000s ]
INFO: Run Behavior\CheckLangBehavior [ RunTime:0.001064s ]
INFO: [ app_begin ] --END-- [ RunTime:0.002222s ]

[ 2017-09-15T15:27:29+08:00 ] ::1 /yzzh/ytsoft.php?s=/Home/Virtuality/upload
ERR: è°ƒè¯•çš„$_FILESï¼š{"files":{"name":["man.mtl"],"type":["application\/octet-stream"],"tmp_name":["F:\\wamp64\\tmp\\php46FC.tmp"],"error":[0],"size":[965]}}
[ 2017-09-15T15:27:30+08:00 ] ::1 /yzzh/ytsoft.php?s=/Home/Virtuality/upload
ERR: $file_path£º".\/Uploads\/thumb\/2017-09-15\/1505460449_2038215601.mtl"
[ 2017-09-15T15:27:30+08:00 ] ::1 /yzzh/ytsoft.php?s=/Home/Virtuality/upload
ERR: $file_path£º".\/Uploads\/thumb\/2017-09-15\/1505460449_2038215601.mtl"
[ 2017-09-15T15:27:30+08:00 ] ::1 /yzzh/ytsoft.php?s=/Home/Virtuality/upload
ERR: $file_path£º".\/Uploads\/thumb\/2017-09-15\/1505460449_2038215601.mtl"
[ 2017-09-15T15:27:30+08:00 ] ::1 /yzzh/ytsoft.php?s=/Home/Virtuality/upload
INFO: [ app_begin ] --START--
INFO: Run Behavior\ReadHtmlCacheBehavior [ RunTime:0.000566s ]
INFO: Run Behavior\CheckLangBehavior [ RunTime:0.001050s ]
INFO: [ app_begin ] --END-- [ RunTime:0.001704s ]
NOTIC: [2] call_user_func() expects parameter 1 to be a valid callback, no array or string given F:\wamp64\www\yzzh\ThinkPHP\Library\Think\Upload.class.php ç¬¬ 175 è¡Œ.
NOTIC: [2] unlink(./Uploads/thumb/2017-09-15/1505460449_2038215601.mtl): Permission denied F:\wamp64\www\yzzh\Application\Home\Controller\VirtualityController.class.php ç¬¬ 105 è¡Œ.

[ 2017-09-15T15:27:30+08:00 ] ::1 /yzzh/ytsoft.php?s=/Home/Virtuality/mtlinfo
INFO: [ app_begin ] --START--
INFO: Run Behavior\ReadHtmlCacheBehavior [ RunTime:0.000528s ]
INFO: Run Behavior\CheckLangBehavior [ RunTime:0.001004s ]
INFO: [ app_begin ] --END-- [ RunTime:0.001617s ]

[ 2017-09-15T15:31:00+08:00 ] ::1 /yzzh/ytsoft.php?s=/Home/Virtuality/goodscatelist
INFO: [ app_begin ] --START--
INFO: Run Behavior\ReadHtmlCacheBehavior [ RunTime:0.000512s ]
INFO: Run Behavior\CheckLangBehavior [ RunTime:0.000917s ]
INFO: [ app_begin ] --END-- [ RunTime:0.001525s ]

[ 2017-09-15T15:31:08+08:00 ] ::1 /yzzh/ytsoft.php?s=/Home/Virtuality/upload
ERR: è°ƒè¯•çš„$_FILESï¼š{"files":{"name":["man.mtl"],"type":["application\/octet-stream"],"tmp_name":["F:\\wamp64\\tmp\\php9D9A.tmp"],"error":[0],"size":[965]}}
[ 2017-09-15T15:31:08+08:00 ] ::1 /yzzh/ytsoft.php?s=/Home/Virtuality/upload
INFO: [ app_begin ] --START--
INFO: Run Behavior\ReadHtmlCacheBehavior [ RunTime:0.000413s ]
INFO: Run Behavior\CheckLangBehavior [ RunTime:0.000731s ]
INFO: [ app_begin ] --END-- [ RunTime:0.001227s ]
NOTIC: [2] call_user_func() expects parameter 1 to be a valid callback, no array or string given F:\wamp64\www\yzzh\ThinkPHP\Library\Think\Upload.class.php ç¬¬ 175 è¡Œ.

[ 2017-09-15T15:31:09+08:00 ] ::1 /yzzh/ytsoft.php?s=/Home/Virtuality/mtlinfo
INFO: [ app_begin ] --START--
INFO: Run Behavior\ReadHtmlCacheBehavior [ RunTime:0.000448s ]
INFO: Run Behavior\CheckLangBehavior [ RunTime:0.000823s ]
INFO: [ app_begin ] --END-- [ RunTime:0.001367s ]

[ 2017-09-15T15:44:48+08:00 ] ::1 /yzzh/ytsoft.php?s=/Home/Virtuality/goodscatelist
INFO: [ app_begin ] --START--
INFO: Run Behavior\ReadHtmlCacheBehavior [ RunTime:0.000396s ]
INFO: Run Behavior\CheckLangBehavior [ RunTime:0.000837s ]
INFO: [ app_begin ] --END-- [ RunTime:0.001313s ]

[ 2017-09-15T15:44:52+08:00 ] ::1 /yzzh/ytsoft.php?s=/Home/Virtuality/upload
ERR: è°ƒè¯•çš„$_FILESï¼š{"files":{"name":["man.mtl"],"type":["application\/octet-stream"],"tmp_name":["F:\\wamp64\\tmp\\php3165.tmp"],"error":[0],"size":[965]}}
[ 2017-09-15T15:44:52+08:00 ] ::1 /yzzh/ytsoft.php?s=/Home/Virtuality/upload
INFO: [ app_begin ] --START--
INFO: Run Behavior\ReadHtmlCacheBehavior [ RunTime:0.000425s ]
INFO: Run Behavior\CheckLangBehavior [ RunTime:0.000793s ]
INFO: [ app_begin ] --END-- [ RunTime:0.001305s ]
NOTIC: [2] call_user_func() expects parameter 1 to be a valid callback, no array or string given F:\wamp64\www\yzzh\ThinkPHP\Library\Think\Upload.class.php ç¬¬ 175 è¡Œ.
NOTIC: [8] Undefined variable: data1 F:\wamp64\www\yzzh\Application\Home\Controller\VirtualityController.class.php ç¬¬ 111 è¡Œ.
NOTIC: [8] Undefined variable: result F:\wamp64\www\yzzh\Application\Home\Controller\VirtualityController.class.php ç¬¬ 116 è¡Œ.
NOTIC: [2] Invalid argument supplied for foreach() F:\wamp64\www\yzzh\Application\Home\Controller\VirtualityController.class.php ç¬¬ 116 è¡Œ.
NOTIC: [8] Undefined index: path F:\wamp64\www\yzzh\Application\Home\Controller\VirtualityController.class.php ç¬¬ 124 è¡Œ.
INFO: [ app_end ] --START--
INFO: Run Behavior\ShowPageTraceBehavior [ RunTime:0.000631s ]
INFO: [ app_end ] --END-- [ RunTime:0.000682s ]

[ 2017-09-15T15:45:29+08:00 ] ::1 /yzzh/ytsoft.php?s=/Home/Virtuality/goodscatelist
INFO: [ app_begin ] --START--
INFO: Run Behavior\ReadHtmlCacheBehavior [ RunTime:0.000571s ]
INFO: Run Behavior\CheckLangBehavior [ RunTime:0.000920s ]
INFO: [ app_begin ] --END-- [ RunTime:0.001573s ]

[ 2017-09-15T15:45:32+08:00 ] ::1 /yzzh/ytsoft.php?s=/Home/Virtuality/upload
ERR: è°ƒè¯•çš„$_FILESï¼š{"files":{"name":["man.mtl"],"type":["application\/octet-stream"],"tmp_name":["F:\\wamp64\\tmp\\phpC9ED.tmp"],"error":[0],"size":[965]}}
[ 2017-09-15T15:45:32+08:00 ] ::1 /yzzh/ytsoft.php?s=/Home/Virtuality/upload
INFO: [ app_begin ] --START--
INFO: Run Behavior\ReadHtmlCacheBehavior [ RunTime:0.000607s ]
INFO: Run Behavior\CheckLangBehavior [ RunTime:0.001065s ]
INFO: [ app_begin ] --END-- [ RunTime:0.001767s ]
NOTIC: [2] call_user_func() expects parameter 1 to be a valid callback, no array or string given F:\wamp64\www\yzzh\ThinkPHP\Library\Think\Upload.class.php ç¬¬ 175 è¡Œ.
NOTIC: [8] Undefined variable: data1 F:\wamp64\www\yzzh\Application\Home\Controller\VirtualityController.class.php ç¬¬ 111 è¡Œ.
NOTIC: [8] Undefined variable: result F:\wamp64\www\yzzh\Application\Home\Controller\VirtualityController.class.php ç¬¬ 116 è¡Œ.
NOTIC: [2] Invalid argument supplied for foreach() F:\wamp64\www\yzzh\Application\Home\Controller\VirtualityController.class.php ç¬¬ 116 è¡Œ.
NOTIC: [8] Undefined index: path F:\wamp64\www\yzzh\Application\Home\Controller\VirtualityController.class.php ç¬¬ 124 è¡Œ.

[ 2017-09-15T15:45:32+08:00 ] ::1 /yzzh/ytsoft.php?s=/Home/Virtuality/mtlinfo
INFO: [ app_begin ] --START--
INFO: Run Behavior\ReadHtmlCacheBehavior [ RunTime:0.000504s ]
INFO: Run Behavior\CheckLangBehavior [ RunTime:0.000998s ]
INFO: [ app_begin ] --END-- [ RunTime:0.001582s ]

[ 2017-09-15T15:48:30+08:00 ] ::1 /yzzh/ytsoft.php?s=/Home/Virtuality/goodscatelist
INFO: [ app_begin ] --START--
INFO: Run Behavior\ReadHtmlCacheBehavior [ RunTime:0.000510s ]
INFO: Run Behavior\CheckLangBehavior [ RunTime:0.000891s ]
INFO: [ app_begin ] --END-- [ RunTime:0.001496s ]

[ 2017-09-15T15:48:33+08:00 ] ::1 /yzzh/ytsoft.php?s=/Home/Virtuality/upload
ERR: è°ƒè¯•çš„$_FILESï¼š{"files":{"name":["man.mtl"],"type":["application\/octet-stream"],"tmp_name":["F:\\wamp64\\tmp\\php8F96.tmp"],"error":[0],"size":[965]}}
[ 2017-09-15T15:48:33+08:00 ] ::1 /yzzh/ytsoft.php?s=/Home/Virtuality/upload
INFO: [ app_begin ] --START--
INFO: Run Behavior\ReadHtmlCacheBehavior [ RunTime:0.000554s ]
INFO: Run Behavior\CheckLangBehavior [ RunTime:0.001058s ]
INFO: [ app_begin ] --END-- [ RunTime:0.001750s ]
NOTIC: [2] call_user_func() expects parameter 1 to be a valid callback, no array or string given F:\wamp64\www\yzzh\ThinkPHP\Library\Think\Upload.class.php ç¬¬ 175 è¡Œ.
NOTIC: [8] Undefined variable: data1 F:\wamp64\www\yzzh\Application\Home\Controller\VirtualityController.class.php ç¬¬ 111 è¡Œ.
NOTIC: [8] Undefined variable: result F:\wamp64\www\yzzh\Application\Home\Controller\VirtualityController.class.php ç¬¬ 116 è¡Œ.
NOTIC: [2] Invalid argument supplied for foreach() F:\wamp64\www\yzzh\Application\Home\Controller\VirtualityController.class.php ç¬¬ 116 è¡Œ.

[ 2017-09-15T15:48:34+08:00 ] ::1 /yzzh/ytsoft.php?s=/Home/Virtuality/mtlinfo
INFO: [ app_begin ] --START--
INFO: Run Behavior\ReadHtmlCacheBehavior [ RunTime:0.000501s ]
INFO: Run Behavior\CheckLangBehavior [ RunTime:0.000893s ]
INFO: [ app_begin ] --END-- [ RunTime:0.001478s ]

[ 2017-09-15T15:51:34+08:00 ] ::1 /yzzh/ytsoft.php?s=/Home/Virtuality/goodscatelist
INFO: [ app_begin ] --START--
INFO: Run Behavior\ReadHtmlCacheBehavior [ RunTime:0.000631s ]
INFO: Run Behavior\CheckLangBehavior [ RunTime:0.002129s ]
INFO: [ app_begin ] --END-- [ RunTime:0.002942s ]

[ 2017-09-15T15:51:37+08:00 ] ::1 /yzzh/ytsoft.php?s=/Home/Virtuality/upload
ERR: è°ƒè¯•çš„$_FILESï¼š{"files":{"name":["man.mtl"],"type":["application\/octet-stream"],"tmp_name":["F:\\wamp64\\tmp\\php5EE3.tmp"],"error":[0],"size":[965]}}
[ 2017-09-15T15:51:37+08:00 ] ::1 /yzzh/ytsoft.php?s=/Home/Virtuality/upload
INFO: [ app_begin ] --START--
INFO: Run Behavior\ReadHtmlCacheBehavior [ RunTime:0.000433s ]
INFO: Run Behavior\CheckLangBehavior [ RunTime:0.000730s ]
INFO: [ app_begin ] --END-- [ RunTime:0.001249s ]
NOTIC: [2] call_user_func() expects parameter 1 to be a valid callback, no array or string given F:\wamp64\www\yzzh\ThinkPHP\Library\Think\Upload.class.php ç¬¬ 175 è¡Œ.
NOTIC: [8] Undefined variable: data1 F:\wamp64\www\yzzh\Application\Home\Controller\VirtualityController.class.php ç¬¬ 111 è¡Œ.

[ 2017-09-15T15:51:38+08:00 ] ::1 /yzzh/ytsoft.php?s=/Home/Virtuality/mtlinfo
INFO: [ app_begin ] --START--
INFO: Run Behavior\ReadHtmlCacheBehavior [ RunTime:0.000383s ]
INFO: Run Behavior\CheckLangBehavior [ RunTime:0.000731s ]
INFO: [ app_begin ] --END-- [ RunTime:0.001213s ]

[ 2017-09-15T15:59:21+08:00 ] ::1 /yzzh/ytsoft.php?s=/Home/Virtuality/goodscatelist
INFO: [ app_begin ] --START--
INFO: Run Behavior\ReadHtmlCacheBehavior [ RunTime:0.001175s ]
INFO: Run Behavior\CheckLangBehavior [ RunTime:0.001036s ]
INFO: [ app_begin ] --END-- [ RunTime:0.002405s ]

[ 2017-09-15T15:59:54+08:00 ] ::1 /yzzh/ytsoft.php?s=/Home/Virtuality/upload
ERR: è°ƒè¯•çš„$_FILESï¼š{"files":{"name":["man.mtl"],"type":["application\/octet-stream"],"tmp_name":["F:\\wamp64\\tmp\\phpF362.tmp"],"error":[0],"size":[965]}}
[ 2017-09-15T15:59:54+08:00 ] ::1 /yzzh/ytsoft.php?s=/Home/Virtuality/upload
INFO: [ app_begin ] --START--
INFO: Run Behavior\ReadHtmlCacheBehavior [ RunTime:0.000679s ]
INFO: Run Behavior\CheckLangBehavior [ RunTime:0.001111s ]
INFO: [ app_begin ] --END-- [ RunTime:0.001899s ]
NOTIC: [2] call_user_func() expects parameter 1 to be a valid callback, no array or string given F:\wamp64\www\yzzh\ThinkPHP\Library\Think\Upload.class.php ç¬¬ 175 è¡Œ.
NOTIC: [8] Undefined variable: data1 F:\wamp64\www\yzzh\Application\Home\Controller\VirtualityController.class.php ç¬¬ 111 è¡Œ.

[ 2017-09-15T15:59:55+08:00 ] ::1 /yzzh/ytsoft.php?s=/Home/Virtuality/mtlinfo
INFO: [ app_begin ] --START--
INFO: Run Behavior\ReadHtmlCacheBehavior [ RunTime:0.000519s ]
INFO: Run Behavior\CheckLangBehavior [ RunTime:0.000948s ]
INFO: [ app_begin ] --END-- [ RunTime:0.001557s ]

[ 2017-09-15T16:00:48+08:00 ] ::1 /yzzh/ytsoft.php?s=/Home/Virtuality/goodscatelist
INFO: [ app_begin ] --START--
INFO: Run Behavior\ReadHtmlCacheBehavior [ RunTime:0.000675s ]
INFO: Run Behavior\CheckLangBehavior [ RunTime:0.001054s ]
INFO: [ app_begin ] --END-- [ RunTime:0.001829s ]

[ 2017-09-15T16:00:50+08:00 ] ::1 /yzzh/ytsoft.php?s=/Home/Virtuality/goodscatelist
INFO: [ app_begin ] --START--
INFO: Run Behavior\ReadHtmlCacheBehavior [ RunTime:0.000542s ]
INFO: Run Behavior\CheckLangBehavior [ RunTime:0.001003s ]
INFO: [ app_begin ] --END-- [ RunTime:0.001636s ]

[ 2017-09-15T16:00:53+08:00 ] ::1 /yzzh/ytsoft.php?s=/Home/Virtuality/upload
ERR: è°ƒè¯•çš„$_FILESï¼š{"files":{"name":["man.obj"],"type":["application\/octet-stream"],"tmp_name":["F:\\wamp64\\tmp\\phpDB14.tmp"],"error":[0],"size":[668569]}}
[ 2017-09-15T16:00:54+08:00 ] ::1 /yzzh/ytsoft.php?s=/Home/Virtuality/upload
INFO: [ app_begin ] --START--
INFO: Run Behavior\ReadHtmlCacheBehavior [ RunTime:0.000910s ]
INFO: Run Behavior\CheckLangBehavior [ RunTime:0.000984s ]
INFO: [ app_begin ] --END-- [ RunTime:0.002014s ]
NOTIC: [2] call_user_func() expects parameter 1 to be a valid callback, no array or string given F:\wamp64\www\yzzh\ThinkPHP\Library\Think\Upload.class.php ç¬¬ 175 è¡Œ.

[ 2017-09-15T16:08:11+08:00 ] ::1 /yzzh/ytsoft.php?s=/Home/Virtuality/goodscatelist
INFO: [ app_begin ] --START--
INFO: Run Behavior\ReadHtmlCacheBehavior [ RunTime:0.000600s ]
INFO: Run Behavior\CheckLangBehavior [ RunTime:0.000862s ]
INFO: [ app_begin ] --END-- [ RunTime:0.001574s ]

[ 2017-09-15T16:08:12+08:00 ] ::1 /yzzh/ytsoft.php?s=/Home/Virtuality/goodscatelist
INFO: [ app_begin ] --START--
INFO: Run Behavior\ReadHtmlCacheBehavior [ RunTime:0.000517s ]
INFO: Run Behavior\CheckLangBehavior [ RunTime:0.001033s ]
INFO: [ app_begin ] --END-- [ RunTime:0.001649s ]

[ 2017-09-15T16:10:44+08:00 ] ::1 /yzzh/ytsoft.php?s=/Home/Virtuality/modelmap
INFO: [ app_begin ] --START--
INFO: Run Behavior\ReadHtmlCacheBehavior [ RunTime:0.000637s ]
INFO: Run Behavior\CheckLangBehavior [ RunTime:0.000962s ]
INFO: [ app_begin ] --END-- [ RunTime:0.001714s ]

[ 2017-09-15T16:10:48+08:00 ] ::1 /yzzh/ytsoft.php?s=/Home/Virtuality/modelmap
INFO: [ app_begin ] --START--
INFO: Run Behavior\ReadHtmlCacheBehavior [ RunTime:0.000743s ]
INFO: Run Behavior\CheckLangBehavior [ RunTime:0.001260s ]
INFO: [ app_begin ] --END-- [ RunTime:0.002117s ]

[ 2017-09-15T16:10:52+08:00 ] ::1 /yzzh/ytsoft.php?s=/Home/Virtuality/modelmap
INFO: [ app_begin ] --START--
INFO: Run Behavior\ReadHtmlCacheBehavior [ RunTime:0.000455s ]
INFO: Run Behavior\CheckLangBehavior [ RunTime:0.000843s ]
INFO: [ app_begin ] --END-- [ RunTime:0.001381s ]

[ 2017-09-15T16:19:46+08:00 ] ::1 /yzzh/ytsoft.php?s=/Home/Virtuality/goodscatelist
INFO: [ app_begin ] --START--
INFO: Run Behavior\ReadHtmlCacheBehavior [ RunTime:0.000665s ]
INFO: Run Behavior\CheckLangBehavior [ RunTime:0.000857s ]
INFO: [ app_begin ] --END-- [ RunTime:0.001667s ]

[ 2017-09-15T16:19:49+08:00 ] ::1 /yzzh/ytsoft.php?s=/Home/Virtuality/upload
ERR: è°ƒè¯•çš„$_FILESï¼š{"files":{"name":["man.obj"],"type":["application\/octet-stream"],"tmp_name":["F:\\wamp64\\tmp\\php2FF8.tmp"],"error":[0],"size":[668569]}}
[ 2017-09-15T16:19:49+08:00 ] ::1 /yzzh/ytsoft.php?s=/Home/Virtuality/upload
INFO: [ app_begin ] --START--
INFO: Run Behavior\ReadHtmlCacheBehavior [ RunTime:0.000502s ]
INFO: Run Behavior\CheckLangBehavior [ RunTime:0.000941s ]
INFO: [ app_begin ] --END-- [ RunTime:0.001526s ]
NOTIC: [2] call_user_func() expects parameter 1 to be a valid callback, no array or string given F:\wamp64\www\yzzh\ThinkPHP\Library\Think\Upload.class.php ç¬¬ 175 è¡Œ.

[ 2017-09-15T16:19:55+08:00 ] ::1 /yzzh/ytsoft.php?s=/Home/Virtuality/upload
ERR: è°ƒè¯•çš„$_FILESï¼š{"files":{"name":["man.mtl"],"type":["application\/octet-stream"],"tmp_name":["F:\\wamp64\\tmp\\php46DD.tmp"],"error":[0],"size":[965]}}
[ 2017-09-15T16:19:55+08:00 ] ::1 /yzzh/ytsoft.php?s=/Home/Virtuality/upload
INFO: [ app_begin ] --START--
INFO: Run Behavior\ReadHtmlCacheBehavior [ RunTime:0.000541s ]
INFO: Run Behavior\CheckLangBehavior [ RunTime:0.000988s ]
INFO: [ app_begin ] --END-- [ RunTime:0.001621s ]
NOTIC: [2] call_user_func() expects parameter 1 to be a valid callback, no array or string given F:\wamp64\www\yzzh\ThinkPHP\Library\Think\Upload.class.php ç¬¬ 175 è¡Œ.
NOTIC: [8] Undefined variable: data1 F:\wamp64\www\yzzh\Application\Home\Controller\VirtualityController.class.php ç¬¬ 111 è¡Œ.

[ 2017-09-15T16:19:56+08:00 ] ::1 /yzzh/ytsoft.php?s=/Home/Virtuality/mtlinfo
INFO: [ app_begin ] --START--
INFO: Run Behavior\ReadHtmlCacheBehavior [ RunTime:0.000677s ]
INFO: Run Behavior\CheckLangBehavior [ RunTime:0.001164s ]
INFO: [ app_begin ] --END-- [ RunTime:0.001973s ]

