[ 2017-09-17T00:04:21+08:00 ] ::1 /yzzh/ytsoft.php?s=/Home/Virtuality/goodscatelist
INFO: [ app_begin ] --START--
INFO: Run Behavior\ReadHtmlCacheBehavior [ RunTime:0.001482s ]
INFO: Run Behavior\CheckLangBehavior [ RunTime:0.001279s ]
INFO: [ app_begin ] --END-- [ RunTime:0.002960s ]

[ 2017-09-17T00:04:25+08:00 ] ::1 /yzzh/ytsoft.php?s=/Home/Virtuality/check
INFO: [ app_begin ] --START--
INFO: Run Behavior\ReadHtmlCacheBehavior [ RunTime:0.000585s ]
INFO: Run Behavior\CheckLangBehavior [ RunTime:0.001019s ]
INFO: [ app_begin ] --END-- [ RunTime:0.001709s ]

[ 2017-09-17T00:04:27+08:00 ] ::1 /yzzh/ytsoft.php?s=/Home/Virtuality/upload
ERR: 调试的$_FILES：{"files":{"name":["man.obj"],"type":["application\/octet-stream"],"tmp_name":["D:\\wamp64\\tmp\\phpC260.tmp"],"error":[0],"size":[668569]}}
[ 2017-09-17T00:04:27+08:00 ] ::1 /yzzh/ytsoft.php?s=/Home/Virtuality/upload
INFO: [ app_begin ] --START--
INFO: Run Behavior\ReadHtmlCacheBehavior [ RunTime:0.000533s ]
INFO: Run Behavior\CheckLangBehavior [ RunTime:0.000972s ]
INFO: [ app_begin ] --END-- [ RunTime:0.001584s ]
NOTIC: [2] call_user_func() expects parameter 1 to be a valid callback, no array or string given D:\wamp64\www\yzzh\ThinkPHP\Library\Think\Upload.class.php 第 175 行.

[ 2017-09-17T00:04:31+08:00 ] ::1 /yzzh/ytsoft.php?s=/Home/Virtuality/check
INFO: [ app_begin ] --START--
INFO: Run Behavior\ReadHtmlCacheBehavior [ RunTime:0.000966s ]
INFO: Run Behavior\CheckLangBehavior [ RunTime:0.001447s ]
INFO: [ app_begin ] --END-- [ RunTime:0.002576s ]

[ 2017-09-17T00:04:32+08:00 ] ::1 /yzzh/ytsoft.php?s=/Home/Virtuality/upload
ERR: 调试的$_FILES：{"files":{"name":["man.mtl"],"type":["application\/octet-stream"],"tmp_name":["D:\\wamp64\\tmp\\phpD7ED.tmp"],"error":[0],"size":[965]}}
[ 2017-09-17T00:04:33+08:00 ] ::1 /yzzh/ytsoft.php?s=/Home/Virtuality/upload
INFO: [ app_begin ] --START--
INFO: Run Behavior\ReadHtmlCacheBehavior [ RunTime:0.000514s ]
INFO: Run Behavior\CheckLangBehavior [ RunTime:0.001318s ]
INFO: [ app_begin ] --END-- [ RunTime:0.001917s ]
NOTIC: [2] call_user_func() expects parameter 1 to be a valid callback, no array or string given D:\wamp64\www\yzzh\ThinkPHP\Library\Think\Upload.class.php 第 175 行.
NOTIC: [8] Undefined offset: 0 D:\wamp64\www\yzzh\Application\Home\Controller\VirtualityController.class.php 第 90 行.
NOTIC: [2] Invalid argument supplied for foreach() D:\wamp64\www\yzzh\Application\Home\Controller\VirtualityController.class.php 第 90 行.

[ 2017-09-17T00:04:33+08:00 ] ::1 /yzzh/ytsoft.php?s=/Home/Virtuality/mtlinfo
INFO: [ app_begin ] --START--
INFO: Run Behavior\ReadHtmlCacheBehavior [ RunTime:0.000568s ]
INFO: Run Behavior\CheckLangBehavior [ RunTime:0.001085s ]
INFO: [ app_begin ] --END-- [ RunTime:0.001740s ]

[ 2017-09-17T09:57:15+08:00 ] ::1 /yzzh/ytsoft.php?s=/Home/User/dologin
INFO: [ app_begin ] --START--
INFO: Run Behavior\ReadHtmlCacheBehavior [ RunTime:0.000545s ]
INFO: Run Behavior\CheckLangBehavior [ RunTime:0.000980s ]
INFO: [ app_begin ] --END-- [ RunTime:0.001605s ]
NOTIC: [8] Use of undefined constant __PUBLIC__ - assumed '__PUBLIC__' D:\wamp64\www\yzzh\Application\Home\Controller\UserController.class.php 第 585 行.

[ 2017-09-17T10:00:02+08:00 ] ::1 /yzzh/ytsoft.php?s=/Home/User/dologin
INFO: [ app_begin ] --START--
INFO: Run Behavior\ReadHtmlCacheBehavior [ RunTime:0.000485s ]
INFO: Run Behavior\CheckLangBehavior [ RunTime:0.000947s ]
INFO: [ app_begin ] --END-- [ RunTime:0.001508s ]

[ 2017-09-17T10:00:08+08:00 ] ::1 /yzzh/ytsoft.php?s=/Home/User/dologin
INFO: [ app_begin ] --START--
INFO: Run Behavior\ReadHtmlCacheBehavior [ RunTime:0.000756s ]
INFO: Run Behavior\CheckLangBehavior [ RunTime:0.001227s ]
INFO: [ app_begin ] --END-- [ RunTime:0.002117s ]
NOTIC: [8] Use of undefined constant __PUBLIC__ - assumed '__PUBLIC__' D:\wamp64\www\yzzh\Application\Home\Controller\UserController.class.php 第 585 行.

[ 2017-09-17T10:00:13+08:00 ] ::1 /yzzh/ytsoft.php?s=/Home/Virtuality/goodscatelist
INFO: [ app_begin ] --START--
INFO: Run Behavior\ReadHtmlCacheBehavior [ RunTime:0.000571s ]
INFO: Run Behavior\CheckLangBehavior [ RunTime:0.000923s ]
INFO: [ app_begin ] --END-- [ RunTime:0.001579s ]

[ 2017-09-17T10:00:14+08:00 ] ::1 /yzzh/ytsoft.php?s=/Home/Virtuality/goodscatelist
INFO: [ app_begin ] --START--
INFO: Run Behavior\ReadHtmlCacheBehavior [ RunTime:0.000474s ]
INFO: Run Behavior\CheckLangBehavior [ RunTime:0.000930s ]
INFO: [ app_begin ] --END-- [ RunTime:0.001480s ]

[ 2017-09-17T10:00:16+08:00 ] ::1 /yzzh/ytsoft.php?s=/Home/Virtuality/goodscatelist
INFO: [ app_begin ] --START--
INFO: Run Behavior\ReadHtmlCacheBehavior [ RunTime:0.000528s ]
INFO: Run Behavior\CheckLangBehavior [ RunTime:0.000930s ]
INFO: [ app_begin ] --END-- [ RunTime:0.001538s ]

[ 2017-09-17T10:00:17+08:00 ] ::1 /yzzh/ytsoft.php?s=/Home/Virtuality/goodscatelist
INFO: [ app_begin ] --START--
INFO: Run Behavior\ReadHtmlCacheBehavior [ RunTime:0.000492s ]
INFO: Run Behavior\CheckLangBehavior [ RunTime:0.000964s ]
INFO: [ app_begin ] --END-- [ RunTime:0.001532s ]

[ 2017-09-17T10:00:19+08:00 ] ::1 /yzzh/ytsoft.php?s=/Home/Virtuality/goodscatelist
INFO: [ app_begin ] --START--
INFO: Run Behavior\ReadHtmlCacheBehavior [ RunTime:0.000460s ]
INFO: Run Behavior\CheckLangBehavior [ RunTime:0.000899s ]
INFO: [ app_begin ] --END-- [ RunTime:0.001437s ]

[ 2017-09-17T10:00:20+08:00 ] ::1 /yzzh/ytsoft.php?s=/Home/Virtuality/goodscatelist
INFO: [ app_begin ] --START--
INFO: Run Behavior\ReadHtmlCacheBehavior [ RunTime:0.000481s ]
INFO: Run Behavior\CheckLangBehavior [ RunTime:0.000935s ]
INFO: [ app_begin ] --END-- [ RunTime:0.001490s ]

[ 2017-09-17T10:01:12+08:00 ] ::1 /yzzh/ytsoft.php?s=/Home/Virtuality/goodscatelist
INFO: [ app_begin ] --START--
INFO: Run Behavior\ReadHtmlCacheBehavior [ RunTime:0.001369s ]
INFO: Run Behavior\CheckLangBehavior [ RunTime:0.001820s ]
INFO: [ app_begin ] --END-- [ RunTime:0.003288s ]

[ 2017-09-17T10:01:32+08:00 ] ::1 /yzzh/ytsoft.php?s=/Home/Virtuality/check
INFO: [ app_begin ] --START--
INFO: Run Behavior\ReadHtmlCacheBehavior [ RunTime:0.000624s ]
INFO: Run Behavior\CheckLangBehavior [ RunTime:0.001476s ]
INFO: [ app_begin ] --END-- [ RunTime:0.002218s ]

[ 2017-09-17T10:01:46+08:00 ] ::1 /yzzh/ytsoft.php?s=/Home/Virtuality/goodscatelist
INFO: [ app_begin ] --START--
INFO: Run Behavior\ReadHtmlCacheBehavior [ RunTime:0.000547s ]
INFO: Run Behavior\CheckLangBehavior [ RunTime:0.001202s ]
INFO: [ app_begin ] --END-- [ RunTime:0.001828s ]

[ 2017-09-17T10:01:49+08:00 ] ::1 /yzzh/ytsoft.php?s=/Home/Virtuality/check
INFO: [ app_begin ] --START--
INFO: Run Behavior\ReadHtmlCacheBehavior [ RunTime:0.000709s ]
INFO: Run Behavior\CheckLangBehavior [ RunTime:0.000938s ]
INFO: [ app_begin ] --END-- [ RunTime:0.001725s ]

[ 2017-09-17T10:01:51+08:00 ] ::1 /yzzh/ytsoft.php?s=/Home/Virtuality/upload
ERR: 调试的$_FILES：{"files":{"name":["cover.obj"],"type":["application\/octet-stream"],"tmp_name":["D:\\wamp64\\tmp\\phpB0F8.tmp"],"error":[0],"size":[1277983]}}
[ 2017-09-17T10:01:51+08:00 ] ::1 /yzzh/ytsoft.php?s=/Home/Virtuality/upload
INFO: [ app_begin ] --START--
INFO: Run Behavior\ReadHtmlCacheBehavior [ RunTime:0.000571s ]
INFO: Run Behavior\CheckLangBehavior [ RunTime:0.001878s ]
INFO: [ app_begin ] --END-- [ RunTime:0.002529s ]
NOTIC: [2] call_user_func() expects parameter 1 to be a valid callback, no array or string given D:\wamp64\www\yzzh\ThinkPHP\Library\Think\Upload.class.php 第 175 行.

[ 2017-09-17T10:01:55+08:00 ] ::1 /yzzh/ytsoft.php?s=/Home/Virtuality/check
INFO: [ app_begin ] --START--
INFO: Run Behavior\ReadHtmlCacheBehavior [ RunTime:0.000885s ]
INFO: Run Behavior\CheckLangBehavior [ RunTime:0.001353s ]
INFO: [ app_begin ] --END-- [ RunTime:0.002467s ]

[ 2017-09-17T10:01:56+08:00 ] ::1 /yzzh/ytsoft.php?s=/Home/Virtuality/upload
ERR: 调试的$_FILES：{"files":{"name":["cover.mtl"],"type":["application\/octet-stream"],"tmp_name":["D:\\wamp64\\tmp\\phpC6F2.tmp"],"error":[0],"size":[958]}}
[ 2017-09-17T10:01:56+08:00 ] ::1 /yzzh/ytsoft.php?s=/Home/Virtuality/upload
INFO: [ app_begin ] --START--
INFO: Run Behavior\ReadHtmlCacheBehavior [ RunTime:0.000509s ]
INFO: Run Behavior\CheckLangBehavior [ RunTime:0.000924s ]
INFO: [ app_begin ] --END-- [ RunTime:0.001509s ]
NOTIC: [2] call_user_func() expects parameter 1 to be a valid callback, no array or string given D:\wamp64\www\yzzh\ThinkPHP\Library\Think\Upload.class.php 第 175 行.
NOTIC: [8] Undefined offset: 0 D:\wamp64\www\yzzh\Application\Home\Controller\VirtualityController.class.php 第 90 行.
NOTIC: [2] Invalid argument supplied for foreach() D:\wamp64\www\yzzh\Application\Home\Controller\VirtualityController.class.php 第 90 行.

[ 2017-09-17T10:01:57+08:00 ] ::1 /yzzh/ytsoft.php?s=/Home/Virtuality/mtlinfo
INFO: [ app_begin ] --START--
INFO: Run Behavior\ReadHtmlCacheBehavior [ RunTime:0.000648s ]
INFO: Run Behavior\CheckLangBehavior [ RunTime:0.001197s ]
INFO: [ app_begin ] --END-- [ RunTime:0.002001s ]

[ 2017-09-17T10:14:42+08:00 ] ::1 /yzzh/ytsoft.php?s=/Home/Virtuality/goodscatelist
INFO: [ app_begin ] --START--
INFO: Run Behavior\ReadHtmlCacheBehavior [ RunTime:0.000497s ]
INFO: Run Behavior\CheckLangBehavior [ RunTime:0.000977s ]
INFO: [ app_begin ] --END-- [ RunTime:0.001559s ]

[ 2017-09-17T10:20:11+08:00 ] ::1 /yzzh/ytsoft.php?s=/Home/Virtuality/goodscatelist
INFO: [ app_begin ] --START--
INFO: Run Behavior\ReadHtmlCacheBehavior [ RunTime:0.000536s ]
INFO: Run Behavior\CheckLangBehavior [ RunTime:0.000955s ]
INFO: [ app_begin ] --END-- [ RunTime:0.001571s ]

[ 2017-09-17T10:20:16+08:00 ] ::1 /yzzh/ytsoft.php?s=/Home/Virtuality/check
INFO: [ app_begin ] --START--
INFO: Run Behavior\ReadHtmlCacheBehavior [ RunTime:0.000551s ]
INFO: Run Behavior\CheckLangBehavior [ RunTime:0.000979s ]
INFO: [ app_begin ] --END-- [ RunTime:0.001608s ]

[ 2017-09-17T10:20:17+08:00 ] ::1 /yzzh/ytsoft.php?s=/Home/Virtuality/upload
ERR: 调试的$_FILES：{"files":{"name":["cover.obj"],"type":["application\/octet-stream"],"tmp_name":["D:\\wamp64\\tmp\\php932F.tmp"],"error":[0],"size":[1277983]}}
[ 2017-09-17T10:20:17+08:00 ] ::1 /yzzh/ytsoft.php?s=/Home/Virtuality/upload
INFO: [ app_begin ] --START--
INFO: Run Behavior\ReadHtmlCacheBehavior [ RunTime:0.000528s ]
INFO: Run Behavior\CheckLangBehavior [ RunTime:0.000973s ]
INFO: [ app_begin ] --END-- [ RunTime:0.001575s ]
NOTIC: [2] call_user_func() expects parameter 1 to be a valid callback, no array or string given D:\wamp64\www\yzzh\ThinkPHP\Library\Think\Upload.class.php 第 175 行.

[ 2017-09-17T10:20:21+08:00 ] ::1 /yzzh/ytsoft.php?s=/Home/Virtuality/check
INFO: [ app_begin ] --START--
INFO: Run Behavior\ReadHtmlCacheBehavior [ RunTime:0.000836s ]
INFO: Run Behavior\CheckLangBehavior [ RunTime:0.000999s ]
INFO: [ app_begin ] --END-- [ RunTime:0.001920s ]

[ 2017-09-17T10:20:22+08:00 ] ::1 /yzzh/ytsoft.php?s=/Home/Virtuality/upload
ERR: 调试的$_FILES：{"files":{"name":["cover.mtl"],"type":["application\/octet-stream"],"tmp_name":["D:\\wamp64\\tmp\\phpA6B8.tmp"],"error":[0],"size":[958]}}
[ 2017-09-17T10:20:22+08:00 ] ::1 /yzzh/ytsoft.php?s=/Home/Virtuality/upload
INFO: [ app_begin ] --START--
INFO: Run Behavior\ReadHtmlCacheBehavior [ RunTime:0.000529s ]
INFO: Run Behavior\CheckLangBehavior [ RunTime:0.000950s ]
INFO: [ app_begin ] --END-- [ RunTime:0.001552s ]
NOTIC: [2] call_user_func() expects parameter 1 to be a valid callback, no array or string given D:\wamp64\www\yzzh\ThinkPHP\Library\Think\Upload.class.php 第 175 行.
NOTIC: [8] Undefined offset: 0 D:\wamp64\www\yzzh\Application\Home\Controller\VirtualityController.class.php 第 90 行.
NOTIC: [2] Invalid argument supplied for foreach() D:\wamp64\www\yzzh\Application\Home\Controller\VirtualityController.class.php 第 90 行.

[ 2017-09-17T10:20:53+08:00 ] ::1 /yzzh/ytsoft.php?s=/Home/Virtuality/goodscatelist
INFO: [ app_begin ] --START--
INFO: Run Behavior\ReadHtmlCacheBehavior [ RunTime:0.000535s ]
INFO: Run Behavior\CheckLangBehavior [ RunTime:0.001044s ]
INFO: [ app_begin ] --END-- [ RunTime:0.001672s ]

[ 2017-09-17T10:20:55+08:00 ] ::1 /yzzh/ytsoft.php?s=/Home/Virtuality/check
INFO: [ app_begin ] --START--
INFO: Run Behavior\ReadHtmlCacheBehavior [ RunTime:0.000594s ]
INFO: Run Behavior\CheckLangBehavior [ RunTime:0.001125s ]
INFO: [ app_begin ] --END-- [ RunTime:0.001824s ]

[ 2017-09-17T10:20:59+08:00 ] ::1 /yzzh/ytsoft.php?s=/Home/Virtuality/check
INFO: [ app_begin ] --START--
INFO: Run Behavior\ReadHtmlCacheBehavior [ RunTime:0.000561s ]
INFO: Run Behavior\CheckLangBehavior [ RunTime:0.001022s ]
INFO: [ app_begin ] --END-- [ RunTime:0.001686s ]

[ 2017-09-17T10:21:48+08:00 ] ::1 /yzzh/ytsoft.php?s=/Home/Virtuality/goodscatelist
INFO: [ app_begin ] --START--
INFO: Run Behavior\ReadHtmlCacheBehavior [ RunTime:0.000534s ]
INFO: Run Behavior\CheckLangBehavior [ RunTime:0.000964s ]
INFO: [ app_begin ] --END-- [ RunTime:0.001570s ]

[ 2017-09-17T10:21:58+08:00 ] ::1 /yzzh/ytsoft.php?s=/Home/Virtuality/goodscatelist
INFO: [ app_begin ] --START--
INFO: Run Behavior\ReadHtmlCacheBehavior [ RunTime:0.001233s ]
INFO: Run Behavior\CheckLangBehavior [ RunTime:0.001042s ]
INFO: [ app_begin ] --END-- [ RunTime:0.002414s ]

[ 2017-09-17T10:22:01+08:00 ] ::1 /yzzh/ytsoft.php?s=/Home/Virtuality/check
INFO: [ app_begin ] --START--
INFO: Run Behavior\ReadHtmlCacheBehavior [ RunTime:0.000625s ]
INFO: Run Behavior\CheckLangBehavior [ RunTime:0.001238s ]
INFO: [ app_begin ] --END-- [ RunTime:0.001963s ]

[ 2017-09-17T10:22:02+08:00 ] ::1 /yzzh/ytsoft.php?s=/Home/Virtuality/upload
ERR: 调试的$_FILES：{"files":{"name":["cover.obj"],"type":["application\/octet-stream"],"tmp_name":["D:\\wamp64\\tmp\\php2C20.tmp"],"error":[0],"size":[1277983]}}
[ 2017-09-17T10:22:02+08:00 ] ::1 /yzzh/ytsoft.php?s=/Home/Virtuality/upload
INFO: [ app_begin ] --START--
INFO: Run Behavior\ReadHtmlCacheBehavior [ RunTime:0.000531s ]
INFO: Run Behavior\CheckLangBehavior [ RunTime:0.000957s ]
INFO: [ app_begin ] --END-- [ RunTime:0.001561s ]
NOTIC: [2] call_user_func() expects parameter 1 to be a valid callback, no array or string given D:\wamp64\www\yzzh\ThinkPHP\Library\Think\Upload.class.php 第 175 行.

[ 2017-09-17T10:22:05+08:00 ] ::1 /yzzh/ytsoft.php?s=/Home/Virtuality/check
INFO: [ app_begin ] --START--
INFO: Run Behavior\ReadHtmlCacheBehavior [ RunTime:0.000584s ]
INFO: Run Behavior\CheckLangBehavior [ RunTime:0.000957s ]
INFO: [ app_begin ] --END-- [ RunTime:0.001660s ]

[ 2017-09-17T10:22:07+08:00 ] ::1 /yzzh/ytsoft.php?s=/Home/Virtuality/upload
ERR: 调试的$_FILES：{"files":{"name":["cover.mtl"],"type":["application\/octet-stream"],"tmp_name":["D:\\wamp64\\tmp\\php3FB9.tmp"],"error":[0],"size":[958]}}
[ 2017-09-17T10:22:07+08:00 ] ::1 /yzzh/ytsoft.php?s=/Home/Virtuality/upload
INFO: [ app_begin ] --START--
INFO: Run Behavior\ReadHtmlCacheBehavior [ RunTime:0.000513s ]
INFO: Run Behavior\CheckLangBehavior [ RunTime:0.000948s ]
INFO: [ app_begin ] --END-- [ RunTime:0.001534s ]
NOTIC: [2] call_user_func() expects parameter 1 to be a valid callback, no array or string given D:\wamp64\www\yzzh\ThinkPHP\Library\Think\Upload.class.php 第 175 行.
NOTIC: [8] Undefined offset: 0 D:\wamp64\www\yzzh\Application\Home\Controller\VirtualityController.class.php 第 90 行.
NOTIC: [2] Invalid argument supplied for foreach() D:\wamp64\www\yzzh\Application\Home\Controller\VirtualityController.class.php 第 90 行.

[ 2017-09-17T10:22:08+08:00 ] ::1 /yzzh/ytsoft.php?s=/Home/Virtuality/mtlinfo
INFO: [ app_begin ] --START--
INFO: Run Behavior\ReadHtmlCacheBehavior [ RunTime:0.000576s ]
INFO: Run Behavior\CheckLangBehavior [ RunTime:0.001030s ]
INFO: [ app_begin ] --END-- [ RunTime:0.001686s ]

[ 2017-09-17T10:42:06+08:00 ] ::1 /yzzh/ytsoft.php?s=/Home/Virtuality/goodscatelist
INFO: [ app_begin ] --START--
INFO: Run Behavior\ReadHtmlCacheBehavior [ RunTime:0.000536s ]
INFO: Run Behavior\CheckLangBehavior [ RunTime:0.000945s ]
INFO: [ app_begin ] --END-- [ RunTime:0.001555s ]

[ 2017-09-17T10:42:37+08:00 ] ::1 /yzzh/ytsoft.php?s=/Home/Virtuality/goodscatelist
INFO: [ app_begin ] --START--
INFO: Run Behavior\ReadHtmlCacheBehavior [ RunTime:0.000463s ]
INFO: Run Behavior\CheckLangBehavior [ RunTime:0.000916s ]
INFO: [ app_begin ] --END-- [ RunTime:0.001463s ]

[ 2017-09-17T10:43:42+08:00 ] ::1 /yzzh/ytsoft.php?s=/Home/Virtuality/goodscatelist
INFO: [ app_begin ] --START--
INFO: Run Behavior\ReadHtmlCacheBehavior [ RunTime:0.000501s ]
INFO: Run Behavior\CheckLangBehavior [ RunTime:0.001082s ]
INFO: [ app_begin ] --END-- [ RunTime:0.001696s ]

[ 2017-09-17T10:47:09+08:00 ] ::1 /yzzh/ytsoft.php?s=/Home/Virtuality/goodscatelist
INFO: [ app_begin ] --START--
INFO: Run Behavior\ReadHtmlCacheBehavior [ RunTime:0.000555s ]
INFO: Run Behavior\CheckLangBehavior [ RunTime:0.000922s ]
INFO: [ app_begin ] --END-- [ RunTime:0.001579s ]

[ 2017-09-17T10:49:34+08:00 ] ::1 /yzzh/ytsoft.php?s=/Home/Virtuality/goodscatelist
INFO: [ app_begin ] --START--
INFO: Run Behavior\ReadHtmlCacheBehavior [ RunTime:0.000566s ]
INFO: Run Behavior\CheckLangBehavior [ RunTime:0.001539s ]
INFO: [ app_begin ] --END-- [ RunTime:0.002270s ]

[ 2017-09-17T10:50:03+08:00 ] ::1 /yzzh/ytsoft.php?s=/Home/Virtuality/goodscatelist
INFO: [ app_begin ] --START--
INFO: Run Behavior\ReadHtmlCacheBehavior [ RunTime:0.000492s ]
INFO: Run Behavior\CheckLangBehavior [ RunTime:0.001142s ]
INFO: [ app_begin ] --END-- [ RunTime:0.001712s ]

[ 2017-09-17T10:50:56+08:00 ] ::1 /yzzh/ytsoft.php?s=/Home/User/dologin
INFO: [ app_begin ] --START--
INFO: Run Behavior\ReadHtmlCacheBehavior [ RunTime:0.000787s ]
INFO: Run Behavior\CheckLangBehavior [ RunTime:0.002069s ]
INFO: [ app_begin ] --END-- [ RunTime:0.003080s ]
NOTIC: [8] Use of undefined constant __PUBLIC__ - assumed '__PUBLIC__' D:\wamp64\www\yzzh\Application\Home\Controller\UserController.class.php 第 585 行.

[ 2017-09-17T10:51:01+08:00 ] ::1 /yzzh/ytsoft.php?s=/Home/Virtuality/goodscatelist
INFO: [ app_begin ] --START--
INFO: Run Behavior\ReadHtmlCacheBehavior [ RunTime:0.000485s ]
INFO: Run Behavior\CheckLangBehavior [ RunTime:0.000881s ]
INFO: [ app_begin ] --END-- [ RunTime:0.001446s ]

[ 2017-09-17T10:51:50+08:00 ] ::1 /yzzh/ytsoft.php?s=/Home/Virtuality/goodscatelist
INFO: [ app_begin ] --START--
INFO: Run Behavior\ReadHtmlCacheBehavior [ RunTime:0.000539s ]
INFO: Run Behavior\CheckLangBehavior [ RunTime:0.000984s ]
INFO: [ app_begin ] --END-- [ RunTime:0.001602s ]

[ 2017-09-17T14:02:32+08:00 ] ::1 /yzzh/ytsoft.php?s=/Virtuality/index
ERR: syntax error, unexpected '}'

[ 2017-09-17T14:02:50+08:00 ] ::1 /yzzh/ytsoft.php?s=/Home/Virtuality/goodscatelist
INFO: [ app_begin ] --START--
INFO: Run Behavior\ReadHtmlCacheBehavior [ RunTime:0.000501s ]
INFO: Run Behavior\CheckLangBehavior [ RunTime:0.000988s ]
INFO: [ app_begin ] --END-- [ RunTime:0.001561s ]

[ 2017-09-17T14:07:33+08:00 ] ::1 /yzzh/ytsoft.php?s=/Home/Virtuality/goodscatelist
INFO: [ app_begin ] --START--
INFO: Run Behavior\ReadHtmlCacheBehavior [ RunTime:0.000504s ]
INFO: Run Behavior\CheckLangBehavior [ RunTime:0.000926s ]
INFO: [ app_begin ] --END-- [ RunTime:0.001504s ]

[ 2017-09-17T14:07:34+08:00 ] ::1 /yzzh/ytsoft.php?s=/Home/Virtuality/%20mtlinfo
INFO: [ app_begin ] --START--
INFO: Run Behavior\ReadHtmlCacheBehavior [ RunTime:0.000490s ]
INFO: Run Behavior\CheckLangBehavior [ RunTime:0.000960s ]
INFO: [ app_begin ] --END-- [ RunTime:0.001525s ]
ERR: 非法操作: mtlinfo

[ 2017-09-17T14:07:48+08:00 ] ::1 /yzzh/ytsoft.php?s=/Home/Virtuality/%20mtlinfo
INFO: [ app_begin ] --START--
INFO: Run Behavior\ReadHtmlCacheBehavior [ RunTime:0.000544s ]
INFO: Run Behavior\CheckLangBehavior [ RunTime:0.000958s ]
INFO: [ app_begin ] --END-- [ RunTime:0.001574s ]
ERR: 非法操作: mtlinfo

[ 2017-09-17T14:08:20+08:00 ] ::1 /yzzh/ytsoft.php?s=/Home/Virtuality/%20mtlinfo
INFO: [ app_begin ] --START--
INFO: Run Behavior\ReadHtmlCacheBehavior [ RunTime:0.000596s ]
INFO: Run Behavior\CheckLangBehavior [ RunTime:0.001050s ]
INFO: [ app_begin ] --END-- [ RunTime:0.001726s ]
ERR: 非法操作: mtlinfo

[ 2017-09-17T14:09:01+08:00 ] ::1 /yzzh/ytsoft.php?s=/Home/Virtuality/goodscatelist
INFO: [ app_begin ] --START--
INFO: Run Behavior\ReadHtmlCacheBehavior [ RunTime:0.000535s ]
INFO: Run Behavior\CheckLangBehavior [ RunTime:0.001031s ]
INFO: [ app_begin ] --END-- [ RunTime:0.001645s ]

[ 2017-09-17T14:09:02+08:00 ] ::1 /yzzh/ytsoft.php?s=/Home/Virtuality/mtlinfo
INFO: [ app_begin ] --START--
INFO: Run Behavior\ReadHtmlCacheBehavior [ RunTime:0.000595s ]
INFO: Run Behavior\CheckLangBehavior [ RunTime:0.001081s ]
INFO: [ app_begin ] --END-- [ RunTime:0.001769s ]

[ 2017-09-17T14:11:07+08:00 ] ::1 /yzzh/ytsoft.php?s=/Home/Virtuality/goodscatelist
INFO: [ app_begin ] --START--
INFO: Run Behavior\ReadHtmlCacheBehavior [ RunTime:0.000583s ]
INFO: Run Behavior\CheckLangBehavior [ RunTime:0.001078s ]
INFO: [ app_begin ] --END-- [ RunTime:0.001817s ]

[ 2017-09-17T14:11:08+08:00 ] ::1 /yzzh/ytsoft.php?s=/Home/Virtuality/mtlinfo
INFO: [ app_begin ] --START--
INFO: Run Behavior\ReadHtmlCacheBehavior [ RunTime:0.000590s ]
INFO: Run Behavior\CheckLangBehavior [ RunTime:0.001033s ]
INFO: [ app_begin ] --END-- [ RunTime:0.001724s ]

[ 2017-09-17T14:11:15+08:00 ] ::1 /yzzh/ytsoft.php?s=/Home/Virtuality/mtlinfo
INFO: [ app_begin ] --START--
INFO: Run Behavior\ReadHtmlCacheBehavior [ RunTime:0.000654s ]
INFO: Run Behavior\CheckLangBehavior [ RunTime:0.001027s ]
INFO: [ app_begin ] --END-- [ RunTime:0.001785s ]

[ 2017-09-17T14:14:29+08:00 ] ::1 /yzzh/ytsoft.php?s=/Home/Virtuality/mtlinfo
INFO: [ app_begin ] --START--
INFO: Run Behavior\ReadHtmlCacheBehavior [ RunTime:0.000531s ]
INFO: Run Behavior\CheckLangBehavior [ RunTime:0.000982s ]
INFO: [ app_begin ] --END-- [ RunTime:0.001618s ]

[ 2017-09-17T14:14:37+08:00 ] ::1 /yzzh/ytsoft.php?s=/Home/Virtuality/mtlinfo
INFO: [ app_begin ] --START--
INFO: Run Behavior\ReadHtmlCacheBehavior [ RunTime:0.000900s ]
INFO: Run Behavior\CheckLangBehavior [ RunTime:0.001185s ]
INFO: [ app_begin ] --END-- [ RunTime:0.002299s ]

[ 2017-09-17T14:15:19+08:00 ] ::1 /yzzh/ytsoft.php?s=/Home/Virtuality/goodscatelist
INFO: [ app_begin ] --START--
INFO: Run Behavior\ReadHtmlCacheBehavior [ RunTime:0.000531s ]
INFO: Run Behavior\CheckLangBehavior [ RunTime:0.000965s ]
INFO: [ app_begin ] --END-- [ RunTime:0.001648s ]

[ 2017-09-17T14:15:20+08:00 ] ::1 /yzzh/ytsoft.php?s=/Home/Virtuality/mtlinfo
INFO: [ app_begin ] --START--
INFO: Run Behavior\ReadHtmlCacheBehavior [ RunTime:0.000568s ]
INFO: Run Behavior\CheckLangBehavior [ RunTime:0.000972s ]
INFO: [ app_begin ] --END-- [ RunTime:0.001646s ]

[ 2017-09-17T14:15:23+08:00 ] ::1 /yzzh/ytsoft.php?s=/Home/Virtuality/mtlinfo
INFO: [ app_begin ] --START--
INFO: Run Behavior\ReadHtmlCacheBehavior [ RunTime:0.000672s ]
INFO: Run Behavior\CheckLangBehavior [ RunTime:0.001207s ]
INFO: [ app_begin ] --END-- [ RunTime:0.001993s ]

[ 2017-09-17T14:15:25+08:00 ] ::1 /yzzh/ytsoft.php?s=/Home/Virtuality/mtlinfo
INFO: [ app_begin ] --START--
INFO: Run Behavior\ReadHtmlCacheBehavior [ RunTime:0.000564s ]
INFO: Run Behavior\CheckLangBehavior [ RunTime:0.000982s ]
INFO: [ app_begin ] --END-- [ RunTime:0.001654s ]

[ 2017-09-17T14:15:54+08:00 ] ::1 /yzzh/ytsoft.php?s=/Home/Virtuality/goodscatelist
INFO: [ app_begin ] --START--
INFO: Run Behavior\ReadHtmlCacheBehavior [ RunTime:0.000589s ]
INFO: Run Behavior\CheckLangBehavior [ RunTime:0.001269s ]
INFO: [ app_begin ] --END-- [ RunTime:0.001955s ]

[ 2017-09-17T14:15:55+08:00 ] ::1 /yzzh/ytsoft.php?s=/Home/Virtuality/mtlinfo
INFO: [ app_begin ] --START--
INFO: Run Behavior\ReadHtmlCacheBehavior [ RunTime:0.000679s ]
INFO: Run Behavior\CheckLangBehavior [ RunTime:0.001087s ]
INFO: [ app_begin ] --END-- [ RunTime:0.001861s ]

[ 2017-09-17T14:16:00+08:00 ] ::1 /yzzh/ytsoft.php?s=/Home/Virtuality/mtlinfo
INFO: [ app_begin ] --START--
INFO: Run Behavior\ReadHtmlCacheBehavior [ RunTime:0.001163s ]
INFO: Run Behavior\CheckLangBehavior [ RunTime:0.001682s ]
INFO: [ app_begin ] --END-- [ RunTime:0.003082s ]

[ 2017-09-17T14:16:03+08:00 ] ::1 /yzzh/ytsoft.php?s=/Home/Virtuality/mtlinfo
INFO: [ app_begin ] --START--
INFO: Run Behavior\ReadHtmlCacheBehavior [ RunTime:0.000623s ]
INFO: Run Behavior\CheckLangBehavior [ RunTime:0.001059s ]
INFO: [ app_begin ] --END-- [ RunTime:0.001777s ]

[ 2017-09-17T14:16:31+08:00 ] ::1 /yzzh/ytsoft.php?s=/Home/Virtuality/goodscatelist
INFO: [ app_begin ] --START--
INFO: Run Behavior\ReadHtmlCacheBehavior [ RunTime:0.000663s ]
INFO: Run Behavior\CheckLangBehavior [ RunTime:0.001134s ]
INFO: [ app_begin ] --END-- [ RunTime:0.001944s ]

[ 2017-09-17T14:16:32+08:00 ] ::1 /yzzh/ytsoft.php?s=/Home/Virtuality/mtlinfo
INFO: [ app_begin ] --START--
INFO: Run Behavior\ReadHtmlCacheBehavior [ RunTime:0.000546s ]
INFO: Run Behavior\CheckLangBehavior [ RunTime:0.000991s ]
INFO: [ app_begin ] --END-- [ RunTime:0.001645s ]

[ 2017-09-17T14:16:35+08:00 ] ::1 /yzzh/ytsoft.php?s=/Home/Virtuality/mtlinfo
INFO: [ app_begin ] --START--
INFO: Run Behavior\ReadHtmlCacheBehavior [ RunTime:0.000538s ]
INFO: Run Behavior\CheckLangBehavior [ RunTime:0.000938s ]
INFO: [ app_begin ] --END-- [ RunTime:0.001580s ]

[ 2017-09-17T14:16:37+08:00 ] ::1 /yzzh/ytsoft.php?s=/Home/Virtuality/mtlinfo
INFO: [ app_begin ] --START--
INFO: Run Behavior\ReadHtmlCacheBehavior [ RunTime:0.000549s ]
INFO: Run Behavior\CheckLangBehavior [ RunTime:0.000995s ]
INFO: [ app_begin ] --END-- [ RunTime:0.001651s ]

[ 2017-09-17T14:16:45+08:00 ] ::1 /yzzh/ytsoft.php?s=/Home/Virtuality/mtlinfo
INFO: [ app_begin ] --START--
INFO: Run Behavior\ReadHtmlCacheBehavior [ RunTime:0.000603s ]
INFO: Run Behavior\CheckLangBehavior [ RunTime:0.001052s ]
INFO: [ app_begin ] --END-- [ RunTime:0.001760s ]

[ 2017-09-17T14:17:11+08:00 ] ::1 /yzzh/ytsoft.php?s=/Home/Virtuality/goodscatelist
INFO: [ app_begin ] --START--
INFO: Run Behavior\ReadHtmlCacheBehavior [ RunTime:0.000635s ]
INFO: Run Behavior\CheckLangBehavior [ RunTime:0.001075s ]
INFO: [ app_begin ] --END-- [ RunTime:0.001814s ]

[ 2017-09-17T14:17:12+08:00 ] ::1 /yzzh/ytsoft.php?s=/Home/Virtuality/mtlinfo
INFO: [ app_begin ] --START--
INFO: Run Behavior\ReadHtmlCacheBehavior [ RunTime:0.000563s ]
INFO: Run Behavior\CheckLangBehavior [ RunTime:0.000976s ]
INFO: [ app_begin ] --END-- [ RunTime:0.001644s ]

[ 2017-09-17T14:17:14+08:00 ] ::1 /yzzh/ytsoft.php?s=/Home/Virtuality/mtlinfo
INFO: [ app_begin ] --START--
INFO: Run Behavior\ReadHtmlCacheBehavior [ RunTime:0.000621s ]
INFO: Run Behavior\CheckLangBehavior [ RunTime:0.000977s ]
INFO: [ app_begin ] --END-- [ RunTime:0.001704s ]

[ 2017-09-17T14:17:16+08:00 ] ::1 /yzzh/ytsoft.php?s=/Home/Virtuality/mtlinfo
INFO: [ app_begin ] --START--
INFO: Run Behavior\ReadHtmlCacheBehavior [ RunTime:0.000557s ]
INFO: Run Behavior\CheckLangBehavior [ RunTime:0.000942s ]
INFO: [ app_begin ] --END-- [ RunTime:0.001635s ]

[ 2017-09-17T14:17:22+08:00 ] ::1 /yzzh/ytsoft.php?s=/Home/Virtuality/goodscatelist
INFO: [ app_begin ] --START--
INFO: Run Behavior\ReadHtmlCacheBehavior [ RunTime:0.000659s ]
INFO: Run Behavior\CheckLangBehavior [ RunTime:0.001003s ]
INFO: [ app_begin ] --END-- [ RunTime:0.001779s ]

[ 2017-09-17T14:17:23+08:00 ] ::1 /yzzh/ytsoft.php?s=/Home/Virtuality/mtlinfo
INFO: [ app_begin ] --START--
INFO: Run Behavior\ReadHtmlCacheBehavior [ RunTime:0.000589s ]
INFO: Run Behavior\CheckLangBehavior [ RunTime:0.000993s ]
INFO: [ app_begin ] --END-- [ RunTime:0.001690s ]

[ 2017-09-17T14:17:25+08:00 ] ::1 /yzzh/ytsoft.php?s=/Home/Virtuality/mtlinfo
INFO: [ app_begin ] --START--
INFO: Run Behavior\ReadHtmlCacheBehavior [ RunTime:0.000541s ]
INFO: Run Behavior\CheckLangBehavior [ RunTime:0.000977s ]
INFO: [ app_begin ] --END-- [ RunTime:0.001626s ]

[ 2017-09-17T14:17:28+08:00 ] ::1 /yzzh/ytsoft.php?s=/Home/Virtuality/mtlinfo
INFO: [ app_begin ] --START--
INFO: Run Behavior\ReadHtmlCacheBehavior [ RunTime:0.000630s ]
INFO: Run Behavior\CheckLangBehavior [ RunTime:0.001086s ]
INFO: [ app_begin ] --END-- [ RunTime:0.001829s ]

[ 2017-09-17T14:17:30+08:00 ] ::1 /yzzh/ytsoft.php?s=/Home/Virtuality/mtlinfo
INFO: [ app_begin ] --START--
INFO: Run Behavior\ReadHtmlCacheBehavior [ RunTime:0.000553s ]
INFO: Run Behavior\CheckLangBehavior [ RunTime:0.000991s ]
INFO: [ app_begin ] --END-- [ RunTime:0.001650s ]

[ 2017-09-17T14:18:08+08:00 ] ::1 /yzzh/ytsoft.php?s=/Home/Virtuality/goodscatelist
INFO: [ app_begin ] --START--
INFO: Run Behavior\ReadHtmlCacheBehavior [ RunTime:0.000573s ]
INFO: Run Behavior\CheckLangBehavior [ RunTime:0.001016s ]
INFO: [ app_begin ] --END-- [ RunTime:0.001680s ]

[ 2017-09-17T14:18:09+08:00 ] ::1 /yzzh/ytsoft.php?s=/Home/Virtuality/mtlinfo
INFO: [ app_begin ] --START--
INFO: Run Behavior\ReadHtmlCacheBehavior [ RunTime:0.000584s ]
INFO: Run Behavior\CheckLangBehavior [ RunTime:0.001065s ]
INFO: [ app_begin ] --END-- [ RunTime:0.001771s ]

[ 2017-09-17T14:18:11+08:00 ] ::1 /yzzh/ytsoft.php?s=/Home/Virtuality/mtlinfo
INFO: [ app_begin ] --START--
INFO: Run Behavior\ReadHtmlCacheBehavior [ RunTime:0.000595s ]
INFO: Run Behavior\CheckLangBehavior [ RunTime:0.001000s ]
INFO: [ app_begin ] --END-- [ RunTime:0.001685s ]

[ 2017-09-17T14:18:13+08:00 ] ::1 /yzzh/ytsoft.php?s=/Home/Virtuality/mtlinfo
INFO: [ app_begin ] --START--
INFO: Run Behavior\ReadHtmlCacheBehavior [ RunTime:0.000551s ]
INFO: Run Behavior\CheckLangBehavior [ RunTime:0.001078s ]
INFO: [ app_begin ] --END-- [ RunTime:0.001722s ]

[ 2017-09-17T14:18:15+08:00 ] ::1 /yzzh/ytsoft.php?s=/Home/Virtuality/mtlinfo
INFO: [ app_begin ] --START--
INFO: Run Behavior\ReadHtmlCacheBehavior [ RunTime:0.000545s ]
INFO: Run Behavior\CheckLangBehavior [ RunTime:0.001146s ]
INFO: [ app_begin ] --END-- [ RunTime:0.001826s ]

[ 2017-09-17T14:18:17+08:00 ] ::1 /yzzh/ytsoft.php?s=/Home/Virtuality/mtlinfo
INFO: [ app_begin ] --START--
INFO: Run Behavior\ReadHtmlCacheBehavior [ RunTime:0.000542s ]
INFO: Run Behavior\CheckLangBehavior [ RunTime:0.001012s ]
INFO: [ app_begin ] --END-- [ RunTime:0.001643s ]

[ 2017-09-17T14:21:35+08:00 ] ::1 /yzzh/ytsoft.php?s=/Home/Virtuality/goodscatelist
INFO: [ app_begin ] --START--
INFO: Run Behavior\ReadHtmlCacheBehavior [ RunTime:0.000667s ]
INFO: Run Behavior\CheckLangBehavior [ RunTime:0.001022s ]
INFO: [ app_begin ] --END-- [ RunTime:0.001778s ]

[ 2017-09-17T14:21:36+08:00 ] ::1 /yzzh/ytsoft.php?s=/Home/Virtuality/mtlinfo
INFO: [ app_begin ] --START--
INFO: Run Behavior\ReadHtmlCacheBehavior [ RunTime:0.000647s ]
INFO: Run Behavior\CheckLangBehavior [ RunTime:0.001296s ]
INFO: [ app_begin ] --END-- [ RunTime:0.002055s ]

[ 2017-09-17T14:21:38+08:00 ] ::1 /yzzh/ytsoft.php?s=/Home/Virtuality/mtlinfo
INFO: [ app_begin ] --START--
INFO: Run Behavior\ReadHtmlCacheBehavior [ RunTime:0.000581s ]
INFO: Run Behavior\CheckLangBehavior [ RunTime:0.001061s ]
INFO: [ app_begin ] --END-- [ RunTime:0.001740s ]

[ 2017-09-17T14:21:41+08:00 ] ::1 /yzzh/ytsoft.php?s=/Home/Virtuality/mtlinfo
INFO: [ app_begin ] --START--
INFO: Run Behavior\ReadHtmlCacheBehavior [ RunTime:0.000656s ]
INFO: Run Behavior\CheckLangBehavior [ RunTime:0.001046s ]
INFO: [ app_begin ] --END-- [ RunTime:0.001787s ]

[ 2017-09-17T14:21:43+08:00 ] ::1 /yzzh/ytsoft.php?s=/Home/Virtuality/mtlinfo
INFO: [ app_begin ] --START--
INFO: Run Behavior\ReadHtmlCacheBehavior [ RunTime:0.000610s ]
INFO: Run Behavior\CheckLangBehavior [ RunTime:0.001022s ]
INFO: [ app_begin ] --END-- [ RunTime:0.001719s ]

[ 2017-09-17T14:21:47+08:00 ] ::1 /yzzh/ytsoft.php?s=/Home/Virtuality/goodscatelist
INFO: [ app_begin ] --START--
INFO: Run Behavior\ReadHtmlCacheBehavior [ RunTime:0.000562s ]
INFO: Run Behavior\CheckLangBehavior [ RunTime:0.001131s ]
INFO: [ app_begin ] --END-- [ RunTime:0.001811s ]

[ 2017-09-17T14:21:47+08:00 ] ::1 /yzzh/ytsoft.php?s=/Home/Virtuality/mtlinfo
INFO: [ app_begin ] --START--
INFO: Run Behavior\ReadHtmlCacheBehavior [ RunTime:0.000538s ]
INFO: Run Behavior\CheckLangBehavior [ RunTime:0.001018s ]
INFO: [ app_begin ] --END-- [ RunTime:0.001662s ]

[ 2017-09-17T14:21:55+08:00 ] ::1 /yzzh/ytsoft.php?s=/Home/Virtuality/mtlinfo
INFO: [ app_begin ] --START--
INFO: Run Behavior\ReadHtmlCacheBehavior [ RunTime:0.000528s ]
INFO: Run Behavior\CheckLangBehavior [ RunTime:0.000984s ]
INFO: [ app_begin ] --END-- [ RunTime:0.001603s ]

[ 2017-09-17T14:21:59+08:00 ] ::1 /yzzh/ytsoft.php?s=/Home/Virtuality/mtlinfo
INFO: [ app_begin ] --START--
INFO: Run Behavior\ReadHtmlCacheBehavior [ RunTime:0.000553s ]
INFO: Run Behavior\CheckLangBehavior [ RunTime:0.001245s ]
INFO: [ app_begin ] --END-- [ RunTime:0.001924s ]

[ 2017-09-17T14:22:45+08:00 ] ::1 /yzzh/ytsoft.php?s=/Home/Virtuality/goodscatelist
INFO: [ app_begin ] --START--
INFO: Run Behavior\ReadHtmlCacheBehavior [ RunTime:0.000508s ]
INFO: Run Behavior\CheckLangBehavior [ RunTime:0.001034s ]
INFO: [ app_begin ] --END-- [ RunTime:0.001629s ]

[ 2017-09-17T14:22:46+08:00 ] ::1 /yzzh/ytsoft.php?s=/Home/Virtuality/mtlinfo
INFO: [ app_begin ] --START--
INFO: Run Behavior\ReadHtmlCacheBehavior [ RunTime:0.000576s ]
INFO: Run Behavior\CheckLangBehavior [ RunTime:0.000994s ]
INFO: [ app_begin ] --END-- [ RunTime:0.001667s ]

[ 2017-09-17T14:22:48+08:00 ] ::1 /yzzh/ytsoft.php?s=/Home/Virtuality/mtlinfo
INFO: [ app_begin ] --START--
INFO: Run Behavior\ReadHtmlCacheBehavior [ RunTime:0.000521s ]
INFO: Run Behavior\CheckLangBehavior [ RunTime:0.001018s ]
INFO: [ app_begin ] --END-- [ RunTime:0.001632s ]

[ 2017-09-17T14:22:50+08:00 ] ::1 /yzzh/ytsoft.php?s=/Home/Virtuality/mtlinfo
INFO: [ app_begin ] --START--
INFO: Run Behavior\ReadHtmlCacheBehavior [ RunTime:0.000587s ]
INFO: Run Behavior\CheckLangBehavior [ RunTime:0.001026s ]
INFO: [ app_begin ] --END-- [ RunTime:0.001716s ]

[ 2017-09-17T14:22:52+08:00 ] ::1 /yzzh/ytsoft.php?s=/Home/Virtuality/mtlinfo
INFO: [ app_begin ] --START--
INFO: Run Behavior\ReadHtmlCacheBehavior [ RunTime:0.000570s ]
INFO: Run Behavior\CheckLangBehavior [ RunTime:0.001298s ]
INFO: [ app_begin ] --END-- [ RunTime:0.002011s ]

[ 2017-09-17T14:24:18+08:00 ] ::1 /yzzh/ytsoft.php?s=/Home/Virtuality/goodscatelist
INFO: [ app_begin ] --START--
INFO: Run Behavior\ReadHtmlCacheBehavior [ RunTime:0.000656s ]
INFO: Run Behavior\CheckLangBehavior [ RunTime:0.001164s ]
INFO: [ app_begin ] --END-- [ RunTime:0.001934s ]

[ 2017-09-17T14:24:19+08:00 ] ::1 /yzzh/ytsoft.php?s=/Home/Virtuality/mtlinfo
INFO: [ app_begin ] --START--
INFO: Run Behavior\ReadHtmlCacheBehavior [ RunTime:0.000625s ]
INFO: Run Behavior\CheckLangBehavior [ RunTime:0.001018s ]
INFO: [ app_begin ] --END-- [ RunTime:0.001731s ]

[ 2017-09-17T14:24:21+08:00 ] ::1 /yzzh/ytsoft.php?s=/Home/Virtuality/mtlinfo
INFO: [ app_begin ] --START--
INFO: Run Behavior\ReadHtmlCacheBehavior [ RunTime:0.001229s ]
INFO: Run Behavior\CheckLangBehavior [ RunTime:0.001084s ]
INFO: [ app_begin ] --END-- [ RunTime:0.002698s ]

[ 2017-09-17T14:24:23+08:00 ] ::1 /yzzh/ytsoft.php?s=/Home/Virtuality/mtlinfo
INFO: [ app_begin ] --START--
INFO: Run Behavior\ReadHtmlCacheBehavior [ RunTime:0.000610s ]
INFO: Run Behavior\CheckLangBehavior [ RunTime:0.001038s ]
INFO: [ app_begin ] --END-- [ RunTime:0.001743s ]

[ 2017-09-17T14:24:28+08:00 ] ::1 /yzzh/ytsoft.php?s=/Home/Virtuality/goodscatelist
INFO: [ app_begin ] --START--
INFO: Run Behavior\ReadHtmlCacheBehavior [ RunTime:0.000624s ]
INFO: Run Behavior\CheckLangBehavior [ RunTime:0.001097s ]
INFO: [ app_begin ] --END-- [ RunTime:0.001835s ]

[ 2017-09-17T14:24:29+08:00 ] ::1 /yzzh/ytsoft.php?s=/Home/Virtuality/mtlinfo
INFO: [ app_begin ] --START--
INFO: Run Behavior\ReadHtmlCacheBehavior [ RunTime:0.000656s ]
INFO: Run Behavior\CheckLangBehavior [ RunTime:0.001003s ]
INFO: [ app_begin ] --END-- [ RunTime:0.001750s ]

[ 2017-09-17T14:25:14+08:00 ] ::1 /yzzh/ytsoft.php?s=/Home/Virtuality/goodscatelist
INFO: [ app_begin ] --START--
INFO: Run Behavior\ReadHtmlCacheBehavior [ RunTime:0.000622s ]
INFO: Run Behavior\CheckLangBehavior [ RunTime:0.001195s ]
INFO: [ app_begin ] --END-- [ RunTime:0.001951s ]

[ 2017-09-17T14:25:16+08:00 ] ::1 /yzzh/ytsoft.php?s=/Home/Virtuality/mtlinfo
INFO: [ app_begin ] --START--
INFO: Run Behavior\ReadHtmlCacheBehavior [ RunTime:0.000536s ]
INFO: Run Behavior\CheckLangBehavior [ RunTime:0.000933s ]
INFO: [ app_begin ] --END-- [ RunTime:0.001575s ]

[ 2017-09-17T14:26:42+08:00 ] ::1 /yzzh/ytsoft.php?s=/Home/Virtuality/goodscatelist
INFO: [ app_begin ] --START--
INFO: Run Behavior\ReadHtmlCacheBehavior [ RunTime:0.000592s ]
INFO: Run Behavior\CheckLangBehavior [ RunTime:0.000988s ]
INFO: [ app_begin ] --END-- [ RunTime:0.001677s ]

[ 2017-09-17T14:26:43+08:00 ] ::1 /yzzh/ytsoft.php?s=/Home/Virtuality/mtlinfo
INFO: [ app_begin ] --START--
INFO: Run Behavior\ReadHtmlCacheBehavior [ RunTime:0.000563s ]
INFO: Run Behavior\CheckLangBehavior [ RunTime:0.000987s ]
INFO: [ app_begin ] --END-- [ RunTime:0.001644s ]

[ 2017-09-17T14:26:47+08:00 ] ::1 /yzzh/ytsoft.php?s=/Home/Virtuality/mtlinfo
INFO: [ app_begin ] --START--
INFO: Run Behavior\ReadHtmlCacheBehavior [ RunTime:0.000582s ]
INFO: Run Behavior\CheckLangBehavior [ RunTime:0.001041s ]
INFO: [ app_begin ] --END-- [ RunTime:0.001716s ]

[ 2017-09-17T14:26:49+08:00 ] ::1 /yzzh/ytsoft.php?s=/Home/Virtuality/mtlinfo
INFO: [ app_begin ] --START--
INFO: Run Behavior\ReadHtmlCacheBehavior [ RunTime:0.000560s ]
INFO: Run Behavior\CheckLangBehavior [ RunTime:0.000984s ]
INFO: [ app_begin ] --END-- [ RunTime:0.001638s ]

[ 2017-09-17T14:26:51+08:00 ] ::1 /yzzh/ytsoft.php?s=/Home/Virtuality/mtlinfo
INFO: [ app_begin ] --START--
INFO: Run Behavior\ReadHtmlCacheBehavior [ RunTime:0.000531s ]
INFO: Run Behavior\CheckLangBehavior [ RunTime:0.000978s ]
INFO: [ app_begin ] --END-- [ RunTime:0.001605s ]

[ 2017-09-17T14:26:54+08:00 ] ::1 /yzzh/ytsoft.php?s=/Home/Virtuality/mtlinfo
INFO: [ app_begin ] --START--
INFO: Run Behavior\ReadHtmlCacheBehavior [ RunTime:0.000503s ]
INFO: Run Behavior\CheckLangBehavior [ RunTime:0.000939s ]
INFO: [ app_begin ] --END-- [ RunTime:0.001532s ]

[ 2017-09-17T14:26:56+08:00 ] ::1 /yzzh/ytsoft.php?s=/Home/Virtuality/mtlinfo
INFO: [ app_begin ] --START--
INFO: Run Behavior\ReadHtmlCacheBehavior [ RunTime:0.000566s ]
INFO: Run Behavior\CheckLangBehavior [ RunTime:0.000993s ]
INFO: [ app_begin ] --END-- [ RunTime:0.001652s ]

[ 2017-09-17T14:29:36+08:00 ] ::1 /yzzh/ytsoft.php?s=/Home/Virtuality/mtlinfo
INFO: [ app_begin ] --START--
INFO: Run Behavior\ReadHtmlCacheBehavior [ RunTime:0.000566s ]
INFO: Run Behavior\CheckLangBehavior [ RunTime:0.001036s ]
INFO: [ app_begin ] --END-- [ RunTime:0.001692s ]

[ 2017-09-17T14:29:43+08:00 ] ::1 /yzzh/ytsoft.php?s=/Home/Virtuality/goodscatelist
INFO: [ app_begin ] --START--
INFO: Run Behavior\ReadHtmlCacheBehavior [ RunTime:0.000540s ]
INFO: Run Behavior\CheckLangBehavior [ RunTime:0.001002s ]
INFO: [ app_begin ] --END-- [ RunTime:0.001651s ]

[ 2017-09-17T14:29:45+08:00 ] ::1 /yzzh/ytsoft.php?s=/Home/Virtuality/mtlinfo
INFO: [ app_begin ] --START--
INFO: Run Behavior\ReadHtmlCacheBehavior [ RunTime:0.000564s ]
INFO: Run Behavior\CheckLangBehavior [ RunTime:0.001064s ]
INFO: [ app_begin ] --END-- [ RunTime:0.001737s ]

[ 2017-09-17T14:55:37+08:00 ] ::1 /yzzh/ytsoft.php?s=/Home/Virtuality/goodscatelist
INFO: [ app_begin ] --START--
INFO: Run Behavior\ReadHtmlCacheBehavior [ RunTime:0.000568s ]
INFO: Run Behavior\CheckLangBehavior [ RunTime:0.001032s ]
INFO: [ app_begin ] --END-- [ RunTime:0.001710s ]

[ 2017-09-17T14:55:39+08:00 ] ::1 /yzzh/ytsoft.php?s=/Home/Virtuality/mtlinfo
INFO: [ app_begin ] --START--
INFO: Run Behavior\ReadHtmlCacheBehavior [ RunTime:0.000484s ]
INFO: Run Behavior\CheckLangBehavior [ RunTime:0.000917s ]
INFO: [ app_begin ] --END-- [ RunTime:0.001489s ]

[ 2017-09-17T14:55:49+08:00 ] ::1 /yzzh/ytsoft.php?s=/Home/Virtuality/mtlinfo
INFO: [ app_begin ] --START--
INFO: Run Behavior\ReadHtmlCacheBehavior [ RunTime:0.000559s ]
INFO: Run Behavior\CheckLangBehavior [ RunTime:0.000986s ]
INFO: [ app_begin ] --END-- [ RunTime:0.001637s ]

[ 2017-09-17T14:55:54+08:00 ] ::1 /yzzh/ytsoft.php?s=/Home/Virtuality/mtlinfo
INFO: [ app_begin ] --START--
INFO: Run Behavior\ReadHtmlCacheBehavior [ RunTime:0.000627s ]
INFO: Run Behavior\CheckLangBehavior [ RunTime:0.001007s ]
INFO: [ app_begin ] --END-- [ RunTime:0.001727s ]

[ 2017-09-17T14:57:49+08:00 ] ::1 /yzzh/ytsoft.php?s=/Home/Virtuality/goodscatelist
INFO: [ app_begin ] --START--
INFO: Run Behavior\ReadHtmlCacheBehavior [ RunTime:0.000586s ]
INFO: Run Behavior\CheckLangBehavior [ RunTime:0.001112s ]
INFO: [ app_begin ] --END-- [ RunTime:0.001783s ]

[ 2017-09-17T14:57:55+08:00 ] ::1 /yzzh/ytsoft.php?s=/Home/Virtuality/mtlinfo
INFO: [ app_begin ] --START--
INFO: Run Behavior\ReadHtmlCacheBehavior [ RunTime:0.000598s ]
INFO: Run Behavior\CheckLangBehavior [ RunTime:0.001129s ]
INFO: [ app_begin ] --END-- [ RunTime:0.001820s ]

