[ 2017-09-16T16:45:42+08:00 ] 127.0.0.1 /yzzh/ytsoft.php?s=/Home/Virtuality/goodscatelist
INFO: [ app_begin ] --START--
INFO: Run Behavior\ReadHtmlCacheBehavior [ RunTime:0.000735s ]
INFO: Run Behavior\CheckLangBehavior [ RunTime:0.001101s ]
INFO: [ app_begin ] --END-- [ RunTime:0.001962s ]

[ 2017-09-16T16:45:45+08:00 ] 127.0.0.1 /yzzh/ytsoft.php?s=/Home/Virtuality/check
ERR: µ÷ÊÔµÄ$ca£º{"model_obj":".\/Uploads\/thumb\/2017-09-16\/1505551235_221572251.obj"}
[ 2017-09-16T16:45:45+08:00 ] 127.0.0.1 /yzzh/ytsoft.php?s=/Home/Virtuality/check
INFO: [ app_begin ] --START--
INFO: Run Behavior\ReadHtmlCacheBehavior [ RunTime:0.000588s ]
INFO: Run Behavior\CheckLangBehavior [ RunTime:0.001182s ]
INFO: [ app_begin ] --END-- [ RunTime:0.001862s ]
INFO: [ app_end ] --START--
INFO: Run Behavior\ShowPageTraceBehavior [ RunTime:0.000817s ]
INFO: [ app_end ] --END-- [ RunTime:0.000900s ]

[ 2017-09-16T16:46:08+08:00 ] 127.0.0.1 /yzzh/ytsoft.php?s=/Home/Virtuality/goodscatelist
INFO: [ app_begin ] --START--
INFO: Run Behavior\ReadHtmlCacheBehavior [ RunTime:0.000569s ]
INFO: Run Behavior\CheckLangBehavior [ RunTime:0.001144s ]
INFO: [ app_begin ] --END-- [ RunTime:0.001811s ]

[ 2017-09-16T16:46:15+08:00 ] 127.0.0.1 /yzzh/ytsoft.php?s=/Home/Virtuality/check
ERR: µ÷ÊÔµÄ$ca£º{"model_obj":null}
[ 2017-09-16T16:46:15+08:00 ] 127.0.0.1 /yzzh/ytsoft.php?s=/Home/Virtuality/check
INFO: [ app_begin ] --START--
INFO: Run Behavior\ReadHtmlCacheBehavior [ RunTime:0.000588s ]
INFO: Run Behavior\CheckLangBehavior [ RunTime:0.000959s ]
INFO: [ app_begin ] --END-- [ RunTime:0.001683s ]
INFO: [ app_end ] --START--
INFO: Run Behavior\ShowPageTraceBehavior [ RunTime:0.000568s ]
INFO: [ app_end ] --END-- [ RunTime:0.000661s ]

[ 2017-09-16T16:46:22+08:00 ] 127.0.0.1 /yzzh/ytsoft.php?s=/Home/Virtuality/check
ERR: µ÷ÊÔµÄ$ca£º{"model_obj":null}
[ 2017-09-16T16:46:22+08:00 ] 127.0.0.1 /yzzh/ytsoft.php?s=/Home/Virtuality/check
INFO: [ app_begin ] --START--
INFO: Run Behavior\ReadHtmlCacheBehavior [ RunTime:0.000511s ]
INFO: Run Behavior\CheckLangBehavior [ RunTime:0.000863s ]
INFO: [ app_begin ] --END-- [ RunTime:0.001504s ]
INFO: [ app_end ] --START--
INFO: Run Behavior\ShowPageTraceBehavior [ RunTime:0.000668s ]
INFO: [ app_end ] --END-- [ RunTime:0.000734s ]

[ 2017-09-16T16:47:14+08:00 ] 127.0.0.1 /yzzh/ytsoft.php?s=/Home/Virtuality/goodscatelist
INFO: [ app_begin ] --START--
INFO: Run Behavior\ReadHtmlCacheBehavior [ RunTime:0.000685s ]
INFO: Run Behavior\CheckLangBehavior [ RunTime:0.001340s ]
INFO: [ app_begin ] --END-- [ RunTime:0.002124s ]

[ 2017-09-16T16:47:21+08:00 ] 127.0.0.1 /yzzh/ytsoft.php?s=/Home/Virtuality/check
ERR: µ÷ÊÔµÄ$ca£º{"model_obj":null}
[ 2017-09-16T16:47:21+08:00 ] 127.0.0.1 /yzzh/ytsoft.php?s=/Home/Virtuality/check
INFO: [ app_begin ] --START--
INFO: Run Behavior\ReadHtmlCacheBehavior [ RunTime:0.000602s ]
INFO: Run Behavior\CheckLangBehavior [ RunTime:0.001087s ]
INFO: [ app_begin ] --END-- [ RunTime:0.001789s ]
INFO: [ app_end ] --START--
INFO: Run Behavior\ShowPageTraceBehavior [ RunTime:0.000581s ]
INFO: [ app_end ] --END-- [ RunTime:0.000650s ]

[ 2017-09-16T16:47:36+08:00 ] 127.0.0.1 /yzzh/ytsoft.php?s=/Home/Virtuality/check
ERR: µ÷ÊÔµÄ$ca£º{"model_obj":".\/Uploads\/thumb\/2017-09-16\/1505551235_221572251.obj"}
[ 2017-09-16T16:47:36+08:00 ] 127.0.0.1 /yzzh/ytsoft.php?s=/Home/Virtuality/check
INFO: [ app_begin ] --START--
INFO: Run Behavior\ReadHtmlCacheBehavior [ RunTime:0.000605s ]
INFO: Run Behavior\CheckLangBehavior [ RunTime:0.001108s ]
INFO: [ app_begin ] --END-- [ RunTime:0.001805s ]
INFO: [ app_end ] --START--
INFO: Run Behavior\ShowPageTraceBehavior [ RunTime:0.000657s ]
INFO: [ app_end ] --END-- [ RunTime:0.000716s ]

[ 2017-09-16T16:49:15+08:00 ] 127.0.0.1 /yzzh/ytsoft.php?s=/Home/Virtuality/goodscatelist
INFO: [ app_begin ] --START--
INFO: Run Behavior\ReadHtmlCacheBehavior [ RunTime:0.000575s ]
INFO: Run Behavior\CheckLangBehavior [ RunTime:0.000984s ]
INFO: [ app_begin ] --END-- [ RunTime:0.001652s ]

[ 2017-09-16T16:49:18+08:00 ] 127.0.0.1 /yzzh/ytsoft.php?s=/Home/Virtuality/check
INFO: [ app_begin ] --START--
INFO: Run Behavior\ReadHtmlCacheBehavior [ RunTime:0.000505s ]
INFO: Run Behavior\CheckLangBehavior [ RunTime:0.000992s ]
INFO: [ app_begin ] --END-- [ RunTime:0.001590s ]

[ 2017-09-16T16:49:23+08:00 ] 127.0.0.1 /yzzh/ytsoft.php?s=/Home/Virtuality/check
INFO: [ app_begin ] --START--
INFO: Run Behavior\ReadHtmlCacheBehavior [ RunTime:0.000610s ]
INFO: Run Behavior\CheckLangBehavior [ RunTime:0.001066s ]
INFO: [ app_begin ] --END-- [ RunTime:0.001794s ]

[ 2017-09-16T16:49:27+08:00 ] 127.0.0.1 /yzzh/ytsoft.php?s=/Home/Virtuality/goodscatelist
INFO: [ app_begin ] --START--
INFO: Run Behavior\ReadHtmlCacheBehavior [ RunTime:0.000603s ]
INFO: Run Behavior\CheckLangBehavior [ RunTime:0.000959s ]
INFO: [ app_begin ] --END-- [ RunTime:0.001662s ]

[ 2017-09-16T16:49:33+08:00 ] 127.0.0.1 /yzzh/ytsoft.php?s=/Home/Virtuality/check
INFO: [ app_begin ] --START--
INFO: Run Behavior\ReadHtmlCacheBehavior [ RunTime:0.000410s ]
INFO: Run Behavior\CheckLangBehavior [ RunTime:0.000689s ]
INFO: [ app_begin ] --END-- [ RunTime:0.001202s ]

[ 2017-09-16T16:49:43+08:00 ] 127.0.0.1 /yzzh/ytsoft.php?s=/Home/Virtuality/check
INFO: [ app_begin ] --START--
INFO: Run Behavior\ReadHtmlCacheBehavior [ RunTime:0.000528s ]
INFO: Run Behavior\CheckLangBehavior [ RunTime:0.001108s ]
INFO: [ app_begin ] --END-- [ RunTime:0.001751s ]

[ 2017-09-16T16:49:48+08:00 ] 127.0.0.1 /yzzh/ytsoft.php?s=/Home/Virtuality/check
INFO: [ app_begin ] --START--
INFO: Run Behavior\ReadHtmlCacheBehavior [ RunTime:0.000563s ]
INFO: Run Behavior\CheckLangBehavior [ RunTime:0.001084s ]
INFO: [ app_begin ] --END-- [ RunTime:0.001746s ]

[ 2017-09-16T16:49:51+08:00 ] 127.0.0.1 /yzzh/ytsoft.php?s=/Home/Virtuality/check
INFO: [ app_begin ] --START--
INFO: Run Behavior\ReadHtmlCacheBehavior [ RunTime:0.000397s ]
INFO: Run Behavior\CheckLangBehavior [ RunTime:0.000707s ]
INFO: [ app_begin ] --END-- [ RunTime:0.001187s ]

[ 2017-09-16T16:49:59+08:00 ] 127.0.0.1 /yzzh/ytsoft.php?s=/Home/Virtuality/goodscatelist
INFO: [ app_begin ] --START--
INFO: Run Behavior\ReadHtmlCacheBehavior [ RunTime:0.000512s ]
INFO: Run Behavior\CheckLangBehavior [ RunTime:0.000938s ]
INFO: [ app_begin ] --END-- [ RunTime:0.001544s ]

[ 2017-09-16T16:50:02+08:00 ] 127.0.0.1 /yzzh/ytsoft.php?s=/Home/Virtuality/check
INFO: [ app_begin ] --START--
INFO: Run Behavior\ReadHtmlCacheBehavior [ RunTime:0.000505s ]
INFO: Run Behavior\CheckLangBehavior [ RunTime:0.000946s ]
INFO: [ app_begin ] --END-- [ RunTime:0.001537s ]

[ 2017-09-16T16:50:36+08:00 ] 127.0.0.1 /yzzh/ytsoft.php?s=/Home/Virtuality/goodscatelist
INFO: [ app_begin ] --START--
INFO: Run Behavior\ReadHtmlCacheBehavior [ RunTime:0.000545s ]
INFO: Run Behavior\CheckLangBehavior [ RunTime:0.001022s ]
INFO: [ app_begin ] --END-- [ RunTime:0.001660s ]

[ 2017-09-16T16:50:40+08:00 ] 127.0.0.1 /yzzh/ytsoft.php?s=/Home/Virtuality/check
INFO: [ app_begin ] --START--
INFO: Run Behavior\ReadHtmlCacheBehavior [ RunTime:0.000526s ]
INFO: Run Behavior\CheckLangBehavior [ RunTime:0.001008s ]
INFO: [ app_begin ] --END-- [ RunTime:0.001627s ]

[ 2017-09-16T16:50:43+08:00 ] 127.0.0.1 /yzzh/ytsoft.php?s=/Home/Virtuality/check
INFO: [ app_begin ] --START--
INFO: Run Behavior\ReadHtmlCacheBehavior [ RunTime:0.000546s ]
INFO: Run Behavior\CheckLangBehavior [ RunTime:0.001175s ]
INFO: [ app_begin ] --END-- [ RunTime:0.001816s ]

[ 2017-09-16T16:50:47+08:00 ] 127.0.0.1 /yzzh/ytsoft.php?s=/Home/Virtuality/check
INFO: [ app_begin ] --START--
INFO: Run Behavior\ReadHtmlCacheBehavior [ RunTime:0.000523s ]
INFO: Run Behavior\CheckLangBehavior [ RunTime:0.000990s ]
INFO: [ app_begin ] --END-- [ RunTime:0.001617s ]

[ 2017-09-16T16:50:52+08:00 ] 127.0.0.1 /yzzh/ytsoft.php?s=/Home/Virtuality/goodscatelist
INFO: [ app_begin ] --START--
INFO: Run Behavior\ReadHtmlCacheBehavior [ RunTime:0.000583s ]
INFO: Run Behavior\CheckLangBehavior [ RunTime:0.001062s ]
INFO: [ app_begin ] --END-- [ RunTime:0.001722s ]

[ 2017-09-16T16:50:54+08:00 ] 127.0.0.1 /yzzh/ytsoft.php?s=/Home/Virtuality/check
INFO: [ app_begin ] --START--
INFO: Run Behavior\ReadHtmlCacheBehavior [ RunTime:0.000554s ]
INFO: Run Behavior\CheckLangBehavior [ RunTime:0.001002s ]
INFO: [ app_begin ] --END-- [ RunTime:0.001638s ]

[ 2017-09-16T16:51:03+08:00 ] 127.0.0.1 /yzzh/ytsoft.php?s=/Home/Virtuality/check
INFO: [ app_begin ] --START--
INFO: Run Behavior\ReadHtmlCacheBehavior [ RunTime:0.000726s ]
INFO: Run Behavior\CheckLangBehavior [ RunTime:0.002908s ]
INFO: [ app_begin ] --END-- [ RunTime:0.003751s ]

[ 2017-09-16T16:51:11+08:00 ] 127.0.0.1 /yzzh/ytsoft.php?s=/Home/Virtuality/check
INFO: [ app_begin ] --START--
INFO: Run Behavior\ReadHtmlCacheBehavior [ RunTime:0.000834s ]
INFO: Run Behavior\CheckLangBehavior [ RunTime:0.001428s ]
INFO: [ app_begin ] --END-- [ RunTime:0.002387s ]

[ 2017-09-16T16:52:40+08:00 ] 127.0.0.1 /yzzh/ytsoft.php?s=/Home/Virtuality/goodscatelist
INFO: [ app_begin ] --START--
INFO: Run Behavior\ReadHtmlCacheBehavior [ RunTime:0.000578s ]
INFO: Run Behavior\CheckLangBehavior [ RunTime:0.001037s ]
INFO: [ app_begin ] --END-- [ RunTime:0.001713s ]

[ 2017-09-16T16:52:43+08:00 ] 127.0.0.1 /yzzh/ytsoft.php?s=/Home/Virtuality/check
INFO: [ app_begin ] --START--
INFO: Run Behavior\ReadHtmlCacheBehavior [ RunTime:0.000655s ]
INFO: Run Behavior\CheckLangBehavior [ RunTime:0.001093s ]
INFO: [ app_begin ] --END-- [ RunTime:0.001849s ]

[ 2017-09-16T16:52:46+08:00 ] 127.0.0.1 /yzzh/ytsoft.php?s=/Home/Virtuality/check
INFO: [ app_begin ] --START--
INFO: Run Behavior\ReadHtmlCacheBehavior [ RunTime:0.000539s ]
INFO: Run Behavior\CheckLangBehavior [ RunTime:0.001093s ]
INFO: [ app_begin ] --END-- [ RunTime:0.001747s ]

[ 2017-09-16T16:53:07+08:00 ] 127.0.0.1 /yzzh/ytsoft.php?s=/Home/Virtuality/check
INFO: [ app_begin ] --START--
INFO: Run Behavior\ReadHtmlCacheBehavior [ RunTime:0.000575s ]
INFO: Run Behavior\CheckLangBehavior [ RunTime:0.001367s ]
INFO: [ app_begin ] --END-- [ RunTime:0.002056s ]

[ 2017-09-16T16:55:16+08:00 ] ::1 /yzzh/ytsoft.php?s=/Home/Virtuality/goodscatelist
INFO: [ app_begin ] --START--
INFO: Run Behavior\ReadHtmlCacheBehavior [ RunTime:0.000557s ]
INFO: Run Behavior\CheckLangBehavior [ RunTime:0.001013s ]
INFO: [ app_begin ] --END-- [ RunTime:0.001703s ]

[ 2017-09-16T16:55:19+08:00 ] ::1 /yzzh/ytsoft.php?s=/Home/Virtuality/check
INFO: [ app_begin ] --START--
INFO: Run Behavior\ReadHtmlCacheBehavior [ RunTime:0.000570s ]
INFO: Run Behavior\CheckLangBehavior [ RunTime:0.001060s ]
INFO: [ app_begin ] --END-- [ RunTime:0.001727s ]

[ 2017-09-16T16:55:22+08:00 ] ::1 /yzzh/ytsoft.php?s=/Home/Virtuality/upload
ERR: è°ƒè¯•çš„$_FILESï¼š{"files":{"name":["man.obj"],"type":["application\/octet-stream"],"tmp_name":["D:\\wamp64\\tmp\\phpAD7A.tmp"],"error":[0],"size":[668569]}}
[ 2017-09-16T16:55:23+08:00 ] ::1 /yzzh/ytsoft.php?s=/Home/Virtuality/upload
INFO: [ app_begin ] --START--
INFO: Run Behavior\ReadHtmlCacheBehavior [ RunTime:0.000528s ]
INFO: Run Behavior\CheckLangBehavior [ RunTime:0.000973s ]
INFO: [ app_begin ] --END-- [ RunTime:0.001580s ]
NOTIC: [2] call_user_func() expects parameter 1 to be a valid callback, no array or string given D:\wamp64\www\yzzh\ThinkPHP\Library\Think\Upload.class.php ç¬¬ 175 è¡Œ.

[ 2017-09-16T16:55:28+08:00 ] ::1 /yzzh/ytsoft.php?s=/Home/Virtuality/goodscatelist
INFO: [ app_begin ] --START--
INFO: Run Behavior\ReadHtmlCacheBehavior [ RunTime:0.001394s ]
INFO: Run Behavior\CheckLangBehavior [ RunTime:0.001152s ]
INFO: [ app_begin ] --END-- [ RunTime:0.002663s ]

[ 2017-09-16T16:55:34+08:00 ] ::1 /yzzh/ytsoft.php?s=/Home/Virtuality/check
INFO: [ app_begin ] --START--
INFO: Run Behavior\ReadHtmlCacheBehavior [ RunTime:0.000589s ]
INFO: Run Behavior\CheckLangBehavior [ RunTime:0.002067s ]
INFO: [ app_begin ] --END-- [ RunTime:0.002839s ]

[ 2017-09-16T16:57:30+08:00 ] ::1 /yzzh/ytsoft.php?s=/Home/Virtuality/goodscatelist
INFO: [ app_begin ] --START--
INFO: Run Behavior\ReadHtmlCacheBehavior [ RunTime:0.000607s ]
INFO: Run Behavior\CheckLangBehavior [ RunTime:0.001003s ]
INFO: [ app_begin ] --END-- [ RunTime:0.001695s ]

[ 2017-09-16T16:57:33+08:00 ] ::1 /yzzh/ytsoft.php?s=/Home/Virtuality/check
INFO: [ app_begin ] --START--
INFO: Run Behavior\ReadHtmlCacheBehavior [ RunTime:0.000605s ]
INFO: Run Behavior\CheckLangBehavior [ RunTime:0.001038s ]
INFO: [ app_begin ] --END-- [ RunTime:0.001749s ]

[ 2017-09-16T16:57:34+08:00 ] ::1 /yzzh/ytsoft.php?s=/Home/Virtuality/upload
ERR: è°ƒè¯•çš„$_FILESï¼š{"files":{"name":["man.obj"],"type":["application\/octet-stream"],"tmp_name":["D:\\wamp64\\tmp\\phpB149.tmp"],"error":[0],"size":[668569]}}
[ 2017-09-16T16:57:35+08:00 ] ::1 /yzzh/ytsoft.php?s=/Home/Virtuality/upload
INFO: [ app_begin ] --START--
INFO: Run Behavior\ReadHtmlCacheBehavior [ RunTime:0.000553s ]
INFO: Run Behavior\CheckLangBehavior [ RunTime:0.001598s ]
INFO: [ app_begin ] --END-- [ RunTime:0.002296s ]
NOTIC: [2] call_user_func() expects parameter 1 to be a valid callback, no array or string given D:\wamp64\www\yzzh\ThinkPHP\Library\Think\Upload.class.php ç¬¬ 175 è¡Œ.

[ 2017-09-16T16:57:38+08:00 ] ::1 /yzzh/ytsoft.php?s=/Home/Virtuality/goodscatelist
INFO: [ app_begin ] --START--
INFO: Run Behavior\ReadHtmlCacheBehavior [ RunTime:0.000556s ]
INFO: Run Behavior\CheckLangBehavior [ RunTime:0.001088s ]
INFO: [ app_begin ] --END-- [ RunTime:0.001730s ]

[ 2017-09-16T16:57:41+08:00 ] ::1 /yzzh/ytsoft.php?s=/Home/Virtuality/check
INFO: [ app_begin ] --START--
INFO: Run Behavior\ReadHtmlCacheBehavior [ RunTime:0.000564s ]
INFO: Run Behavior\CheckLangBehavior [ RunTime:0.001007s ]
INFO: [ app_begin ] --END-- [ RunTime:0.001655s ]

[ 2017-09-16T16:58:27+08:00 ] ::1 /yzzh/ytsoft.php?s=/Home/Virtuality/goodscatelist
INFO: [ app_begin ] --START--
INFO: Run Behavior\ReadHtmlCacheBehavior [ RunTime:0.000656s ]
INFO: Run Behavior\CheckLangBehavior [ RunTime:0.001071s ]
INFO: [ app_begin ] --END-- [ RunTime:0.001825s ]

[ 2017-09-16T16:58:30+08:00 ] ::1 /yzzh/ytsoft.php?s=/Home/Virtuality/check
INFO: [ app_begin ] --START--
INFO: Run Behavior\ReadHtmlCacheBehavior [ RunTime:0.000592s ]
INFO: Run Behavior\CheckLangBehavior [ RunTime:0.001075s ]
INFO: [ app_begin ] --END-- [ RunTime:0.001797s ]

[ 2017-09-16T16:58:33+08:00 ] ::1 /yzzh/ytsoft.php?s=/Home/Virtuality/check
INFO: [ app_begin ] --START--
INFO: Run Behavior\ReadHtmlCacheBehavior [ RunTime:0.000676s ]
INFO: Run Behavior\CheckLangBehavior [ RunTime:0.001181s ]
INFO: [ app_begin ] --END-- [ RunTime:0.001976s ]

[ 2017-09-16T16:58:37+08:00 ] ::1 /yzzh/ytsoft.php?s=/Home/Virtuality/goodscatelist
INFO: [ app_begin ] --START--
INFO: Run Behavior\ReadHtmlCacheBehavior [ RunTime:0.001293s ]
INFO: Run Behavior\CheckLangBehavior [ RunTime:0.001075s ]
INFO: [ app_begin ] --END-- [ RunTime:0.002646s ]

[ 2017-09-16T16:58:40+08:00 ] ::1 /yzzh/ytsoft.php?s=/Home/Virtuality/check
INFO: [ app_begin ] --START--
INFO: Run Behavior\ReadHtmlCacheBehavior [ RunTime:0.000585s ]
INFO: Run Behavior\CheckLangBehavior [ RunTime:0.001239s ]
INFO: [ app_begin ] --END-- [ RunTime:0.001984s ]

[ 2017-09-16T16:59:14+08:00 ] ::1 /yzzh/ytsoft.php?s=/Home/Virtuality/check
INFO: [ app_begin ] --START--
INFO: Run Behavior\ReadHtmlCacheBehavior [ RunTime:0.000637s ]
INFO: Run Behavior\CheckLangBehavior [ RunTime:0.001022s ]
INFO: [ app_begin ] --END-- [ RunTime:0.001768s ]

[ 2017-09-16T16:59:21+08:00 ] ::1 /yzzh/ytsoft.php?s=/Home/Virtuality/check
INFO: [ app_begin ] --START--
INFO: Run Behavior\ReadHtmlCacheBehavior [ RunTime:0.000581s ]
INFO: Run Behavior\CheckLangBehavior [ RunTime:0.001194s ]
INFO: [ app_begin ] --END-- [ RunTime:0.001870s ]

[ 2017-09-16T16:59:49+08:00 ] ::1 /yzzh/ytsoft.php?s=/Home/Virtuality/goodscatelist
INFO: [ app_begin ] --START--
INFO: Run Behavior\ReadHtmlCacheBehavior [ RunTime:0.000550s ]
INFO: Run Behavior\CheckLangBehavior [ RunTime:0.001008s ]
INFO: [ app_begin ] --END-- [ RunTime:0.001665s ]

[ 2017-09-16T16:59:52+08:00 ] ::1 /yzzh/ytsoft.php?s=/Home/Virtuality/check
INFO: [ app_begin ] --START--
INFO: Run Behavior\ReadHtmlCacheBehavior [ RunTime:0.000592s ]
INFO: Run Behavior\CheckLangBehavior [ RunTime:0.000979s ]
INFO: [ app_begin ] --END-- [ RunTime:0.001697s ]

[ 2017-09-16T16:59:56+08:00 ] ::1 /yzzh/ytsoft.php?s=/Home/Virtuality/check
INFO: [ app_begin ] --START--
INFO: Run Behavior\ReadHtmlCacheBehavior [ RunTime:0.000619s ]
INFO: Run Behavior\CheckLangBehavior [ RunTime:0.001167s ]
INFO: [ app_begin ] --END-- [ RunTime:0.001897s ]

[ 2017-09-16T17:00:00+08:00 ] ::1 /yzzh/ytsoft.php?s=/Home/Virtuality/check
INFO: [ app_begin ] --START--
INFO: Run Behavior\ReadHtmlCacheBehavior [ RunTime:0.001525s ]
INFO: Run Behavior\CheckLangBehavior [ RunTime:0.001109s ]
INFO: [ app_begin ] --END-- [ RunTime:0.002738s ]

[ 2017-09-16T17:01:25+08:00 ] ::1 /yzzh/ytsoft.php?s=/Home/Virtuality/goodscatelist
INFO: [ app_begin ] --START--
INFO: Run Behavior\ReadHtmlCacheBehavior [ RunTime:0.000613s ]
INFO: Run Behavior\CheckLangBehavior [ RunTime:0.001090s ]
INFO: [ app_begin ] --END-- [ RunTime:0.001797s ]

[ 2017-09-16T17:01:28+08:00 ] ::1 /yzzh/ytsoft.php?s=/Home/Virtuality/check
INFO: [ app_begin ] --START--
INFO: Run Behavior\ReadHtmlCacheBehavior [ RunTime:0.000547s ]
INFO: Run Behavior\CheckLangBehavior [ RunTime:0.000991s ]
INFO: [ app_begin ] --END-- [ RunTime:0.001629s ]

[ 2017-09-16T17:01:33+08:00 ] ::1 /yzzh/ytsoft.php?s=/Home/Virtuality/goodscatelist
INFO: [ app_begin ] --START--
INFO: Run Behavior\ReadHtmlCacheBehavior [ RunTime:0.000601s ]
INFO: Run Behavior\CheckLangBehavior [ RunTime:0.001112s ]
INFO: [ app_begin ] --END-- [ RunTime:0.001810s ]

[ 2017-09-16T17:01:36+08:00 ] ::1 /yzzh/ytsoft.php?s=/Home/Virtuality/check
INFO: [ app_begin ] --START--
INFO: Run Behavior\ReadHtmlCacheBehavior [ RunTime:0.000631s ]
INFO: Run Behavior\CheckLangBehavior [ RunTime:0.001235s ]
INFO: [ app_begin ] --END-- [ RunTime:0.002007s ]

[ 2017-09-16T17:01:41+08:00 ] ::1 /yzzh/ytsoft.php?s=/Home/Virtuality/upload
ERR: è°ƒè¯•çš„$_FILESï¼š{"files":{"name":["man.obj"],"type":["application\/octet-stream"],"tmp_name":["D:\\wamp64\\tmp\\php7279.tmp"],"error":[0],"size":[668569]}}
[ 2017-09-16T17:01:41+08:00 ] ::1 /yzzh/ytsoft.php?s=/Home/Virtuality/upload
INFO: [ app_begin ] --START--
INFO: Run Behavior\ReadHtmlCacheBehavior [ RunTime:0.000577s ]
INFO: Run Behavior\CheckLangBehavior [ RunTime:0.001193s ]
INFO: [ app_begin ] --END-- [ RunTime:0.001882s ]
NOTIC: [2] call_user_func() expects parameter 1 to be a valid callback, no array or string given D:\wamp64\www\yzzh\ThinkPHP\Library\Think\Upload.class.php ç¬¬ 175 è¡Œ.

[ 2017-09-16T17:01:47+08:00 ] ::1 /yzzh/ytsoft.php?s=/Home/Virtuality/upload
ERR: è°ƒè¯•çš„$_FILESï¼š{"files":{"name":["man.mtl"],"type":["application\/octet-stream"],"tmp_name":["D:\\wamp64\\tmp\\php8A86.tmp"],"error":[0],"size":[965]}}
[ 2017-09-16T17:01:47+08:00 ] ::1 /yzzh/ytsoft.php?s=/Home/Virtuality/upload
INFO: [ app_begin ] --START--
INFO: Run Behavior\ReadHtmlCacheBehavior [ RunTime:0.001034s ]
INFO: Run Behavior\CheckLangBehavior [ RunTime:0.001198s ]
INFO: [ app_begin ] --END-- [ RunTime:0.002353s ]
NOTIC: [2] call_user_func() expects parameter 1 to be a valid callback, no array or string given D:\wamp64\www\yzzh\ThinkPHP\Library\Think\Upload.class.php ç¬¬ 175 è¡Œ.
NOTIC: [8] Undefined variable: data1 D:\wamp64\www\yzzh\Application\Home\Controller\VirtualityController.class.php ç¬¬ 111 è¡Œ.

[ 2017-09-16T17:01:48+08:00 ] ::1 /yzzh/ytsoft.php?s=/Home/Virtuality/mtlinfo
INFO: [ app_begin ] --START--
INFO: Run Behavior\ReadHtmlCacheBehavior [ RunTime:0.000574s ]
INFO: Run Behavior\CheckLangBehavior [ RunTime:0.001104s ]
INFO: [ app_begin ] --END-- [ RunTime:0.001769s ]

[ 2017-09-16T17:01:56+08:00 ] ::1 /yzzh/ytsoft.php?s=/Home/Virtuality/goodscatelist
INFO: [ app_begin ] --START--
INFO: Run Behavior\ReadHtmlCacheBehavior [ RunTime:0.001784s ]
INFO: Run Behavior\CheckLangBehavior [ RunTime:0.001502s ]
INFO: [ app_begin ] --END-- [ RunTime:0.003450s ]

[ 2017-09-16T17:02:02+08:00 ] ::1 /yzzh/ytsoft.php?s=/Home/Virtuality/goodscatelist
INFO: [ app_begin ] --START--
INFO: Run Behavior\ReadHtmlCacheBehavior [ RunTime:0.001819s ]
INFO: Run Behavior\CheckLangBehavior [ RunTime:0.001081s ]
INFO: [ app_begin ] --END-- [ RunTime:0.003224s ]

[ 2017-09-16T17:02:05+08:00 ] ::1 /yzzh/ytsoft.php?s=/Home/Virtuality/check
INFO: [ app_begin ] --START--
INFO: Run Behavior\ReadHtmlCacheBehavior [ RunTime:0.000559s ]
INFO: Run Behavior\CheckLangBehavior [ RunTime:0.001108s ]
INFO: [ app_begin ] --END-- [ RunTime:0.001765s ]

[ 2017-09-16T17:02:16+08:00 ] ::1 /yzzh/ytsoft.php?s=/Home/Virtuality/goodscatelist
INFO: [ app_begin ] --START--
INFO: Run Behavior\ReadHtmlCacheBehavior [ RunTime:0.000491s ]
INFO: Run Behavior\CheckLangBehavior [ RunTime:0.001481s ]
INFO: [ app_begin ] --END-- [ RunTime:0.002079s ]

[ 2017-09-16T17:02:27+08:00 ] ::1 /yzzh/ytsoft.php?s=/Home/Virtuality/check
INFO: [ app_begin ] --START--
INFO: Run Behavior\ReadHtmlCacheBehavior [ RunTime:0.000549s ]
INFO: Run Behavior\CheckLangBehavior [ RunTime:0.001147s ]
INFO: [ app_begin ] --END-- [ RunTime:0.001799s ]

[ 2017-09-16T17:02:29+08:00 ] ::1 /yzzh/ytsoft.php?s=/Home/Virtuality/goodscatelist
INFO: [ app_begin ] --START--
INFO: Run Behavior\ReadHtmlCacheBehavior [ RunTime:0.001781s ]
INFO: Run Behavior\CheckLangBehavior [ RunTime:0.001062s ]
INFO: [ app_begin ] --END-- [ RunTime:0.003014s ]

[ 2017-09-16T17:02:34+08:00 ] ::1 /yzzh/ytsoft.php?s=/Home/Virtuality/check
INFO: [ app_begin ] --START--
INFO: Run Behavior\ReadHtmlCacheBehavior [ RunTime:0.000577s ]
INFO: Run Behavior\CheckLangBehavior [ RunTime:0.000999s ]
INFO: [ app_begin ] --END-- [ RunTime:0.001673s ]

[ 2017-09-16T17:02:44+08:00 ] ::1 /yzzh/ytsoft.php?s=/Home/Virtuality/check
INFO: [ app_begin ] --START--
INFO: Run Behavior\ReadHtmlCacheBehavior [ RunTime:0.000633s ]
INFO: Run Behavior\CheckLangBehavior [ RunTime:0.000978s ]
INFO: [ app_begin ] --END-- [ RunTime:0.001720s ]

[ 2017-09-16T17:03:00+08:00 ] ::1 /yzzh/ytsoft.php?s=/Home/Virtuality/goodscatelist
INFO: [ app_begin ] --START--
INFO: Run Behavior\ReadHtmlCacheBehavior [ RunTime:0.000595s ]
INFO: Run Behavior\CheckLangBehavior [ RunTime:0.000971s ]
INFO: [ app_begin ] --END-- [ RunTime:0.001659s ]

[ 2017-09-16T17:03:43+08:00 ] ::1 /yzzh/ytsoft.php?s=/Home/Virtuality/goodscatelist
INFO: [ app_begin ] --START--
INFO: Run Behavior\ReadHtmlCacheBehavior [ RunTime:0.000500s ]
INFO: Run Behavior\CheckLangBehavior [ RunTime:0.001594s ]
INFO: [ app_begin ] --END-- [ RunTime:0.002238s ]

[ 2017-09-16T17:10:22+08:00 ] ::1 /yzzh/ytsoft.php?s=/Home/Virtuality/goodscatelist
INFO: [ app_begin ] --START--
INFO: Run Behavior\ReadHtmlCacheBehavior [ RunTime:0.000613s ]
INFO: Run Behavior\CheckLangBehavior [ RunTime:0.001005s ]
INFO: [ app_begin ] --END-- [ RunTime:0.001715s ]

[ 2017-09-16T17:10:25+08:00 ] ::1 /yzzh/ytsoft.php?s=/Home/Virtuality/check
INFO: [ app_begin ] --START--
INFO: Run Behavior\ReadHtmlCacheBehavior [ RunTime:0.000558s ]
INFO: Run Behavior\CheckLangBehavior [ RunTime:0.000901s ]
INFO: [ app_begin ] --END-- [ RunTime:0.001550s ]

[ 2017-09-16T17:11:27+08:00 ] ::1 /yzzh/ytsoft.php?s=/Home/Virtuality/goodscatelist
INFO: [ app_begin ] --START--
INFO: Run Behavior\ReadHtmlCacheBehavior [ RunTime:0.000537s ]
INFO: Run Behavior\CheckLangBehavior [ RunTime:0.001034s ]
INFO: [ app_begin ] --END-- [ RunTime:0.001661s ]

[ 2017-09-16T17:11:30+08:00 ] ::1 /yzzh/ytsoft.php?s=/Home/Virtuality/check
INFO: [ app_begin ] --START--
INFO: Run Behavior\ReadHtmlCacheBehavior [ RunTime:0.000632s ]
INFO: Run Behavior\CheckLangBehavior [ RunTime:0.001069s ]
INFO: [ app_begin ] --END-- [ RunTime:0.001801s ]

[ 2017-09-16T17:12:47+08:00 ] ::1 /yzzh/ytsoft.php?s=/Home/Virtuality/goodscatelist
INFO: [ app_begin ] --START--
INFO: Run Behavior\ReadHtmlCacheBehavior [ RunTime:0.000552s ]
INFO: Run Behavior\CheckLangBehavior [ RunTime:0.000981s ]
INFO: [ app_begin ] --END-- [ RunTime:0.001627s ]

[ 2017-09-16T17:12:49+08:00 ] ::1 /yzzh/ytsoft.php?s=/Home/Virtuality/check
INFO: [ app_begin ] --START--
INFO: Run Behavior\ReadHtmlCacheBehavior [ RunTime:0.000579s ]
INFO: Run Behavior\CheckLangBehavior [ RunTime:0.001015s ]
INFO: [ app_begin ] --END-- [ RunTime:0.001695s ]

[ 2017-09-16T17:13:12+08:00 ] ::1 /yzzh/ytsoft.php?s=/Home/Virtuality/goodscatelist
INFO: [ app_begin ] --START--
INFO: Run Behavior\ReadHtmlCacheBehavior [ RunTime:0.000516s ]
INFO: Run Behavior\CheckLangBehavior [ RunTime:0.000961s ]
INFO: [ app_begin ] --END-- [ RunTime:0.001570s ]

[ 2017-09-16T17:13:15+08:00 ] ::1 /yzzh/ytsoft.php?s=/Home/Virtuality/check
INFO: [ app_begin ] --START--
INFO: Run Behavior\ReadHtmlCacheBehavior [ RunTime:0.000486s ]
INFO: Run Behavior\CheckLangBehavior [ RunTime:0.000983s ]
INFO: [ app_begin ] --END-- [ RunTime:0.001562s ]

[ 2017-09-16T17:13:17+08:00 ] ::1 /yzzh/ytsoft.php?s=/Home/Virtuality/upload
ERR: è°ƒè¯•çš„$_FILESï¼š{"files":{"name":["man.obj"],"type":["application\/octet-stream"],"tmp_name":["D:\\wamp64\\tmp\\php115A.tmp"],"error":[0],"size":[668569]}}
[ 2017-09-16T17:13:17+08:00 ] ::1 /yzzh/ytsoft.php?s=/Home/Virtuality/upload
INFO: [ app_begin ] --START--
INFO: Run Behavior\ReadHtmlCacheBehavior [ RunTime:0.000536s ]
INFO: Run Behavior\CheckLangBehavior [ RunTime:0.001008s ]
INFO: [ app_begin ] --END-- [ RunTime:0.001635s ]
NOTIC: [2] call_user_func() expects parameter 1 to be a valid callback, no array or string given D:\wamp64\www\yzzh\ThinkPHP\Library\Think\Upload.class.php ç¬¬ 175 è¡Œ.

[ 2017-09-16T17:13:21+08:00 ] ::1 /yzzh/ytsoft.php?s=/Home/Virtuality/check
INFO: [ app_begin ] --START--
INFO: Run Behavior\ReadHtmlCacheBehavior [ RunTime:0.000561s ]
INFO: Run Behavior\CheckLangBehavior [ RunTime:0.001045s ]
INFO: [ app_begin ] --END-- [ RunTime:0.001716s ]

[ 2017-09-16T17:13:23+08:00 ] ::1 /yzzh/ytsoft.php?s=/Home/Virtuality/upload
ERR: è°ƒè¯•çš„$_FILESï¼š{"files":{"name":["man.mtl"],"type":["application\/octet-stream"],"tmp_name":["D:\\wamp64\\tmp\\php2958.tmp"],"error":[0],"size":[965]}}
[ 2017-09-16T17:13:23+08:00 ] ::1 /yzzh/ytsoft.php?s=/Home/Virtuality/upload
INFO: [ app_begin ] --START--
INFO: Run Behavior\ReadHtmlCacheBehavior [ RunTime:0.001097s ]
INFO: Run Behavior\CheckLangBehavior [ RunTime:0.001112s ]
INFO: [ app_begin ] --END-- [ RunTime:0.002302s ]
NOTIC: [2] call_user_func() expects parameter 1 to be a valid callback, no array or string given D:\wamp64\www\yzzh\ThinkPHP\Library\Think\Upload.class.php ç¬¬ 175 è¡Œ.
NOTIC: [8] Undefined variable: data1 D:\wamp64\www\yzzh\Application\Home\Controller\VirtualityController.class.php ç¬¬ 111 è¡Œ.

[ 2017-09-16T17:13:24+08:00 ] ::1 /yzzh/ytsoft.php?s=/Home/Virtuality/mtlinfo
INFO: [ app_begin ] --START--
INFO: Run Behavior\ReadHtmlCacheBehavior [ RunTime:0.000805s ]
INFO: Run Behavior\CheckLangBehavior [ RunTime:0.001893s ]
INFO: [ app_begin ] --END-- [ RunTime:0.002897s ]

[ 2017-09-16T17:15:48+08:00 ] ::1 /yzzh/ytsoft.php?s=/Home/Virtuality/goodscatelist
INFO: [ app_begin ] --START--
INFO: Run Behavior\ReadHtmlCacheBehavior [ RunTime:0.000636s ]
INFO: Run Behavior\CheckLangBehavior [ RunTime:0.001115s ]
INFO: [ app_begin ] --END-- [ RunTime:0.001848s ]

[ 2017-09-16T17:15:50+08:00 ] ::1 /yzzh/ytsoft.php?s=/Home/Virtuality/check
INFO: [ app_begin ] --START--
INFO: Run Behavior\ReadHtmlCacheBehavior [ RunTime:0.000645s ]
INFO: Run Behavior\CheckLangBehavior [ RunTime:0.001052s ]
INFO: [ app_begin ] --END-- [ RunTime:0.001789s ]

[ 2017-09-16T17:15:54+08:00 ] ::1 /yzzh/ytsoft.php?s=/Home/Virtuality/check
INFO: [ app_begin ] --START--
INFO: Run Behavior\ReadHtmlCacheBehavior [ RunTime:0.000636s ]
INFO: Run Behavior\CheckLangBehavior [ RunTime:0.001165s ]
INFO: [ app_begin ] --END-- [ RunTime:0.001895s ]

[ 2017-09-16T17:18:44+08:00 ] ::1 /yzzh/ytsoft.php?s=/Home/Virtuality/goodscatelist
INFO: [ app_begin ] --START--
INFO: Run Behavior\ReadHtmlCacheBehavior [ RunTime:0.000544s ]
INFO: Run Behavior\CheckLangBehavior [ RunTime:0.001066s ]
INFO: [ app_begin ] --END-- [ RunTime:0.001705s ]

[ 2017-09-16T17:18:47+08:00 ] ::1 /yzzh/ytsoft.php?s=/Home/Virtuality/check
INFO: [ app_begin ] --START--
INFO: Run Behavior\ReadHtmlCacheBehavior [ RunTime:0.000505s ]
INFO: Run Behavior\CheckLangBehavior [ RunTime:0.001018s ]
INFO: [ app_begin ] --END-- [ RunTime:0.001626s ]

[ 2017-09-16T17:18:51+08:00 ] ::1 /yzzh/ytsoft.php?s=/Home/Virtuality/check
INFO: [ app_begin ] --START--
INFO: Run Behavior\ReadHtmlCacheBehavior [ RunTime:0.000486s ]
INFO: Run Behavior\CheckLangBehavior [ RunTime:0.000886s ]
INFO: [ app_begin ] --END-- [ RunTime:0.001463s ]

[ 2017-09-16T17:18:55+08:00 ] ::1 /yzzh/ytsoft.php?s=/Home/Virtuality/goodscatelist
INFO: [ app_begin ] --START--
INFO: Run Behavior\ReadHtmlCacheBehavior [ RunTime:0.000536s ]
INFO: Run Behavior\CheckLangBehavior [ RunTime:0.001016s ]
INFO: [ app_begin ] --END-- [ RunTime:0.001642s ]

[ 2017-09-16T17:20:06+08:00 ] ::1 /yzzh/ytsoft.php?s=/Home/Virtuality/goodscatelist
INFO: [ app_begin ] --START--
INFO: Run Behavior\ReadHtmlCacheBehavior [ RunTime:0.000601s ]
INFO: Run Behavior\CheckLangBehavior [ RunTime:0.001034s ]
INFO: [ app_begin ] --END-- [ RunTime:0.001735s ]

[ 2017-09-16T17:20:10+08:00 ] ::1 /yzzh/ytsoft.php?s=/Home/Virtuality/check
INFO: [ app_begin ] --START--
INFO: Run Behavior\ReadHtmlCacheBehavior [ RunTime:0.000547s ]
INFO: Run Behavior\CheckLangBehavior [ RunTime:0.000901s ]
INFO: [ app_begin ] --END-- [ RunTime:0.001586s ]

[ 2017-09-16T17:20:14+08:00 ] ::1 /yzzh/ytsoft.php?s=/Home/Virtuality/goodscatelist
INFO: [ app_begin ] --START--
INFO: Run Behavior\ReadHtmlCacheBehavior [ RunTime:0.000680s ]
INFO: Run Behavior\CheckLangBehavior [ RunTime:0.001184s ]
INFO: [ app_begin ] --END-- [ RunTime:0.001962s ]

[ 2017-09-16T17:20:17+08:00 ] ::1 /yzzh/ytsoft.php?s=/Home/Virtuality/check
INFO: [ app_begin ] --START--
INFO: Run Behavior\ReadHtmlCacheBehavior [ RunTime:0.000594s ]
INFO: Run Behavior\CheckLangBehavior [ RunTime:0.001789s ]
INFO: [ app_begin ] --END-- [ RunTime:0.002514s ]

[ 2017-09-16T17:20:26+08:00 ] ::1 /yzzh/ytsoft.php?s=/Home/Virtuality/check
INFO: [ app_begin ] --START--
INFO: Run Behavior\ReadHtmlCacheBehavior [ RunTime:0.000535s ]
INFO: Run Behavior\CheckLangBehavior [ RunTime:0.001105s ]
INFO: [ app_begin ] --END-- [ RunTime:0.001740s ]

[ 2017-09-16T17:20:30+08:00 ] ::1 /yzzh/ytsoft.php?s=/Home/Virtuality/check
INFO: [ app_begin ] --START--
INFO: Run Behavior\ReadHtmlCacheBehavior [ RunTime:0.000567s ]
INFO: Run Behavior\CheckLangBehavior [ RunTime:0.000974s ]
INFO: [ app_begin ] --END-- [ RunTime:0.001624s ]

[ 2017-09-16T17:21:58+08:00 ] ::1 /yzzh/ytsoft.php?s=/Home/Virtuality/goodscatelist
INFO: [ app_begin ] --START--
INFO: Run Behavior\ReadHtmlCacheBehavior [ RunTime:0.000607s ]
INFO: Run Behavior\CheckLangBehavior [ RunTime:0.000990s ]
INFO: [ app_begin ] --END-- [ RunTime:0.001685s ]

[ 2017-09-16T17:22:01+08:00 ] ::1 /yzzh/ytsoft.php?s=/Home/Virtuality/check
INFO: [ app_begin ] --START--
INFO: Run Behavior\ReadHtmlCacheBehavior [ RunTime:0.000965s ]
INFO: Run Behavior\CheckLangBehavior [ RunTime:0.002399s ]
INFO: [ app_begin ] --END-- [ RunTime:0.003557s ]

[ 2017-09-16T17:23:21+08:00 ] ::1 /yzzh/ytsoft.php?s=/Home/Virtuality/goodscatelist
INFO: [ app_begin ] --START--
INFO: Run Behavior\ReadHtmlCacheBehavior [ RunTime:0.000586s ]
INFO: Run Behavior\CheckLangBehavior [ RunTime:0.001085s ]
INFO: [ app_begin ] --END-- [ RunTime:0.001759s ]

[ 2017-09-16T17:23:25+08:00 ] ::1 /yzzh/ytsoft.php?s=/Home/Virtuality/check
INFO: [ app_begin ] --START--
INFO: Run Behavior\ReadHtmlCacheBehavior [ RunTime:0.000586s ]
INFO: Run Behavior\CheckLangBehavior [ RunTime:0.001031s ]
INFO: [ app_begin ] --END-- [ RunTime:0.001705s ]

[ 2017-09-16T17:23:27+08:00 ] ::1 /yzzh/ytsoft.php?s=/Home/Virtuality/goodscatelist
INFO: [ app_begin ] --START--
INFO: Run Behavior\ReadHtmlCacheBehavior [ RunTime:0.000722s ]
INFO: Run Behavior\CheckLangBehavior [ RunTime:0.001226s ]
INFO: [ app_begin ] --END-- [ RunTime:0.002047s ]

[ 2017-09-16T17:23:31+08:00 ] ::1 /yzzh/ytsoft.php?s=/Home/Virtuality/check
INFO: [ app_begin ] --START--
INFO: Run Behavior\ReadHtmlCacheBehavior [ RunTime:0.000552s ]
INFO: Run Behavior\CheckLangBehavior [ RunTime:0.000969s ]
INFO: [ app_begin ] --END-- [ RunTime:0.001613s ]

[ 2017-09-16T17:23:44+08:00 ] ::1 /yzzh/ytsoft.php?s=/Home/Virtuality/goodscatelist
INFO: [ app_begin ] --START--
INFO: Run Behavior\ReadHtmlCacheBehavior [ RunTime:0.000722s ]
INFO: Run Behavior\CheckLangBehavior [ RunTime:0.001033s ]
INFO: [ app_begin ] --END-- [ RunTime:0.001848s ]

[ 2017-09-16T17:23:47+08:00 ] ::1 /yzzh/ytsoft.php?s=/Home/Virtuality/check
INFO: [ app_begin ] --START--
INFO: Run Behavior\ReadHtmlCacheBehavior [ RunTime:0.000593s ]
INFO: Run Behavior\CheckLangBehavior [ RunTime:0.001006s ]
INFO: [ app_begin ] --END-- [ RunTime:0.001720s ]

[ 2017-09-16T17:23:56+08:00 ] ::1 /yzzh/ytsoft.php?s=/Home/Virtuality/goodscatelist
INFO: [ app_begin ] --START--
INFO: Run Behavior\ReadHtmlCacheBehavior [ RunTime:0.000539s ]
INFO: Run Behavior\CheckLangBehavior [ RunTime:0.000908s ]
INFO: [ app_begin ] --END-- [ RunTime:0.001537s ]

[ 2017-09-16T17:23:59+08:00 ] ::1 /yzzh/ytsoft.php?s=/Home/Virtuality/check
INFO: [ app_begin ] --START--
INFO: Run Behavior\ReadHtmlCacheBehavior [ RunTime:0.000934s ]
INFO: Run Behavior\CheckLangBehavior [ RunTime:0.002355s ]
INFO: [ app_begin ] --END-- [ RunTime:0.003477s ]

[ 2017-09-16T17:24:29+08:00 ] ::1 /yzzh/ytsoft.php?s=/Home/Virtuality/goodscatelist
INFO: [ app_begin ] --START--
INFO: Run Behavior\ReadHtmlCacheBehavior [ RunTime:0.001685s ]
INFO: Run Behavior\CheckLangBehavior [ RunTime:0.001144s ]
INFO: [ app_begin ] --END-- [ RunTime:0.003083s ]

[ 2017-09-16T17:24:32+08:00 ] ::1 /yzzh/ytsoft.php?s=/Home/Virtuality/check
INFO: [ app_begin ] --START--
INFO: Run Behavior\ReadHtmlCacheBehavior [ RunTime:0.000676s ]
INFO: Run Behavior\CheckLangBehavior [ RunTime:0.001016s ]
INFO: [ app_begin ] --END-- [ RunTime:0.001786s ]

[ 2017-09-16T17:26:04+08:00 ] ::1 /yzzh/ytsoft.php?s=/Home/Virtuality/goodscatelist
INFO: [ app_begin ] --START--
INFO: Run Behavior\ReadHtmlCacheBehavior [ RunTime:0.000752s ]
INFO: Run Behavior\CheckLangBehavior [ RunTime:0.001264s ]
INFO: [ app_begin ] --END-- [ RunTime:0.002143s ]

[ 2017-09-16T17:26:08+08:00 ] ::1 /yzzh/ytsoft.php?s=/Home/Virtuality/check
INFO: [ app_begin ] --START--
INFO: Run Behavior\ReadHtmlCacheBehavior [ RunTime:0.000892s ]
INFO: Run Behavior\CheckLangBehavior [ RunTime:0.001106s ]
INFO: [ app_begin ] --END-- [ RunTime:0.002121s ]

[ 2017-09-16T17:28:11+08:00 ] ::1 /yzzh/ytsoft.php?s=/Home/Virtuality/goodscatelist
INFO: [ app_begin ] --START--
INFO: Run Behavior\ReadHtmlCacheBehavior [ RunTime:0.000596s ]
INFO: Run Behavior\CheckLangBehavior [ RunTime:0.001179s ]
INFO: [ app_begin ] --END-- [ RunTime:0.001874s ]

[ 2017-09-16T17:28:15+08:00 ] ::1 /yzzh/ytsoft.php?s=/Home/Virtuality/check
INFO: [ app_begin ] --START--
INFO: Run Behavior\ReadHtmlCacheBehavior [ RunTime:0.000511s ]
INFO: Run Behavior\CheckLangBehavior [ RunTime:0.001021s ]
INFO: [ app_begin ] --END-- [ RunTime:0.001630s ]

[ 2017-09-16T17:29:37+08:00 ] ::1 /yzzh/ytsoft.php?s=/Home/Virtuality/goodscatelist
INFO: [ app_begin ] --START--
INFO: Run Behavior\ReadHtmlCacheBehavior [ RunTime:0.000854s ]
INFO: Run Behavior\CheckLangBehavior [ RunTime:0.001014s ]
INFO: [ app_begin ] --END-- [ RunTime:0.002031s ]

[ 2017-09-16T17:29:38+08:00 ] ::1 /yzzh/ytsoft.php?s=/Home/Virtuality/goodscatelist
INFO: [ app_begin ] --START--
INFO: Run Behavior\ReadHtmlCacheBehavior [ RunTime:0.000680s ]
INFO: Run Behavior\CheckLangBehavior [ RunTime:0.001025s ]
INFO: [ app_begin ] --END-- [ RunTime:0.001803s ]

[ 2017-09-16T17:29:41+08:00 ] ::1 /yzzh/ytsoft.php?s=/Home/Virtuality/check
INFO: [ app_begin ] --START--
INFO: Run Behavior\ReadHtmlCacheBehavior [ RunTime:0.000508s ]
INFO: Run Behavior\CheckLangBehavior [ RunTime:0.000986s ]
INFO: [ app_begin ] --END-- [ RunTime:0.001610s ]

[ 2017-09-16T17:30:57+08:00 ] ::1 /yzzh/ytsoft.php?s=/Home/Virtuality/goodscatelist
INFO: [ app_begin ] --START--
INFO: Run Behavior\ReadHtmlCacheBehavior [ RunTime:0.000698s ]
INFO: Run Behavior\CheckLangBehavior [ RunTime:0.001050s ]
INFO: [ app_begin ] --END-- [ RunTime:0.001882s ]

[ 2017-09-16T17:31:01+08:00 ] ::1 /yzzh/ytsoft.php?s=/Home/Virtuality/check
INFO: [ app_begin ] --START--
INFO: Run Behavior\ReadHtmlCacheBehavior [ RunTime:0.000607s ]
INFO: Run Behavior\CheckLangBehavior [ RunTime:0.001067s ]
INFO: [ app_begin ] --END-- [ RunTime:0.001770s ]

[ 2017-09-16T17:31:55+08:00 ] ::1 /yzzh/ytsoft.php?s=/Home/Virtuality/goodscatelist
INFO: [ app_begin ] --START--
INFO: Run Behavior\ReadHtmlCacheBehavior [ RunTime:0.000577s ]
INFO: Run Behavior\CheckLangBehavior [ RunTime:0.000988s ]
INFO: [ app_begin ] --END-- [ RunTime:0.001673s ]

[ 2017-09-16T17:31:58+08:00 ] ::1 /yzzh/ytsoft.php?s=/Home/Virtuality/check
INFO: [ app_begin ] --START--
INFO: Run Behavior\ReadHtmlCacheBehavior [ RunTime:0.000576s ]
INFO: Run Behavior\CheckLangBehavior [ RunTime:0.000911s ]
INFO: [ app_begin ] --END-- [ RunTime:0.001582s ]

[ 2017-09-16T17:33:48+08:00 ] ::1 /yzzh/ytsoft.php?s=/Home/Virtuality/goodscatelist
INFO: [ app_begin ] --START--
INFO: Run Behavior\ReadHtmlCacheBehavior [ RunTime:0.000930s ]
INFO: Run Behavior\CheckLangBehavior [ RunTime:0.002344s ]
INFO: [ app_begin ] --END-- [ RunTime:0.003406s ]

[ 2017-09-16T17:33:52+08:00 ] ::1 /yzzh/ytsoft.php?s=/Home/Virtuality/check
INFO: [ app_begin ] --START--
INFO: Run Behavior\ReadHtmlCacheBehavior [ RunTime:0.000526s ]
INFO: Run Behavior\CheckLangBehavior [ RunTime:0.000959s ]
INFO: [ app_begin ] --END-- [ RunTime:0.001580s ]

[ 2017-09-16T17:33:56+08:00 ] ::1 /yzzh/ytsoft.php?s=/Home/Virtuality/check
INFO: [ app_begin ] --START--
INFO: Run Behavior\ReadHtmlCacheBehavior [ RunTime:0.000647s ]
INFO: Run Behavior\CheckLangBehavior [ RunTime:0.001077s ]
INFO: [ app_begin ] --END-- [ RunTime:0.001830s ]

[ 2017-09-16T17:33:59+08:00 ] ::1 /yzzh/ytsoft.php?s=/Home/Virtuality/check
INFO: [ app_begin ] --START--
INFO: Run Behavior\ReadHtmlCacheBehavior [ RunTime:0.000489s ]
INFO: Run Behavior\CheckLangBehavior [ RunTime:0.001091s ]
INFO: [ app_begin ] --END-- [ RunTime:0.001681s ]

[ 2017-09-16T17:34:30+08:00 ] ::1 /yzzh/ytsoft.php?s=/Home/Virtuality/goodscatelist
INFO: [ app_begin ] --START--
INFO: Run Behavior\ReadHtmlCacheBehavior [ RunTime:0.000733s ]
INFO: Run Behavior\CheckLangBehavior [ RunTime:0.001742s ]
INFO: [ app_begin ] --END-- [ RunTime:0.002695s ]

[ 2017-09-16T17:34:41+08:00 ] ::1 /yzzh/ytsoft.php?s=/Home/Virtuality/goodscatelist
INFO: [ app_begin ] --START--
INFO: Run Behavior\ReadHtmlCacheBehavior [ RunTime:0.000561s ]
INFO: Run Behavior\CheckLangBehavior [ RunTime:0.000954s ]
INFO: [ app_begin ] --END-- [ RunTime:0.001605s ]

[ 2017-09-16T17:34:49+08:00 ] ::1 /yzzh/ytsoft.php?s=/Home/Virtuality/check
INFO: [ app_begin ] --START--
INFO: Run Behavior\ReadHtmlCacheBehavior [ RunTime:0.000572s ]
INFO: Run Behavior\CheckLangBehavior [ RunTime:0.001007s ]
INFO: [ app_begin ] --END-- [ RunTime:0.001670s ]

[ 2017-09-16T17:35:30+08:00 ] ::1 /yzzh/ytsoft.php?s=/Home/Virtuality/goodscatelist
INFO: [ app_begin ] --START--
INFO: Run Behavior\ReadHtmlCacheBehavior [ RunTime:0.000605s ]
INFO: Run Behavior\CheckLangBehavior [ RunTime:0.001102s ]
INFO: [ app_begin ] --END-- [ RunTime:0.001810s ]

[ 2017-09-16T17:35:34+08:00 ] ::1 /yzzh/ytsoft.php?s=/Home/Virtuality/check
INFO: [ app_begin ] --START--
INFO: Run Behavior\ReadHtmlCacheBehavior [ RunTime:0.000467s ]
INFO: Run Behavior\CheckLangBehavior [ RunTime:0.000806s ]
INFO: [ app_begin ] --END-- [ RunTime:0.001362s ]

[ 2017-09-16T17:36:23+08:00 ] ::1 /yzzh/ytsoft.php?s=/Home/Virtuality/goodscatelist
INFO: [ app_begin ] --START--
INFO: Run Behavior\ReadHtmlCacheBehavior [ RunTime:0.000623s ]
INFO: Run Behavior\CheckLangBehavior [ RunTime:0.001061s ]
INFO: [ app_begin ] --END-- [ RunTime:0.001776s ]

[ 2017-09-16T17:36:26+08:00 ] ::1 /yzzh/ytsoft.php?s=/Home/Virtuality/check
INFO: [ app_begin ] --START--
INFO: Run Behavior\ReadHtmlCacheBehavior [ RunTime:0.000587s ]
INFO: Run Behavior\CheckLangBehavior [ RunTime:0.001038s ]
INFO: [ app_begin ] --END-- [ RunTime:0.001731s ]

[ 2017-09-16T17:39:34+08:00 ] ::1 /yzzh/ytsoft.php?s=/Home/Virtuality/goodscatelist
INFO: [ app_begin ] --START--
INFO: Run Behavior\ReadHtmlCacheBehavior [ RunTime:0.000581s ]
INFO: Run Behavior\CheckLangBehavior [ RunTime:0.001029s ]
INFO: [ app_begin ] --END-- [ RunTime:0.001773s ]

[ 2017-09-16T17:39:39+08:00 ] ::1 /yzzh/ytsoft.php?s=/Home/Virtuality/check
INFO: [ app_begin ] --START--
INFO: Run Behavior\ReadHtmlCacheBehavior [ RunTime:0.000550s ]
INFO: Run Behavior\CheckLangBehavior [ RunTime:0.001069s ]
INFO: [ app_begin ] --END-- [ RunTime:0.001720s ]

[ 2017-09-16T17:41:25+08:00 ] ::1 /yzzh/ytsoft.php?s=/Home/Virtuality/goodscatelist
INFO: [ app_begin ] --START--
INFO: Run Behavior\ReadHtmlCacheBehavior [ RunTime:0.001026s ]
INFO: Run Behavior\CheckLangBehavior [ RunTime:0.001141s ]
INFO: [ app_begin ] --END-- [ RunTime:0.002308s ]

[ 2017-09-16T17:41:29+08:00 ] ::1 /yzzh/ytsoft.php?s=/Home/Virtuality/check
INFO: [ app_begin ] --START--
INFO: Run Behavior\ReadHtmlCacheBehavior [ RunTime:0.000609s ]
INFO: Run Behavior\CheckLangBehavior [ RunTime:0.001003s ]
INFO: [ app_begin ] --END-- [ RunTime:0.001717s ]

[ 2017-09-16T17:41:35+08:00 ] ::1 /yzzh/ytsoft.php?s=/Home/Virtuality/upload
ERR: è°ƒè¯•çš„$_FILESï¼š{"files":{"name":["man.mtl"],"type":["application\/octet-stream"],"tmp_name":["D:\\wamp64\\tmp\\phpFB26.tmp"],"error":[0],"size":[965]}}
[ 2017-09-16T17:41:35+08:00 ] ::1 /yzzh/ytsoft.php?s=/Home/Virtuality/upload
INFO: [ app_begin ] --START--
INFO: Run Behavior\ReadHtmlCacheBehavior [ RunTime:0.000575s ]
INFO: Run Behavior\CheckLangBehavior [ RunTime:0.001213s ]
INFO: [ app_begin ] --END-- [ RunTime:0.001916s ]
NOTIC: [2] call_user_func() expects parameter 1 to be a valid callback, no array or string given D:\wamp64\www\yzzh\ThinkPHP\Library\Think\Upload.class.php ç¬¬ 175 è¡Œ.
NOTIC: [8] Undefined variable: data1 D:\wamp64\www\yzzh\Application\Home\Controller\VirtualityController.class.php ç¬¬ 111 è¡Œ.

[ 2017-09-16T17:41:36+08:00 ] ::1 /yzzh/ytsoft.php?s=/Home/Virtuality/mtlinfo
INFO: [ app_begin ] --START--
INFO: Run Behavior\ReadHtmlCacheBehavior [ RunTime:0.000545s ]
INFO: Run Behavior\CheckLangBehavior [ RunTime:0.001146s ]
INFO: [ app_begin ] --END-- [ RunTime:0.001795s ]

[ 2017-09-16T17:56:15+08:00 ] ::1 /yzzh/ytsoft.php?s=/Home/Virtuality/goodscatelist
INFO: [ app_begin ] --START--
INFO: Run Behavior\ReadHtmlCacheBehavior [ RunTime:0.000583s ]
INFO: Run Behavior\CheckLangBehavior [ RunTime:0.001073s ]
INFO: [ app_begin ] --END-- [ RunTime:0.001755s ]

[ 2017-09-16T17:56:21+08:00 ] ::1 /yzzh/ytsoft.php?s=/Home/Virtuality/check
INFO: [ app_begin ] --START--
INFO: Run Behavior\ReadHtmlCacheBehavior [ RunTime:0.000542s ]
INFO: Run Behavior\CheckLangBehavior [ RunTime:0.000941s ]
INFO: [ app_begin ] --END-- [ RunTime:0.001571s ]

[ 2017-09-16T17:57:32+08:00 ] ::1 /yzzh/ytsoft.php?s=/Home/Virtuality/goodscatelist
INFO: [ app_begin ] --START--
INFO: Run Behavior\ReadHtmlCacheBehavior [ RunTime:0.001015s ]
INFO: Run Behavior\CheckLangBehavior [ RunTime:0.001307s ]
INFO: [ app_begin ] --END-- [ RunTime:0.002509s ]

[ 2017-09-16T17:57:35+08:00 ] ::1 /yzzh/ytsoft.php?s=/Home/Virtuality/check
INFO: [ app_begin ] --START--
INFO: Run Behavior\ReadHtmlCacheBehavior [ RunTime:0.000556s ]
INFO: Run Behavior\CheckLangBehavior [ RunTime:0.001299s ]
INFO: [ app_begin ] --END-- [ RunTime:0.001960s ]

[ 2017-09-16T17:57:38+08:00 ] ::1 /yzzh/ytsoft.php?s=/Home/Virtuality/check
INFO: [ app_begin ] --START--
INFO: Run Behavior\ReadHtmlCacheBehavior [ RunTime:0.000540s ]
INFO: Run Behavior\CheckLangBehavior [ RunTime:0.001032s ]
INFO: [ app_begin ] --END-- [ RunTime:0.001670s ]

[ 2017-09-16T18:01:47+08:00 ] ::1 /yzzh/ytsoft.php?s=/Home/Virtuality/goodscatelist
INFO: [ app_begin ] --START--
INFO: Run Behavior\ReadHtmlCacheBehavior [ RunTime:0.000564s ]
INFO: Run Behavior\CheckLangBehavior [ RunTime:0.000968s ]
INFO: [ app_begin ] --END-- [ RunTime:0.001619s ]

[ 2017-09-16T18:01:50+08:00 ] ::1 /yzzh/ytsoft.php?s=/Home/Virtuality/check
INFO: [ app_begin ] --START--
INFO: Run Behavior\ReadHtmlCacheBehavior [ RunTime:0.000554s ]
INFO: Run Behavior\CheckLangBehavior [ RunTime:0.001051s ]
INFO: [ app_begin ] --END-- [ RunTime:0.001719s ]

[ 2017-09-16T18:01:51+08:00 ] ::1 /yzzh/ytsoft.php?s=/Home/Virtuality/upload
ERR: è°ƒè¯•çš„$_FILESï¼š{"files":{"name":["man.mtl"],"type":["application\/octet-stream"],"tmp_name":["D:\\wamp64\\tmp\\phpCC1C.tmp"],"error":[0],"size":[965]}}
[ 2017-09-16T18:01:51+08:00 ] ::1 /yzzh/ytsoft.php?s=/Home/Virtuality/upload
INFO: [ app_begin ] --START--
INFO: Run Behavior\ReadHtmlCacheBehavior [ RunTime:0.000529s ]
INFO: Run Behavior\CheckLangBehavior [ RunTime:0.001143s ]
INFO: [ app_begin ] --END-- [ RunTime:0.001761s ]
NOTIC: [2] call_user_func() expects parameter 1 to be a valid callback, no array or string given D:\wamp64\www\yzzh\ThinkPHP\Library\Think\Upload.class.php ç¬¬ 175 è¡Œ.
NOTIC: [8] Undefined variable: data1 D:\wamp64\www\yzzh\Application\Home\Controller\VirtualityController.class.php ç¬¬ 111 è¡Œ.

[ 2017-09-16T18:01:52+08:00 ] ::1 /yzzh/ytsoft.php?s=/Home/Virtuality/mtlinfo
INFO: [ app_begin ] --START--
INFO: Run Behavior\ReadHtmlCacheBehavior [ RunTime:0.000834s ]
INFO: Run Behavior\CheckLangBehavior [ RunTime:0.002959s ]
INFO: [ app_begin ] --END-- [ RunTime:0.004129s ]

[ 2017-09-16T18:01:57+08:00 ] ::1 /yzzh/ytsoft.php?s=/Home/Virtuality/check
INFO: [ app_begin ] --START--
INFO: Run Behavior\ReadHtmlCacheBehavior [ RunTime:0.000575s ]
INFO: Run Behavior\CheckLangBehavior [ RunTime:0.001029s ]
INFO: [ app_begin ] --END-- [ RunTime:0.001726s ]

[ 2017-09-16T18:02:03+08:00 ] ::1 /yzzh/ytsoft.php?s=/Home/Virtuality/goodscatelist
INFO: [ app_begin ] --START--
INFO: Run Behavior\ReadHtmlCacheBehavior [ RunTime:0.000649s ]
INFO: Run Behavior\CheckLangBehavior [ RunTime:0.001255s ]
INFO: [ app_begin ] --END-- [ RunTime:0.002033s ]

[ 2017-09-16T18:02:06+08:00 ] ::1 /yzzh/ytsoft.php?s=/Home/Virtuality/check
INFO: [ app_begin ] --START--
INFO: Run Behavior\ReadHtmlCacheBehavior [ RunTime:0.000609s ]
INFO: Run Behavior\CheckLangBehavior [ RunTime:0.000930s ]
INFO: [ app_begin ] --END-- [ RunTime:0.001640s ]

[ 2017-09-16T18:02:08+08:00 ] ::1 /yzzh/ytsoft.php?s=/Home/Virtuality/upload
ERR: è°ƒè¯•çš„$_FILESï¼š{"files":{"name":["man.mtl"],"type":["application\/octet-stream"],"tmp_name":["D:\\wamp64\\tmp\\phpDD9.tmp"],"error":[0],"size":[965]}}
[ 2017-09-16T18:02:08+08:00 ] ::1 /yzzh/ytsoft.php?s=/Home/Virtuality/upload
INFO: [ app_begin ] --START--
INFO: Run Behavior\ReadHtmlCacheBehavior [ RunTime:0.000586s ]
INFO: Run Behavior\CheckLangBehavior [ RunTime:0.001674s ]
INFO: [ app_begin ] --END-- [ RunTime:0.002359s ]
NOTIC: [2] call_user_func() expects parameter 1 to be a valid callback, no array or string given D:\wamp64\www\yzzh\ThinkPHP\Library\Think\Upload.class.php ç¬¬ 175 è¡Œ.
NOTIC: [8] Undefined variable: data1 D:\wamp64\www\yzzh\Application\Home\Controller\VirtualityController.class.php ç¬¬ 111 è¡Œ.

[ 2017-09-16T18:02:09+08:00 ] ::1 /yzzh/ytsoft.php?s=/Home/Virtuality/mtlinfo
INFO: [ app_begin ] --START--
INFO: Run Behavior\ReadHtmlCacheBehavior [ RunTime:0.000578s ]
INFO: Run Behavior\CheckLangBehavior [ RunTime:0.001016s ]
INFO: [ app_begin ] --END-- [ RunTime:0.001683s ]

[ 2017-09-16T18:02:55+08:00 ] ::1 /yzzh/ytsoft.php?s=/Home/Virtuality/goodscatelist
INFO: [ app_begin ] --START--
INFO: Run Behavior\ReadHtmlCacheBehavior [ RunTime:0.000518s ]
INFO: Run Behavior\CheckLangBehavior [ RunTime:0.000889s ]
INFO: [ app_begin ] --END-- [ RunTime:0.001496s ]

[ 2017-09-16T18:03:00+08:00 ] ::1 /yzzh/ytsoft.php?s=/Home/Virtuality/check
INFO: [ app_begin ] --START--
INFO: Run Behavior\ReadHtmlCacheBehavior [ RunTime:0.000598s ]
INFO: Run Behavior\CheckLangBehavior [ RunTime:0.001193s ]
INFO: [ app_begin ] --END-- [ RunTime:0.001968s ]

[ 2017-09-16T18:03:01+08:00 ] ::1 /yzzh/ytsoft.php?s=/Home/Virtuality/upload
ERR: è°ƒè¯•çš„$_FILESï¼š{"files":{"name":["man.mtl"],"type":["application\/octet-stream"],"tmp_name":["D:\\wamp64\\tmp\\phpDCF2.tmp"],"error":[0],"size":[965]}}
[ 2017-09-16T18:03:01+08:00 ] ::1 /yzzh/ytsoft.php?s=/Home/Virtuality/upload
INFO: [ app_begin ] --START--
INFO: Run Behavior\ReadHtmlCacheBehavior [ RunTime:0.001044s ]
INFO: Run Behavior\CheckLangBehavior [ RunTime:0.001056s ]
INFO: [ app_begin ] --END-- [ RunTime:0.002198s ]
NOTIC: [2] call_user_func() expects parameter 1 to be a valid callback, no array or string given D:\wamp64\www\yzzh\ThinkPHP\Library\Think\Upload.class.php ç¬¬ 175 è¡Œ.
NOTIC: [8] Undefined variable: data1 D:\wamp64\www\yzzh\Application\Home\Controller\VirtualityController.class.php ç¬¬ 111 è¡Œ.

[ 2017-09-16T18:03:02+08:00 ] ::1 /yzzh/ytsoft.php?s=/Home/Virtuality/mtlinfo
INFO: [ app_begin ] --START--
INFO: Run Behavior\ReadHtmlCacheBehavior [ RunTime:0.000548s ]
INFO: Run Behavior\CheckLangBehavior [ RunTime:0.001016s ]
INFO: [ app_begin ] --END-- [ RunTime:0.001680s ]

[ 2017-09-16T18:04:48+08:00 ] ::1 /yzzh/ytsoft.php?s=/Home/Virtuality/goodscatelist
INFO: [ app_begin ] --START--
INFO: Run Behavior\ReadHtmlCacheBehavior [ RunTime:0.000623s ]
INFO: Run Behavior\CheckLangBehavior [ RunTime:0.001088s ]
INFO: [ app_begin ] --END-- [ RunTime:0.001805s ]

[ 2017-09-16T18:04:52+08:00 ] ::1 /yzzh/ytsoft.php?s=/Home/Virtuality/check
INFO: [ app_begin ] --START--
INFO: Run Behavior\ReadHtmlCacheBehavior [ RunTime:0.001711s ]
INFO: Run Behavior\CheckLangBehavior [ RunTime:0.000988s ]
INFO: [ app_begin ] --END-- [ RunTime:0.002837s ]

[ 2017-09-16T18:04:53+08:00 ] ::1 /yzzh/ytsoft.php?s=/Home/Virtuality/upload
ERR: è°ƒè¯•çš„$_FILESï¼š{"files":{"name":["man.mtl"],"type":["application\/octet-stream"],"tmp_name":["D:\\wamp64\\tmp\\php9021.tmp"],"error":[0],"size":[965]}}
[ 2017-09-16T18:04:53+08:00 ] ::1 /yzzh/ytsoft.php?s=/Home/Virtuality/upload
INFO: [ app_begin ] --START--
INFO: Run Behavior\ReadHtmlCacheBehavior [ RunTime:0.000561s ]
INFO: Run Behavior\CheckLangBehavior [ RunTime:0.000981s ]
INFO: [ app_begin ] --END-- [ RunTime:0.001631s ]
NOTIC: [2] call_user_func() expects parameter 1 to be a valid callback, no array or string given D:\wamp64\www\yzzh\ThinkPHP\Library\Think\Upload.class.php ç¬¬ 175 è¡Œ.

[ 2017-09-16T18:04:53+08:00 ] ::1 /yzzh/ytsoft.php?s=/Home/Virtuality/mtlinfo
INFO: [ app_begin ] --START--
INFO: Run Behavior\ReadHtmlCacheBehavior [ RunTime:0.000532s ]
INFO: Run Behavior\CheckLangBehavior [ RunTime:0.001040s ]
INFO: [ app_begin ] --END-- [ RunTime:0.001661s ]

[ 2017-09-16T18:05:03+08:00 ] ::1 /yzzh/ytsoft.php?s=/Home/Virtuality/goodscatelist
INFO: [ app_begin ] --START--
INFO: Run Behavior\ReadHtmlCacheBehavior [ RunTime:0.000564s ]
INFO: Run Behavior\CheckLangBehavior [ RunTime:0.001690s ]
INFO: [ app_begin ] --END-- [ RunTime:0.002367s ]

[ 2017-09-16T18:05:05+08:00 ] ::1 /yzzh/ytsoft.php?s=/Home/Virtuality/check
INFO: [ app_begin ] --START--
INFO: Run Behavior\ReadHtmlCacheBehavior [ RunTime:0.001803s ]
INFO: Run Behavior\CheckLangBehavior [ RunTime:0.001005s ]
INFO: [ app_begin ] --END-- [ RunTime:0.002966s ]

[ 2017-09-16T18:05:14+08:00 ] ::1 /yzzh/ytsoft.php?s=/Home/Virtuality/check
INFO: [ app_begin ] --START--
INFO: Run Behavior\ReadHtmlCacheBehavior [ RunTime:0.000592s ]
INFO: Run Behavior\CheckLangBehavior [ RunTime:0.001082s ]
INFO: [ app_begin ] --END-- [ RunTime:0.001765s ]

[ 2017-09-16T18:05:18+08:00 ] ::1 /yzzh/ytsoft.php?s=/Home/Virtuality/check
INFO: [ app_begin ] --START--
INFO: Run Behavior\ReadHtmlCacheBehavior [ RunTime:0.000739s ]
INFO: Run Behavior\CheckLangBehavior [ RunTime:0.001037s ]
INFO: [ app_begin ] --END-- [ RunTime:0.001894s ]

[ 2017-09-16T18:05:19+08:00 ] ::1 /yzzh/ytsoft.php?s=/Home/Virtuality/upload
ERR: è°ƒè¯•çš„$_FILESï¼š{"files":{"name":["man.mtl"],"type":["application\/octet-stream"],"tmp_name":["D:\\wamp64\\tmp\\phpF890.tmp"],"error":[0],"size":[965]}}
[ 2017-09-16T18:05:20+08:00 ] ::1 /yzzh/ytsoft.php?s=/Home/Virtuality/upload
INFO: [ app_begin ] --START--
INFO: Run Behavior\ReadHtmlCacheBehavior [ RunTime:0.000519s ]
INFO: Run Behavior\CheckLangBehavior [ RunTime:0.000889s ]
INFO: [ app_begin ] --END-- [ RunTime:0.001489s ]
NOTIC: [2] call_user_func() expects parameter 1 to be a valid callback, no array or string given D:\wamp64\www\yzzh\ThinkPHP\Library\Think\Upload.class.php ç¬¬ 175 è¡Œ.
NOTIC: [8] Undefined offset: 0 D:\wamp64\www\yzzh\Application\Home\Controller\VirtualityController.class.php ç¬¬ 90 è¡Œ.
NOTIC: [2] Invalid argument supplied for foreach() D:\wamp64\www\yzzh\Application\Home\Controller\VirtualityController.class.php ç¬¬ 90 è¡Œ.

[ 2017-09-16T18:05:21+08:00 ] ::1 /yzzh/ytsoft.php?s=/Home/Virtuality/mtlinfo
INFO: [ app_begin ] --START--
INFO: Run Behavior\ReadHtmlCacheBehavior [ RunTime:0.000521s ]
INFO: Run Behavior\CheckLangBehavior [ RunTime:0.000910s ]
INFO: [ app_begin ] --END-- [ RunTime:0.001523s ]

[ 2017-09-16T18:22:46+08:00 ] ::1 /yzzh/ytsoft.php?s=/Home/Virtuality/goodscatelist
INFO: [ app_begin ] --START--
INFO: Run Behavior\ReadHtmlCacheBehavior [ RunTime:0.000573s ]
INFO: Run Behavior\CheckLangBehavior [ RunTime:0.000998s ]
INFO: [ app_begin ] --END-- [ RunTime:0.001679s ]

[ 2017-09-16T18:22:49+08:00 ] ::1 /yzzh/ytsoft.php?s=/Home/Virtuality/check
INFO: [ app_begin ] --START--
INFO: Run Behavior\ReadHtmlCacheBehavior [ RunTime:0.000543s ]
INFO: Run Behavior\CheckLangBehavior [ RunTime:0.000960s ]
INFO: [ app_begin ] --END-- [ RunTime:0.001594s ]

[ 2017-09-16T18:47:09+08:00 ] ::1 /yzzh/ytsoft.php?s=/Home/Virtuality/goodscatelist
INFO: [ app_begin ] --START--
INFO: Run Behavior\ReadHtmlCacheBehavior [ RunTime:0.000825s ]
INFO: Run Behavior\CheckLangBehavior [ RunTime:0.000994s ]
INFO: [ app_begin ] --END-- [ RunTime:0.001910s ]

[ 2017-09-16T18:47:12+08:00 ] ::1 /yzzh/ytsoft.php?s=/Home/Virtuality/check
INFO: [ app_begin ] --START--
INFO: Run Behavior\ReadHtmlCacheBehavior [ RunTime:0.000782s ]
INFO: Run Behavior\CheckLangBehavior [ RunTime:0.001001s ]
INFO: [ app_begin ] --END-- [ RunTime:0.001902s ]

[ 2017-09-16T18:47:15+08:00 ] ::1 /yzzh/ytsoft.php?s=/Home/Virtuality/check
INFO: [ app_begin ] --START--
INFO: Run Behavior\ReadHtmlCacheBehavior [ RunTime:0.000553s ]
INFO: Run Behavior\CheckLangBehavior [ RunTime:0.000957s ]
INFO: [ app_begin ] --END-- [ RunTime:0.001600s ]

[ 2017-09-16T18:49:40+08:00 ] ::1 /yzzh/ytsoft.php?s=/Home/Virtuality/goodscatelist
INFO: [ app_begin ] --START--
INFO: Run Behavior\ReadHtmlCacheBehavior [ RunTime:0.000537s ]
INFO: Run Behavior\CheckLangBehavior [ RunTime:0.000906s ]
INFO: [ app_begin ] --END-- [ RunTime:0.001533s ]

[ 2017-09-16T18:49:44+08:00 ] ::1 /yzzh/ytsoft.php?s=/Home/Virtuality/check
INFO: [ app_begin ] --START--
INFO: Run Behavior\ReadHtmlCacheBehavior [ RunTime:0.000611s ]
INFO: Run Behavior\CheckLangBehavior [ RunTime:0.000947s ]
INFO: [ app_begin ] --END-- [ RunTime:0.001650s ]

[ 2017-09-16T18:49:49+08:00 ] ::1 /yzzh/ytsoft.php?s=/Home/Virtuality/check
INFO: [ app_begin ] --START--
INFO: Run Behavior\ReadHtmlCacheBehavior [ RunTime:0.000535s ]
INFO: Run Behavior\CheckLangBehavior [ RunTime:0.000918s ]
INFO: [ app_begin ] --END-- [ RunTime:0.001541s ]

[ 2017-09-16T18:50:13+08:00 ] ::1 /yzzh/ytsoft.php?s=/Home/Virtuality/goodscatelist
INFO: [ app_begin ] --START--
INFO: Run Behavior\ReadHtmlCacheBehavior [ RunTime:0.000508s ]
INFO: Run Behavior\CheckLangBehavior [ RunTime:0.000945s ]
INFO: [ app_begin ] --END-- [ RunTime:0.001542s ]

[ 2017-09-16T18:50:16+08:00 ] ::1 /yzzh/ytsoft.php?s=/Home/Virtuality/check
INFO: [ app_begin ] --START--
INFO: Run Behavior\ReadHtmlCacheBehavior [ RunTime:0.000532s ]
INFO: Run Behavior\CheckLangBehavior [ RunTime:0.000970s ]
INFO: [ app_begin ] --END-- [ RunTime:0.001594s ]

[ 2017-09-16T18:50:20+08:00 ] ::1 /yzzh/ytsoft.php?s=/Home/Virtuality/check
INFO: [ app_begin ] --START--
INFO: Run Behavior\ReadHtmlCacheBehavior [ RunTime:0.000716s ]
INFO: Run Behavior\CheckLangBehavior [ RunTime:0.001167s ]
INFO: [ app_begin ] --END-- [ RunTime:0.002022s ]

[ 2017-09-16T18:50:25+08:00 ] ::1 /yzzh/ytsoft.php?s=/Home/Virtuality/check
INFO: [ app_begin ] --START--
INFO: Run Behavior\ReadHtmlCacheBehavior [ RunTime:0.000586s ]
INFO: Run Behavior\CheckLangBehavior [ RunTime:0.001111s ]
INFO: [ app_begin ] --END-- [ RunTime:0.001786s ]

[ 2017-09-16T18:50:29+08:00 ] ::1 /yzzh/ytsoft.php?s=/Home/Virtuality/check
INFO: [ app_begin ] --START--
INFO: Run Behavior\ReadHtmlCacheBehavior [ RunTime:0.000528s ]
INFO: Run Behavior\CheckLangBehavior [ RunTime:0.000965s ]
INFO: [ app_begin ] --END-- [ RunTime:0.001601s ]

[ 2017-09-16T18:52:24+08:00 ] ::1 /yzzh/ytsoft.php?s=/Home/Virtuality/goodscatelist
INFO: [ app_begin ] --START--
INFO: Run Behavior\ReadHtmlCacheBehavior [ RunTime:0.000542s ]
INFO: Run Behavior\CheckLangBehavior [ RunTime:0.001368s ]
INFO: [ app_begin ] --END-- [ RunTime:0.002037s ]

[ 2017-09-16T18:52:27+08:00 ] ::1 /yzzh/ytsoft.php?s=/Home/Virtuality/check
INFO: [ app_begin ] --START--
INFO: Run Behavior\ReadHtmlCacheBehavior [ RunTime:0.000552s ]
INFO: Run Behavior\CheckLangBehavior [ RunTime:0.001070s ]
INFO: [ app_begin ] --END-- [ RunTime:0.001715s ]

[ 2017-09-16T18:52:33+08:00 ] ::1 /yzzh/ytsoft.php?s=/Home/Virtuality/check
INFO: [ app_begin ] --START--
INFO: Run Behavior\ReadHtmlCacheBehavior [ RunTime:0.000624s ]
INFO: Run Behavior\CheckLangBehavior [ RunTime:0.001050s ]
INFO: [ app_begin ] --END-- [ RunTime:0.001767s ]

[ 2017-09-16T18:52:43+08:00 ] ::1 /yzzh/ytsoft.php?s=/Home/Virtuality/check
INFO: [ app_begin ] --START--
INFO: Run Behavior\ReadHtmlCacheBehavior [ RunTime:0.000530s ]
INFO: Run Behavior\CheckLangBehavior [ RunTime:0.001002s ]
INFO: [ app_begin ] --END-- [ RunTime:0.001620s ]

[ 2017-09-16T18:53:34+08:00 ] ::1 /yzzh/ytsoft.php?s=/Home/Virtuality/goodscatelist
INFO: [ app_begin ] --START--
INFO: Run Behavior\ReadHtmlCacheBehavior [ RunTime:0.000577s ]
INFO: Run Behavior\CheckLangBehavior [ RunTime:0.000995s ]
INFO: [ app_begin ] --END-- [ RunTime:0.001666s ]

[ 2017-09-16T18:53:37+08:00 ] ::1 /yzzh/ytsoft.php?s=/Home/Virtuality/check
INFO: [ app_begin ] --START--
INFO: Run Behavior\ReadHtmlCacheBehavior [ RunTime:0.000534s ]
INFO: Run Behavior\CheckLangBehavior [ RunTime:0.001038s ]
INFO: [ app_begin ] --END-- [ RunTime:0.001669s ]

[ 2017-09-16T18:53:51+08:00 ] ::1 /yzzh/ytsoft.php?s=/Home/Virtuality/goodscatelist
INFO: [ app_begin ] --START--
INFO: Run Behavior\ReadHtmlCacheBehavior [ RunTime:0.000588s ]
INFO: Run Behavior\CheckLangBehavior [ RunTime:0.000986s ]
INFO: [ app_begin ] --END-- [ RunTime:0.001662s ]

[ 2017-09-16T18:53:54+08:00 ] ::1 /yzzh/ytsoft.php?s=/Home/Virtuality/check
INFO: [ app_begin ] --START--
INFO: Run Behavior\ReadHtmlCacheBehavior [ RunTime:0.000576s ]
INFO: Run Behavior\CheckLangBehavior [ RunTime:0.000921s ]
INFO: [ app_begin ] --END-- [ RunTime:0.001587s ]

[ 2017-09-16T18:53:56+08:00 ] ::1 /yzzh/ytsoft.php?s=/Home/Virtuality/upload
ERR: è°ƒè¯•çš„$_FILESï¼š{"files":{"name":["man.obj"],"type":["application\/octet-stream"],"tmp_name":["D:\\wamp64\\tmp\\php79E1.tmp"],"error":[0],"size":[668569]}}
[ 2017-09-16T18:53:56+08:00 ] ::1 /yzzh/ytsoft.php?s=/Home/Virtuality/upload
INFO: [ app_begin ] --START--
INFO: Run Behavior\ReadHtmlCacheBehavior [ RunTime:0.000545s ]
INFO: Run Behavior\CheckLangBehavior [ RunTime:0.001007s ]
INFO: [ app_begin ] --END-- [ RunTime:0.001639s ]
NOTIC: [2] call_user_func() expects parameter 1 to be a valid callback, no array or string given D:\wamp64\www\yzzh\ThinkPHP\Library\Think\Upload.class.php ç¬¬ 175 è¡Œ.

[ 2017-09-16T18:53:59+08:00 ] ::1 /yzzh/ytsoft.php?s=/Home/Virtuality/check
INFO: [ app_begin ] --START--
INFO: Run Behavior\ReadHtmlCacheBehavior [ RunTime:0.000594s ]
INFO: Run Behavior\CheckLangBehavior [ RunTime:0.001100s ]
INFO: [ app_begin ] --END-- [ RunTime:0.001804s ]

[ 2017-09-16T18:54:14+08:00 ] ::1 /yzzh/ytsoft.php?s=/Home/Virtuality/upload
ERR: è°ƒè¯•çš„$_FILESï¼š{"files":{"name":["man.mtl"],"type":["application\/octet-stream"],"tmp_name":["D:\\wamp64\\tmp\\phpC1C8.tmp"],"error":[0],"size":[965]}}
[ 2017-09-16T18:54:14+08:00 ] ::1 /yzzh/ytsoft.php?s=/Home/Virtuality/upload
INFO: [ app_begin ] --START--
INFO: Run Behavior\ReadHtmlCacheBehavior [ RunTime:0.000499s ]
INFO: Run Behavior\CheckLangBehavior [ RunTime:0.000960s ]
INFO: [ app_begin ] --END-- [ RunTime:0.001572s ]
NOTIC: [2] call_user_func() expects parameter 1 to be a valid callback, no array or string given D:\wamp64\www\yzzh\ThinkPHP\Library\Think\Upload.class.php ç¬¬ 175 è¡Œ.

[ 2017-09-16T18:54:16+08:00 ] ::1 /yzzh/ytsoft.php?s=/Home/Virtuality/mtlinfo
INFO: [ app_begin ] --START--
INFO: Run Behavior\ReadHtmlCacheBehavior [ RunTime:0.000548s ]
INFO: Run Behavior\CheckLangBehavior [ RunTime:0.000978s ]
INFO: [ app_begin ] --END-- [ RunTime:0.001615s ]

[ 2017-09-16T19:15:24+08:00 ] ::1 /yzzh/ytsoft.php?s=/Home/Virtuality/goodscatelist
INFO: [ app_begin ] --START--
INFO: Run Behavior\ReadHtmlCacheBehavior [ RunTime:0.000635s ]
INFO: Run Behavior\CheckLangBehavior [ RunTime:0.001130s ]
INFO: [ app_begin ] --END-- [ RunTime:0.001852s ]

[ 2017-09-16T23:31:41+08:00 ] ::1 /yzzh/ytsoft.php?s=/Home/Virtuality/goodscatelist
INFO: [ app_begin ] --START--
INFO: Run Behavior\ReadHtmlCacheBehavior [ RunTime:0.000637s ]
INFO: Run Behavior\CheckLangBehavior [ RunTime:0.001758s ]
INFO: [ app_begin ] --END-- [ RunTime:0.002497s ]

[ 2017-09-16T23:32:49+08:00 ] ::1 /yzzh/ytsoft.php?s=/Home/Virtuality/goodscatelist
INFO: [ app_begin ] --START--
INFO: Run Behavior\ReadHtmlCacheBehavior [ RunTime:0.000629s ]
INFO: Run Behavior\CheckLangBehavior [ RunTime:0.002102s ]
INFO: [ app_begin ] --END-- [ RunTime:0.002843s ]

[ 2017-09-16T23:37:22+08:00 ] ::1 /yzzh/ytsoft.php?s=/Home/Virtuality/goodscatelist
INFO: [ app_begin ] --START--
INFO: Run Behavior\ReadHtmlCacheBehavior [ RunTime:0.000519s ]
INFO: Run Behavior\CheckLangBehavior [ RunTime:0.001018s ]
INFO: [ app_begin ] --END-- [ RunTime:0.001629s ]

[ 2017-09-16T23:37:45+08:00 ] ::1 /yzzh/ytsoft.php?s=/Home/Virtuality/goodscatelist
INFO: [ app_begin ] --START--
INFO: Run Behavior\ReadHtmlCacheBehavior [ RunTime:0.000750s ]
INFO: Run Behavior\CheckLangBehavior [ RunTime:0.001155s ]
INFO: [ app_begin ] --END-- [ RunTime:0.002106s ]

[ 2017-09-16T23:40:49+08:00 ] ::1 /yzzh/ytsoft.php?s=/Home/Virtuality/goodscatelist
INFO: [ app_begin ] --START--
INFO: Run Behavior\ReadHtmlCacheBehavior [ RunTime:0.000498s ]
INFO: Run Behavior\CheckLangBehavior [ RunTime:0.001036s ]
INFO: [ app_begin ] --END-- [ RunTime:0.001660s ]

[ 2017-09-16T23:46:19+08:00 ] ::1 /yzzh/ytsoft.php?s=/Home/Virtuality/goodscatelist
INFO: [ app_begin ] --START--
INFO: Run Behavior\ReadHtmlCacheBehavior [ RunTime:0.000692s ]
INFO: Run Behavior\CheckLangBehavior [ RunTime:0.001600s ]
INFO: [ app_begin ] --END-- [ RunTime:0.002485s ]

[ 2017-09-16T23:46:55+08:00 ] ::1 /yzzh/ytsoft.php?s=/Home/Virtuality/goodscatelist
INFO: [ app_begin ] --START--
INFO: Run Behavior\ReadHtmlCacheBehavior [ RunTime:0.000563s ]
INFO: Run Behavior\CheckLangBehavior [ RunTime:0.001032s ]
INFO: [ app_begin ] --END-- [ RunTime:0.001712s ]

[ 2017-09-16T23:47:07+08:00 ] ::1 /yzzh/ytsoft.php?s=/Home/Virtuality/goodscatelist
INFO: [ app_begin ] --START--
INFO: Run Behavior\ReadHtmlCacheBehavior [ RunTime:0.000563s ]
INFO: Run Behavior\CheckLangBehavior [ RunTime:0.001034s ]
INFO: [ app_begin ] --END-- [ RunTime:0.001697s ]

[ 2017-09-16T23:47:16+08:00 ] ::1 /yzzh/ytsoft.php?s=/Home/Virtuality/check
INFO: [ app_begin ] --START--
INFO: Run Behavior\ReadHtmlCacheBehavior [ RunTime:0.000646s ]
INFO: Run Behavior\CheckLangBehavior [ RunTime:0.001243s ]
INFO: [ app_begin ] --END-- [ RunTime:0.001997s ]

[ 2017-09-16T23:51:23+08:00 ] ::1 /yzzh/ytsoft.php?s=/Home/Virtuality/goodscatelist
INFO: [ app_begin ] --START--
INFO: Run Behavior\ReadHtmlCacheBehavior [ RunTime:0.000474s ]
INFO: Run Behavior\CheckLangBehavior [ RunTime:0.000908s ]
INFO: [ app_begin ] --END-- [ RunTime:0.001473s ]

[ 2017-09-16T23:52:11+08:00 ] ::1 /yzzh/ytsoft.php?s=/Home/Virtuality/goodscatelist
INFO: [ app_begin ] --START--
INFO: Run Behavior\ReadHtmlCacheBehavior [ RunTime:0.000662s ]
INFO: Run Behavior\CheckLangBehavior [ RunTime:0.001458s ]
INFO: [ app_begin ] --END-- [ RunTime:0.002237s ]

[ 2017-09-16T23:53:17+08:00 ] ::1 /yzzh/ytsoft.php?s=/Home/Virtuality/goodscatelist
INFO: [ app_begin ] --START--
INFO: Run Behavior\ReadHtmlCacheBehavior [ RunTime:0.000537s ]
INFO: Run Behavior\CheckLangBehavior [ RunTime:0.000980s ]
INFO: [ app_begin ] --END-- [ RunTime:0.001608s ]

[ 2017-09-16T23:55:40+08:00 ] ::1 /yzzh/ytsoft.php?s=/Home/Virtuality/goodscatelist
INFO: [ app_begin ] --START--
INFO: Run Behavior\ReadHtmlCacheBehavior [ RunTime:0.000635s ]
INFO: Run Behavior\CheckLangBehavior [ RunTime:0.001068s ]
INFO: [ app_begin ] --END-- [ RunTime:0.001795s ]

[ 2017-09-16T23:55:58+08:00 ] ::1 /yzzh/ytsoft.php?s=/Home/Virtuality/goodscatelist
INFO: [ app_begin ] --START--
INFO: Run Behavior\ReadHtmlCacheBehavior [ RunTime:0.000586s ]
INFO: Run Behavior\CheckLangBehavior [ RunTime:0.000972s ]
INFO: [ app_begin ] --END-- [ RunTime:0.001652s ]

